05/09/2019 09:04:17- SIMPLES -Abrindo conexão. Banco: C:\Program Files (x86)\CaseMaker\BASE\pckdb.db3
05/09/2019 09:04:17- SIMPLES -Problem on the sentence. Sentence: SELECT 1 FROM LOGG. Erro: SQL logic error
no such table: LOGG
05/09/2019 09:04:17- SIMPLES ---------------------------------------Iniciando sistema
05/09/2019 09:04:17- SIMPLES -Problem on the sentence. Sentence: SELECT 1 FROM MAKSTATUS. Erro: SQL logic error
no such table: MAKSTATUS
05/09/2019 09:04:17- SIMPLES -Problem on the sentence. Sentence: SELECT 1 FROM MAKSTATUS. Erro: SQL logic error
no such table: MAKSTATUS
05/09/2019 09:04:17- SIMPLES -Problem on the sentence. Sentence: SELECT 1 FROM LDXED. Erro: SQL logic error
no such table: LDXED
05/09/2019 09:04:17- SIMPLES -Problem on the sentence. Sentence: SELECT 1 FROM LDXED. Erro: SQL logic error
no such table: LDXED
05/09/2019 09:04:17- SIMPLES -Erro no execute: INSERT INTO LDXED (tab,field,type,size,prec,flags) VALUES ('MAKSTATUS', 'CODIGOSTAT','I',15,0,0). Erro: SQL logic error
table LDXED has no column named flags
05/09/2019 09:04:17- SIMPLES -Erro no execute: INSERT INTO LDXED (tab,field,type,size,prec,flags) VALUES ('MAKSTATUS', 'NOMESTAT','C',50,0,0). Erro: SQL logic error
table LDXED has no column named flags
05/09/2019 09:04:17- SIMPLES -Erro no execute: INSERT INTO LDXED (tab,field,type,size,prec,flags) VALUES ('MAKSTATUS', 'ERRO','C',1,0,0). Erro: SQL logic error
table LDXED has no column named flags
05/09/2019 09:04:17- SIMPLES -Problem on the sentence. Sentence: SELECT 1 FROM MAKDOCUMENTS. Erro: SQL logic error
no such table: MAKDOCUMENTS
05/09/2019 09:04:17- SIMPLES -Problem on the sentence. Sentence: SELECT 1 FROM MAKDOCUMENTS. Erro: SQL logic error
no such table: MAKDOCUMENTS
05/09/2019 09:04:17- SIMPLES -Erro no execute: INSERT INTO LDXED (tab,field,type,size,prec,flags) VALUES ('MAKDOCUMENTS', 'CODIGOPROJ','I',15,0,0). Erro: SQL logic error
table LDXED has no column named flags
05/09/2019 09:04:17- SIMPLES -Erro no execute: INSERT INTO LDXED (tab,field,type,size,prec,flags) VALUES ('MAKDOCUMENTS', 'NOMEPROJ','C',50,0,0). Erro: SQL logic error
table LDXED has no column named flags
05/09/2019 09:04:17- SIMPLES -Erro no execute: INSERT INTO LDXED (tab,field,type,size,prec,flags) VALUES ('MAKDOCUMENTS', 'DESCRICAOPROJ','C',5000,0,0). Erro: SQL logic error
table LDXED has no column named flags
05/09/2019 09:04:17- SIMPLES -Erro no execute: INSERT INTO LDXED (tab,field,type,size,prec,flags) VALUES ('MAKDOCUMENTS', 'DATA_CRIACAO','I',0,0,0). Erro: SQL logic error
table LDXED has no column named flags
05/09/2019 09:04:17- SIMPLES -Erro no execute: INSERT INTO LDXED (tab,field,type,size,prec,flags) VALUES ('MAKDOCUMENTS', 'TAREFA','I',0,0,0). Erro: SQL logic error
table LDXED has no column named flags
05/09/2019 09:04:17- SIMPLES -Erro no execute: INSERT INTO LDXED (tab,field,type,size,prec,flags) VALUES ('MAKDOCUMENTS', 'DIR_RRM','C',300,0,0). Erro: SQL logic error
table LDXED has no column named flags
05/09/2019 09:04:17- SIMPLES -Erro no execute: INSERT INTO LDXED (tab,field,type,size,prec,flags) VALUES ('MAKDOCUMENTS', 'NOME_PROGRAMADOR','C',100,0,0). Erro: SQL logic error
table LDXED has no column named flags
05/09/2019 09:04:17- SIMPLES -Erro no execute: INSERT INTO LDXED (tab,field,type,size,prec,flags) VALUES ('MAKDOCUMENTS', 'NOME_ANALISTA','C',100,0,0). Erro: SQL logic error
table LDXED has no column named flags
05/09/2019 09:04:17- SIMPLES -Erro no execute: INSERT INTO LDXED (tab,field,type,size,prec,flags) VALUES ('MAKDOCUMENTS', 'NOME_TESTER','C',100,0,0). Erro: SQL logic error
table LDXED has no column named flags
05/09/2019 09:04:17- SIMPLES -Erro no execute: INSERT INTO LDXED (tab,field,type,size,prec,flags) VALUES ('MAKDOCUMENTS', 'TIPOPROJ','C',1,0,0). Erro: SQL logic error
table LDXED has no column named flags
05/09/2019 09:04:17- SIMPLES -Erro no execute: INSERT INTO LDXED (tab,field,type,size,prec,flags) VALUES ('MAKDOCUMENTS', 'VERSAOSYSTEM','C',100,0,0). Erro: SQL logic error
table LDXED has no column named flags
05/09/2019 09:04:17- SIMPLES -Erro no execute: INSERT INTO LDXED (tab,field,type,size,prec,flags) VALUES ('MAKDOCUMENTS', 'PRODUTO','C',1,0,0). Erro: SQL logic error
table LDXED has no column named flags
05/09/2019 09:04:17- SIMPLES -Problem on the sentence. Sentence: SELECT 1 FROM MAKESTIMATIVAS. Erro: SQL logic error
no such table: MAKESTIMATIVAS
05/09/2019 09:04:17- SIMPLES -Problem on the sentence. Sentence: SELECT 1 FROM MAKESTIMATIVAS. Erro: SQL logic error
no such table: MAKESTIMATIVAS
05/09/2019 09:04:17- SIMPLES -Erro no execute: INSERT INTO LDXED (tab,field,type,size,prec,flags) VALUES ('MAKESTIMATIVAS', 'CODIGOEST','I',15,0,0). Erro: SQL logic error
table LDXED has no column named flags
05/09/2019 09:04:17- SIMPLES -Erro no execute: INSERT INTO LDXED (tab,field,type,size,prec,flags) VALUES ('MAKESTIMATIVAS', 'TAREFA','I',15,0,0). Erro: SQL logic error
table LDXED has no column named flags
05/09/2019 09:04:17- SIMPLES -Erro no execute: INSERT INTO LDXED (tab,field,type,size,prec,flags) VALUES ('MAKESTIMATIVAS', 'TMLEITURA','C',8,0,0). Erro: SQL logic error
table LDXED has no column named flags
05/09/2019 09:04:17- SIMPLES -Erro no execute: INSERT INTO LDXED (tab,field,type,size,prec,flags) VALUES ('MAKESTIMATIVAS', 'TMPRBANCO','C',8,0,0). Erro: SQL logic error
table LDXED has no column named flags
05/09/2019 09:04:17- SIMPLES -Erro no execute: INSERT INTO LDXED (tab,field,type,size,prec,flags) VALUES ('MAKESTIMATIVAS', 'TMROTEIRO','C',8,0,0). Erro: SQL logic error
table LDXED has no column named flags
05/09/2019 09:04:17- SIMPLES -Erro no execute: INSERT INTO LDXED (tab,field,type,size,prec,flags) VALUES ('MAKESTIMATIVAS', 'TMINSTALAR','C',8,0,0). Erro: SQL logic error
table LDXED has no column named flags
05/09/2019 09:04:17- SIMPLES -Erro no execute: INSERT INTO LDXED (tab,field,type,size,prec,flags) VALUES ('MAKESTIMATIVAS', 'TMBANCO','C',8,0,0). Erro: SQL logic error
table LDXED has no column named flags
05/09/2019 09:04:17- SIMPLES -Erro no execute: INSERT INTO LDXED (tab,field,type,size,prec,flags) VALUES ('MAKESTIMATIVAS', 'TMCARGA','C',8,0,0). Erro: SQL logic error
table LDXED has no column named flags
05/09/2019 09:04:17- SIMPLES -Erro no execute: INSERT INTO LDXED (tab,field,type,size,prec,flags) VALUES ('MAKESTIMATIVAS', 'TMIMPEXP','C',8,0,0). Erro: SQL logic error
table LDXED has no column named flags
05/09/2019 09:04:17- SIMPLES -Erro no execute: INSERT INTO LDXED (tab,field,type,size,prec,flags) VALUES ('MAKESTIMATIVAS', 'TMSSUSTATION','C',8,0,0). Erro: SQL logic error
table LDXED has no column named flags
05/09/2019 09:04:17- SIMPLES -Erro no execute: INSERT INTO LDXED (tab,field,type,size,prec,flags) VALUES ('MAKESTIMATIVAS', 'TMSSILDXPROC','C',8,0,0). Erro: SQL logic error
table LDXED has no column named flags
05/09/2019 09:04:17- SIMPLES -Erro no execute: INSERT INTO LDXED (tab,field,type,size,prec,flags) VALUES ('MAKESTIMATIVAS', 'TMSSIMW','C',8,0,0). Erro: SQL logic error
table LDXED has no column named flags
05/09/2019 09:04:17- SIMPLES -Erro no execute: INSERT INTO LDXED (tab,field,type,size,prec,flags) VALUES ('MAKESTIMATIVAS', 'TMSSMAND','C',8,0,0). Erro: SQL logic error
table LDXED has no column named flags
05/09/2019 09:04:17- SIMPLES -Erro no execute: INSERT INTO LDXED (tab,field,type,size,prec,flags) VALUES ('MAKESTIMATIVAS', 'TMSSMWIN','C',8,0,0). Erro: SQL logic error
table LDXED has no column named flags
05/09/2019 09:04:17- SIMPLES -Erro no execute: INSERT INTO LDXED (tab,field,type,size,prec,flags) VALUES ('MAKESTIMATIVAS', 'TMIMPACTOS','C',8,0,0). Erro: SQL logic error
table LDXED has no column named flags
05/09/2019 09:04:17- SIMPLES -Problem on the sentence. Sentence: SELECT 1 FROM MAKCENARIOS. Erro: SQL logic error
no such table: MAKCENARIOS
05/09/2019 09:04:17- SIMPLES -Problem on the sentence. Sentence: SELECT 1 FROM MAKCENARIOS. Erro: SQL logic error
no such table: MAKCENARIOS
05/09/2019 09:04:17- SIMPLES -Erro no execute: INSERT INTO LDXED (tab,field,type,size,prec,flags) VALUES ('MAKCENARIOS', 'CODIGOCEN','I',15,0,0). Erro: SQL logic error
table LDXED has no column named flags
05/09/2019 09:04:17- SIMPLES -Erro no execute: INSERT INTO LDXED (tab,field,type,size,prec,flags) VALUES ('MAKCENARIOS', 'TAREFA','I',15,0,0). Erro: SQL logic error
table LDXED has no column named flags
05/09/2019 09:04:17- SIMPLES -Erro no execute: INSERT INTO LDXED (tab,field,type,size,prec,flags) VALUES ('MAKCENARIOS', 'REPARO','C',1,0,0). Erro: SQL logic error
table LDXED has no column named flags
05/09/2019 09:04:17- SIMPLES -Erro no execute: INSERT INTO LDXED (tab,field,type,size,prec,flags) VALUES ('MAKCENARIOS', 'NUTAREFA','I',15,0,0). Erro: SQL logic error
table LDXED has no column named flags
05/09/2019 09:04:17- SIMPLES -Erro no execute: INSERT INTO LDXED (tab,field,type,size,prec,flags) VALUES ('MAKCENARIOS', 'VERSAOSGBD','C',25,0,0). Erro: SQL logic error
table LDXED has no column named flags
05/09/2019 09:04:17- SIMPLES -Erro no execute: INSERT INTO LDXED (tab,field,type,size,prec,flags) VALUES ('MAKCENARIOS', 'TIPOBANCO','C',1,0,0). Erro: SQL logic error
table LDXED has no column named flags
05/09/2019 09:04:17- SIMPLES -Erro no execute: INSERT INTO LDXED (tab,field,type,size,prec,flags) VALUES ('MAKCENARIOS', 'BANCOUTIL','C',50,0,0). Erro: SQL logic error
table LDXED has no column named flags
05/09/2019 09:04:17- SIMPLES -Erro no execute: INSERT INTO LDXED (tab,field,type,size,prec,flags) VALUES ('MAKCENARIOS', 'ENTRADA','C',3000,0,0). Erro: SQL logic error
table LDXED has no column named flags
05/09/2019 09:04:17- SIMPLES -Erro no execute: INSERT INTO LDXED (tab,field,type,size,prec,flags) VALUES ('MAKCENARIOS', 'SAIDA','C',3000,0,0). Erro: SQL logic error
table LDXED has no column named flags
05/09/2019 09:04:17- SIMPLES -Erro no execute: INSERT INTO LDXED (tab,field,type,size,prec,flags) VALUES ('MAKCENARIOS', 'PASSOS','C',3000,0,0). Erro: SQL logic error
table LDXED has no column named flags
05/09/2019 09:04:17- SIMPLES -Erro no execute: INSERT INTO LDXED (tab,field,type,size,prec,flags) VALUES ('MAKCENARIOS', 'CODIGOSTAT','C',1,0,0). Erro: SQL logic error
table LDXED has no column named flags
05/09/2019 09:04:17- SIMPLES -Erro no execute: INSERT INTO LDXED (tab,field,type,size,prec,flags) VALUES ('MAKCENARIOS', 'DATA_CRIACAO','I',15,0,0). Erro: SQL logic error
table LDXED has no column named flags
05/09/2019 09:04:17- SIMPLES -Erro no execute: INSERT INTO LDXED (tab,field,type,size,prec,flags) VALUES ('MAKCENARIOS', 'SISTEMA','I',15,0,0). Erro: SQL logic error
table LDXED has no column named flags
05/09/2019 09:04:17- SIMPLES -Problem on the sentence. Sentence: SELECT 1 FROM MAKANEXOS. Erro: SQL logic error
no such table: MAKANEXOS
05/09/2019 09:04:17- SIMPLES -Problem on the sentence. Sentence: SELECT 1 FROM MAKANEXOS. Erro: SQL logic error
no such table: MAKANEXOS
05/09/2019 09:04:17- SIMPLES -Erro no execute: INSERT INTO LDXED (tab,field,type,size,prec,flags) VALUES ('MAKANEXOS', 'CODIGOANEXO','I',15,0,0). Erro: SQL logic error
table LDXED has no column named flags
05/09/2019 09:04:17- SIMPLES -Erro no execute: INSERT INTO LDXED (tab,field,type,size,prec,flags) VALUES ('MAKANEXOS', 'CODIGOCEN','I',15,0,0). Erro: SQL logic error
table LDXED has no column named flags
05/09/2019 09:04:17- SIMPLES -Erro no execute: INSERT INTO LDXED (tab,field,type,size,prec,flags) VALUES ('MAKANEXOS', 'TAREFA','I',15,0,0). Erro: SQL logic error
table LDXED has no column named flags
05/09/2019 09:04:17- SIMPLES -Erro no execute: INSERT INTO LDXED (tab,field,type,size,prec,flags) VALUES ('MAKANEXOS', 'NOMEFILE','C',50,0,0). Erro: SQL logic error
table LDXED has no column named flags
05/09/2019 09:04:17- SIMPLES -Erro no execute: INSERT INTO LDXED (tab,field,type,size,prec,flags) VALUES ('MAKANEXOS', 'DESCRICAOANEX','C',50,0,0). Erro: SQL logic error
table LDXED has no column named flags
05/09/2019 09:04:29- DETALHADO -FO_Agurade.FO_Agurade()
05/09/2019 09:04:29- SIMPLES -Abrindo conexão. Banco: C:\Program Files (x86)\CaseMaker\Backup\BASE\pckdb.db3
05/09/2019 09:04:29- DETALHADO -MD_Project.MD_Project()
05/09/2019 09:04:29- DETALHADO -MD_Project.MD_Project(codigo)
05/09/2019 09:04:29- DETALHADO -MD_Project.Load()
05/09/2019 09:04:29- DETALHADO -MD_Estimativa.MD_Estimativa()
05/09/2019 09:04:29- DETALHADO -MD_Estimativa.MD_Estimativa()
05/09/2019 09:04:29- DETALHADO -MD_Estimativa.Load()
05/09/2019 09:04:29- DETALHADO -MD_Status.MD_Status()
05/09/2019 09:04:29- DETALHADO -MD_Status.InserirPrincipais()
05/09/2019 09:04:29- DETALHADO -MD_Status.MD_Status()
05/09/2019 09:04:29- DETALHADO -MD_Status.Load()
05/09/2019 09:04:29- DETALHADO -MD_Estimativa.MD_Estimativa()
05/09/2019 09:04:29- DETALHADO -MD_Cenario.MD_Cenario()
05/09/2019 09:04:29- DETALHADO -MD_Cenario.Load()
05/09/2019 09:04:29- DETALHADO -MD_Anexos.MD_Anexos()
05/09/2019 09:04:29- DETALHADO -MD_Anexos.MD_Anexos(int codigo, MD_Cenario cenario)
05/09/2019 09:04:29- DETALHADO -MD_Anexos.Load()
05/09/2019 09:04:29- DETALHADO -MD_Project.MD_Project()
05/09/2019 09:04:29- DETALHADO -MD_Project.MD_Project(codigo)
05/09/2019 09:04:29- DETALHADO -MD_Project.Load()
05/09/2019 09:04:29- DETALHADO -MD_Project.MD_Project()
05/09/2019 09:04:29- DETALHADO -MD_Project.MD_Project(codigo)
05/09/2019 09:04:29- DETALHADO -MD_Project.Load()
05/09/2019 09:04:29- DETALHADO -MD_Project.MD_Project()
05/09/2019 09:04:29- DETALHADO -MD_Project.MD_Project(codigo)
05/09/2019 09:04:29- DETALHADO -MD_Project.Load()
05/09/2019 09:04:29- DETALHADO -MD_Estimativa.MD_Estimativa()
05/09/2019 09:04:29- DETALHADO -MD_Estimativa.MD_Estimativa()
05/09/2019 09:04:29- DETALHADO -MD_Estimativa.Load()
05/09/2019 09:04:29- DETALHADO -MD_Project.MD_Project()
05/09/2019 09:04:29- DETALHADO -MD_Project.MD_Project(codigo)
05/09/2019 09:04:29- DETALHADO -MD_Project.Load()
05/09/2019 09:04:29- DETALHADO -MD_Estimativa.MD_Estimativa()
05/09/2019 09:04:29- DETALHADO -MD_Estimativa.MD_Estimativa()
05/09/2019 09:04:29- DETALHADO -MD_Estimativa.Load()
05/09/2019 09:04:29- DETALHADO -MD_Project.MD_Project()
05/09/2019 09:04:29- DETALHADO -MD_Project.MD_Project(codigo)
05/09/2019 09:04:29- DETALHADO -MD_Project.Load()
05/09/2019 09:04:29- DETALHADO -MD_Estimativa.MD_Estimativa()
05/09/2019 09:04:29- DETALHADO -MD_Estimativa.MD_Estimativa()
05/09/2019 09:04:29- DETALHADO -MD_Estimativa.Load()
05/09/2019 09:04:29- DETALHADO -MD_Status.MD_Status()
05/09/2019 09:04:29- DETALHADO -MD_Status.InserirPrincipais()
05/09/2019 09:04:29- DETALHADO -MD_Status.MD_Status()
05/09/2019 09:04:29- DETALHADO -MD_Status.Load()
05/09/2019 09:04:29- DETALHADO -MD_Status.MD_Status()
05/09/2019 09:04:29- DETALHADO -MD_Status.InserirPrincipais()
05/09/2019 09:04:29- DETALHADO -MD_Status.MD_Status()
05/09/2019 09:04:29- DETALHADO -MD_Status.Load()
05/09/2019 09:04:29- DETALHADO -MD_Project.MD_Project()
05/09/2019 09:04:29- DETALHADO -MD_Project.MD_Project(codigo)
05/09/2019 09:04:29- DETALHADO -MD_Project.Load()
05/09/2019 09:04:29- DETALHADO -MD_Estimativa.MD_Estimativa()
05/09/2019 09:04:29- DETALHADO -MD_Cenario.MD_Cenario()
05/09/2019 09:04:29- DETALHADO -MD_Cenario.Load()
05/09/2019 09:04:29- DETALHADO -MD_Status.MD_Status()
05/09/2019 09:04:29- DETALHADO -MD_Status.InserirPrincipais()
05/09/2019 09:04:29- DETALHADO -MD_Status.MD_Status()
05/09/2019 09:04:29- DETALHADO -MD_Status.Load()
05/09/2019 09:04:29- DETALHADO -MD_Project.MD_Project()
05/09/2019 09:04:29- DETALHADO -MD_Project.MD_Project(codigo)
05/09/2019 09:04:29- DETALHADO -MD_Project.Load()
05/09/2019 09:04:29- DETALHADO -MD_Estimativa.MD_Estimativa()
05/09/2019 09:04:29- DETALHADO -MD_Cenario.MD_Cenario()
05/09/2019 09:04:29- DETALHADO -MD_Cenario.Load()
05/09/2019 09:04:29- DETALHADO -MD_Status.MD_Status()
05/09/2019 09:04:29- DETALHADO -MD_Status.InserirPrincipais()
05/09/2019 09:04:29- DETALHADO -MD_Status.MD_Status()
05/09/2019 09:04:29- DETALHADO -MD_Status.Load()
05/09/2019 09:04:29- DETALHADO -MD_Project.MD_Project()
05/09/2019 09:04:29- DETALHADO -MD_Project.MD_Project(codigo)
05/09/2019 09:04:29- DETALHADO -MD_Project.Load()
05/09/2019 09:04:29- DETALHADO -MD_Estimativa.MD_Estimativa()
05/09/2019 09:04:29- DETALHADO -MD_Cenario.MD_Cenario()
05/09/2019 09:04:29- DETALHADO -MD_Cenario.Load()
05/09/2019 09:04:29- DETALHADO -MD_Status.MD_Status()
05/09/2019 09:04:29- DETALHADO -MD_Status.InserirPrincipais()
05/09/2019 09:04:29- DETALHADO -MD_Status.MD_Status()
05/09/2019 09:04:29- DETALHADO -MD_Status.Load()
05/09/2019 09:04:29- DETALHADO -MD_Anexos.MD_Anexos()
05/09/2019 09:04:29- DETALHADO -MD_Anexos.MD_Anexos(int codigo, MD_Cenario cenario)
05/09/2019 09:04:29- DETALHADO -MD_Anexos.Load()
05/09/2019 09:04:29- SIMPLES -Abrindo conexão. Banco: C:\Program Files (x86)\CaseMaker\BASE\pckdb.db3
05/09/2019 09:04:29- DETALHADO -MD_Project.Load()
05/09/2019 09:04:29- DETALHADO -MD_Project.Insert()
05/09/2019 09:04:59- SIMPLES -Erro no execute: INSERT INTO MAKDOCUMENTS (CODIGOPROJ, NOMEPROJ, DESCRICAOPROJ, DATA_CRIACAO, TAREFA, DIR_RRM, NOME_PROGRAMADOR, NOME_ANALISTA, NOME_TESTER, TIPOPROJ, VERSAOSYSTEM, PRODUTO) VALUES (0, 'Atualização SDK - Android', '*]Que a API que miraremos elimine a msg de alerta que vem aparecendo no Android 9 (cabe teste).
[*]Estruturar um plano de ações para mudar a API na virada de 2019 para 2020, informando em julho deste ano aos clientes que a partir de jan/20 novas versões de nossos produtos só serão compatível com o Android 7 ou superior (caso realmente foquemos a API de nível 24).
[*]No momento oportuno, envolver a Gabriella para formatar o comunicado que emitiremos para os clientes.
[*]A partir do comunicado que faremos para os clientes, ajustar           o comunicado para notificar o KOndominium para que eles           avaliem com o comitê técnico deles se vão querer seguir a mesma estratégia que seguiremos para nossos produtos para os produtos deles.
[*]Jéssica alocará alguém para desdobrar as ações técnicas e entender o que precisa ser feito para efetuar a migração da API.
[*]No comunicado que faremos, deixaremos claro que os clientes não são obrigados a atualizar para versões com a nova API. Só serão obrigados a fazê-lo se desejarem alguma novidade ou correção contida em alguma versão liberada após a data de referência. Se preferirem ficar em versões antigas para privilegiar equipamentos antigos, eles poderão fazê-lo sem qualquer restrição (tal qual é hoje).', 1566604800 , 7050, 'D:\tester_documents\tester_documents\CaseMaker\bin\Debug\Files\Projects\7050\RRM\Relatório de Análise da Atualização de API Android_0.pdf', 'Rodrigo Machado', 'Walthony', 'Mariana Fiori', '0', '05,45,00', '0'). Erro: database is locked
database is locked
05/09/2019 09:05:45- DETALHADO -FO_Principal.CarregaTreeView()
05/09/2019 09:05:45- DETALHADO -MD_Project.MD_Project()
05/09/2019 09:05:45- DETALHADO -MD_Project.MD_Project(codigo)
05/09/2019 09:05:45- DETALHADO -MD_Project.Load()
05/09/2019 09:05:45- DETALHADO -MD_Project.RetornaTodosProjetos()
05/09/2019 09:05:49- DETALHADO -FO_Agurade.FO_Agurade()
05/09/2019 09:05:49- SIMPLES -Abrindo conexão. Banco: C:\Program Files (x86)\CaseMaker\Backup\BASE\pckdb.db3
05/09/2019 09:05:49- DETALHADO -MD_Project.MD_Project()
05/09/2019 09:05:49- DETALHADO -MD_Project.MD_Project(codigo)
05/09/2019 09:05:49- DETALHADO -MD_Project.Load()
05/09/2019 09:05:49- DETALHADO -MD_Estimativa.MD_Estimativa()
05/09/2019 09:05:49- DETALHADO -MD_Estimativa.MD_Estimativa()
05/09/2019 09:05:49- DETALHADO -MD_Estimativa.Load()
05/09/2019 09:05:49- DETALHADO -MD_Status.MD_Status()
05/09/2019 09:05:49- DETALHADO -MD_Status.InserirPrincipais()
05/09/2019 09:05:49- DETALHADO -MD_Status.MD_Status()
05/09/2019 09:05:49- DETALHADO -MD_Status.Load()
05/09/2019 09:05:49- DETALHADO -MD_Estimativa.MD_Estimativa()
05/09/2019 09:05:49- DETALHADO -MD_Cenario.MD_Cenario()
05/09/2019 09:05:49- DETALHADO -MD_Cenario.Load()
05/09/2019 09:05:49- DETALHADO -MD_Anexos.MD_Anexos()
05/09/2019 09:05:49- DETALHADO -MD_Anexos.MD_Anexos(int codigo, MD_Cenario cenario)
05/09/2019 09:05:49- DETALHADO -MD_Anexos.Load()
05/09/2019 09:05:49- DETALHADO -MD_Project.MD_Project()
05/09/2019 09:05:49- DETALHADO -MD_Project.MD_Project(codigo)
05/09/2019 09:05:49- DETALHADO -MD_Project.Load()
05/09/2019 09:05:49- DETALHADO -MD_Project.MD_Project()
05/09/2019 09:05:49- DETALHADO -MD_Project.MD_Project(codigo)
05/09/2019 09:05:49- DETALHADO -MD_Project.Load()
05/09/2019 09:05:49- DETALHADO -MD_Project.MD_Project()
05/09/2019 09:05:49- DETALHADO -MD_Project.MD_Project(codigo)
05/09/2019 09:05:49- DETALHADO -MD_Project.Load()
05/09/2019 09:05:49- DETALHADO -MD_Estimativa.MD_Estimativa()
05/09/2019 09:05:49- DETALHADO -MD_Estimativa.MD_Estimativa()
05/09/2019 09:05:49- DETALHADO -MD_Estimativa.Load()
05/09/2019 09:05:49- DETALHADO -MD_Project.MD_Project()
05/09/2019 09:05:49- DETALHADO -MD_Project.MD_Project(codigo)
05/09/2019 09:05:49- DETALHADO -MD_Project.Load()
05/09/2019 09:05:49- DETALHADO -MD_Estimativa.MD_Estimativa()
05/09/2019 09:05:49- DETALHADO -MD_Estimativa.MD_Estimativa()
05/09/2019 09:05:49- DETALHADO -MD_Estimativa.Load()
05/09/2019 09:05:49- DETALHADO -MD_Project.MD_Project()
05/09/2019 09:05:49- DETALHADO -MD_Project.MD_Project(codigo)
05/09/2019 09:05:49- DETALHADO -MD_Project.Load()
05/09/2019 09:05:49- DETALHADO -MD_Estimativa.MD_Estimativa()
05/09/2019 09:05:49- DETALHADO -MD_Estimativa.MD_Estimativa()
05/09/2019 09:05:49- DETALHADO -MD_Estimativa.Load()
05/09/2019 09:05:49- DETALHADO -MD_Status.MD_Status()
05/09/2019 09:05:49- DETALHADO -MD_Status.InserirPrincipais()
05/09/2019 09:05:49- DETALHADO -MD_Status.MD_Status()
05/09/2019 09:05:49- DETALHADO -MD_Status.Load()
05/09/2019 09:05:49- DETALHADO -MD_Status.MD_Status()
05/09/2019 09:05:49- DETALHADO -MD_Status.InserirPrincipais()
05/09/2019 09:05:49- DETALHADO -MD_Status.MD_Status()
05/09/2019 09:05:49- DETALHADO -MD_Status.Load()
05/09/2019 09:05:49- DETALHADO -MD_Project.MD_Project()
05/09/2019 09:05:49- DETALHADO -MD_Project.MD_Project(codigo)
05/09/2019 09:05:49- DETALHADO -MD_Project.Load()
05/09/2019 09:05:49- DETALHADO -MD_Estimativa.MD_Estimativa()
05/09/2019 09:05:49- DETALHADO -MD_Cenario.MD_Cenario()
05/09/2019 09:05:49- DETALHADO -MD_Cenario.Load()
05/09/2019 09:05:49- DETALHADO -MD_Status.MD_Status()
05/09/2019 09:05:49- DETALHADO -MD_Status.InserirPrincipais()
05/09/2019 09:05:49- DETALHADO -MD_Status.MD_Status()
05/09/2019 09:05:49- DETALHADO -MD_Status.Load()
05/09/2019 09:05:49- DETALHADO -MD_Project.MD_Project()
05/09/2019 09:05:49- DETALHADO -MD_Project.MD_Project(codigo)
05/09/2019 09:05:49- DETALHADO -MD_Project.Load()
05/09/2019 09:05:49- DETALHADO -MD_Estimativa.MD_Estimativa()
05/09/2019 09:05:49- DETALHADO -MD_Cenario.MD_Cenario()
05/09/2019 09:05:49- DETALHADO -MD_Cenario.Load()
05/09/2019 09:05:49- DETALHADO -MD_Status.MD_Status()
05/09/2019 09:05:49- DETALHADO -MD_Status.InserirPrincipais()
05/09/2019 09:05:49- DETALHADO -MD_Status.MD_Status()
05/09/2019 09:05:49- DETALHADO -MD_Status.Load()
05/09/2019 09:05:49- DETALHADO -MD_Project.MD_Project()
05/09/2019 09:05:49- DETALHADO -MD_Project.MD_Project(codigo)
05/09/2019 09:05:49- DETALHADO -MD_Project.Load()
05/09/2019 09:05:49- DETALHADO -MD_Estimativa.MD_Estimativa()
05/09/2019 09:05:49- DETALHADO -MD_Cenario.MD_Cenario()
05/09/2019 09:05:49- DETALHADO -MD_Cenario.Load()
05/09/2019 09:05:49- DETALHADO -MD_Status.MD_Status()
05/09/2019 09:05:49- DETALHADO -MD_Status.InserirPrincipais()
05/09/2019 09:05:49- DETALHADO -MD_Status.MD_Status()
05/09/2019 09:05:49- DETALHADO -MD_Status.Load()
05/09/2019 09:05:49- DETALHADO -MD_Anexos.MD_Anexos()
05/09/2019 09:05:49- DETALHADO -MD_Anexos.MD_Anexos(int codigo, MD_Cenario cenario)
05/09/2019 09:05:49- DETALHADO -MD_Anexos.Load()
05/09/2019 09:05:49- SIMPLES -Abrindo conexão. Banco: C:\Program Files (x86)\CaseMaker\BASE\pckdb.db3
05/09/2019 09:05:49- DETALHADO -MD_Project.Load()
05/09/2019 09:05:49- DETALHADO -MD_Project.Insert()
05/09/2019 09:05:49- SIMPLES -Problem on the sentence. Sentence: SELECT 1 FROM CODIGOS_TABLE. Erro: SQL logic error
no such table: CODIGOS_TABLE
05/09/2019 09:05:49- DETALHADO -MD_Estimativa.MD_Estimativa()
05/09/2019 09:05:49- DETALHADO -MD_Estimativa.MD_Estimativa()
05/09/2019 09:05:49- DETALHADO -MD_Estimativa.Load()
05/09/2019 09:05:49- DETALHADO -MD_Estimativa.Insert()
05/09/2019 09:05:49- SIMPLES -Não foi possível localizar uma parte do caminho 'C:\Program Files (x86)\CaseMaker\Backup\Files\Projects\7050\PRINTS'.
05/09/2019 09:05:50- DETALHADO -FO_Principal.CarregaTreeView()
05/09/2019 09:05:50- DETALHADO -MD_Project.MD_Project()
05/09/2019 09:05:50- DETALHADO -MD_Project.MD_Project(codigo)
05/09/2019 09:05:50- DETALHADO -MD_Project.Load()
05/09/2019 09:05:50- DETALHADO -MD_Project.RetornaTodosProjetos()
05/09/2019 09:05:50- DETALHADO -MD_Project.MD_Project()
05/09/2019 09:05:50- DETALHADO -MD_Project.MD_Project(codigo)
05/09/2019 09:05:50- DETALHADO -MD_Project.Load()
05/09/2019 09:05:50- SIMPLES -Problem on the sentence. Sentence: select 1 as TEST from TESTE. Erro: SQL logic error
no such table: TESTE
05/09/2019 09:05:50- DETALHADO -FO_Principal.AdicionarEstimativas()
05/09/2019 09:05:50- DETALHADO -MD_Project.GetEstimativa()
05/09/2019 09:05:50- DETALHADO -MD_Estimativa.MD_Estimativa()
05/09/2019 09:05:50- DETALHADO -MD_Estimativa.MD_Estimativa()
05/09/2019 09:05:50- DETALHADO -MD_Estimativa.Load()
05/09/2019 09:05:50- DETALHADO -Document.CalculaTempoTotalEstimativa()
05/09/2019 09:05:50- DETALHADO -FO_Principal.AdicionaCenarios()
05/09/2019 09:05:50- DETALHADO -MD_Estimativa.MD_Estimativa()
05/09/2019 09:05:50- DETALHADO -MD_Cenario.MD_Cenario()
05/09/2019 09:05:50- DETALHADO -MD_Cenario.Load()
05/09/2019 09:05:50- DETALHADO -MD_Cenario.RetornaTodosCenarios()
05/09/2019 09:07:19- DETALHADO -FO_Agurade.FO_Agurade()
05/09/2019 09:07:19- SIMPLES -O processo não pode acessar o arquivo 'pckdb.db3' porque ele está sendo usado por outro processo.
05/09/2019 09:07:20- DETALHADO -FO_Principal.CarregaTreeView()
05/09/2019 09:07:20- DETALHADO -MD_Project.MD_Project()
05/09/2019 09:07:20- DETALHADO -MD_Project.MD_Project(codigo)
05/09/2019 09:07:20- DETALHADO -MD_Project.Load()
05/09/2019 09:07:20- DETALHADO -MD_Project.RetornaTodosProjetos()
05/09/2019 09:07:20- DETALHADO -MD_Project.MD_Project()
05/09/2019 09:07:20- DETALHADO -MD_Project.MD_Project(codigo)
05/09/2019 09:07:20- DETALHADO -MD_Project.Load()
05/09/2019 09:07:20- DETALHADO -FO_Principal.AdicionarEstimativas()
05/09/2019 09:07:20- DETALHADO -MD_Project.GetEstimativa()
05/09/2019 09:07:20- DETALHADO -MD_Estimativa.MD_Estimativa()
05/09/2019 09:07:20- DETALHADO -MD_Estimativa.MD_Estimativa()
05/09/2019 09:07:20- DETALHADO -MD_Estimativa.Load()
05/09/2019 09:07:20- DETALHADO -Document.CalculaTempoTotalEstimativa()
05/09/2019 09:07:20- DETALHADO -FO_Principal.AdicionaCenarios()
05/09/2019 09:07:20- DETALHADO -MD_Estimativa.MD_Estimativa()
05/09/2019 09:07:20- DETALHADO -MD_Cenario.MD_Cenario()
05/09/2019 09:07:20- DETALHADO -MD_Cenario.Load()
05/09/2019 09:07:20- DETALHADO -MD_Cenario.RetornaTodosCenarios()
05/09/2019 09:07:30- SIMPLES ---------------------------------------Finalizando sistema
05/09/2019 09:07:43- SIMPLES -Abrindo conexão. Banco: C:\Program Files (x86)\CaseMaker\BASE\pckdb.db3
05/09/2019 09:07:43- SIMPLES ---------------------------------------Iniciando sistema
05/09/2019 09:07:43- DETALHADO -MD_Status.MD_Status()
05/09/2019 09:07:43- DETALHADO -MD_Status.InserirPrincipais()
05/09/2019 09:07:43- DETALHADO -MD_Status.MD_Status()
05/09/2019 09:07:43- DETALHADO -MD_Status.Load()
05/09/2019 09:07:43- DETALHADO -MD_Project.MD_Project()
05/09/2019 09:07:43- DETALHADO -MD_Project.MD_Project(codigo)
05/09/2019 09:07:43- DETALHADO -MD_Project.Load()
05/09/2019 09:07:43- DETALHADO -MD_Estimativa.MD_Estimativa()
05/09/2019 09:07:43- DETALHADO -MD_Estimativa.MD_Estimativa()
05/09/2019 09:07:43- DETALHADO -MD_Estimativa.Load()
05/09/2019 09:07:43- DETALHADO -MD_Estimativa.MD_Estimativa()
05/09/2019 09:07:43- DETALHADO -MD_Cenario.MD_Cenario()
05/09/2019 09:07:43- DETALHADO -MD_Cenario.Load()
05/09/2019 09:07:43- DETALHADO -MD_Anexos.MD_Anexos()
05/09/2019 09:07:43- DETALHADO -MD_Anexos.MD_Anexos(int codigo, MD_Cenario cenario)
05/09/2019 09:07:43- DETALHADO -MD_Anexos.Load()
05/09/2019 09:07:43- DETALHADO -MD_Status.InserirPrincipais()
05/09/2019 09:07:43- DETALHADO -FO_Principal.FO_Principal()
05/09/2019 09:07:43- DETALHADO -FO_Principal.IniciaForm()
05/09/2019 09:07:43- DETALHADO -FO_Principal.CarregaTreeView()
05/09/2019 09:07:43- DETALHADO -MD_Project.MD_Project()
05/09/2019 09:07:43- DETALHADO -MD_Project.MD_Project(codigo)
05/09/2019 09:07:43- DETALHADO -MD_Project.Load()
05/09/2019 09:07:43- DETALHADO -MD_Project.RetornaTodosProjetos()
05/09/2019 09:07:43- DETALHADO -MD_Project.MD_Project()
05/09/2019 09:07:43- DETALHADO -MD_Project.MD_Project(codigo)
05/09/2019 09:07:43- DETALHADO -MD_Project.Load()
05/09/2019 09:07:43- DETALHADO -FO_Principal.AdicionarEstimativas()
05/09/2019 09:07:43- DETALHADO -MD_Project.GetEstimativa()
05/09/2019 09:07:43- DETALHADO -MD_Estimativa.MD_Estimativa()
05/09/2019 09:07:43- DETALHADO -MD_Estimativa.MD_Estimativa()
05/09/2019 09:07:43- DETALHADO -MD_Estimativa.Load()
05/09/2019 09:07:43- DETALHADO -Document.CalculaTempoTotalEstimativa()
05/09/2019 09:07:43- DETALHADO -FO_Principal.AdicionaCenarios()
05/09/2019 09:07:43- DETALHADO -MD_Estimativa.MD_Estimativa()
05/09/2019 09:07:43- DETALHADO -MD_Cenario.MD_Cenario()
05/09/2019 09:07:43- DETALHADO -MD_Cenario.Load()
05/09/2019 09:07:43- DETALHADO -MD_Cenario.RetornaTodosCenarios()
05/09/2019 09:07:50- DETALHADO -FO_Agurade.FO_Agurade()
05/09/2019 09:07:50- SIMPLES -Abrindo conexão. Banco: C:\Program Files (x86)\CaseMaker\Backup\BASE\pckdb.db3
05/09/2019 09:07:50- DETALHADO -MD_Project.MD_Project()
05/09/2019 09:07:50- DETALHADO -MD_Project.MD_Project(codigo)
05/09/2019 09:07:50- DETALHADO -MD_Project.Load()
05/09/2019 09:07:50- DETALHADO -MD_Estimativa.MD_Estimativa()
05/09/2019 09:07:50- DETALHADO -MD_Estimativa.MD_Estimativa()
05/09/2019 09:07:50- DETALHADO -MD_Estimativa.Load()
05/09/2019 09:07:50- DETALHADO -MD_Status.MD_Status()
05/09/2019 09:07:50- DETALHADO -MD_Status.InserirPrincipais()
05/09/2019 09:07:50- DETALHADO -MD_Status.MD_Status()
05/09/2019 09:07:50- DETALHADO -MD_Status.Load()
05/09/2019 09:07:50- DETALHADO -MD_Estimativa.MD_Estimativa()
05/09/2019 09:07:50- DETALHADO -MD_Cenario.MD_Cenario()
05/09/2019 09:07:50- DETALHADO -MD_Cenario.Load()
05/09/2019 09:07:50- DETALHADO -MD_Anexos.MD_Anexos()
05/09/2019 09:07:50- DETALHADO -MD_Anexos.MD_Anexos(int codigo, MD_Cenario cenario)
05/09/2019 09:07:50- DETALHADO -MD_Anexos.Load()
05/09/2019 09:07:50- DETALHADO -MD_Project.MD_Project()
05/09/2019 09:07:50- DETALHADO -MD_Project.MD_Project(codigo)
05/09/2019 09:07:50- DETALHADO -MD_Project.Load()
05/09/2019 09:07:50- DETALHADO -MD_Project.MD_Project()
05/09/2019 09:07:50- DETALHADO -MD_Project.MD_Project(codigo)
05/09/2019 09:07:50- DETALHADO -MD_Project.Load()
05/09/2019 09:07:50- DETALHADO -MD_Project.MD_Project()
05/09/2019 09:07:50- DETALHADO -MD_Project.MD_Project(codigo)
05/09/2019 09:07:50- DETALHADO -MD_Project.Load()
05/09/2019 09:07:50- DETALHADO -MD_Estimativa.MD_Estimativa()
05/09/2019 09:07:50- DETALHADO -MD_Estimativa.MD_Estimativa()
05/09/2019 09:07:50- DETALHADO -MD_Estimativa.Load()
05/09/2019 09:07:50- DETALHADO -MD_Project.MD_Project()
05/09/2019 09:07:50- DETALHADO -MD_Project.MD_Project(codigo)
05/09/2019 09:07:50- DETALHADO -MD_Project.Load()
05/09/2019 09:07:50- DETALHADO -MD_Estimativa.MD_Estimativa()
05/09/2019 09:07:50- DETALHADO -MD_Estimativa.MD_Estimativa()
05/09/2019 09:07:50- DETALHADO -MD_Estimativa.Load()
05/09/2019 09:07:50- DETALHADO -MD_Project.MD_Project()
05/09/2019 09:07:50- DETALHADO -MD_Project.MD_Project(codigo)
05/09/2019 09:07:50- DETALHADO -MD_Project.Load()
05/09/2019 09:07:50- DETALHADO -MD_Estimativa.MD_Estimativa()
05/09/2019 09:07:50- DETALHADO -MD_Estimativa.MD_Estimativa()
05/09/2019 09:07:50- DETALHADO -MD_Estimativa.Load()
05/09/2019 09:07:50- DETALHADO -MD_Status.MD_Status()
05/09/2019 09:07:50- DETALHADO -MD_Status.InserirPrincipais()
05/09/2019 09:07:50- DETALHADO -MD_Status.MD_Status()
05/09/2019 09:07:50- DETALHADO -MD_Status.Load()
05/09/2019 09:07:50- DETALHADO -MD_Status.MD_Status()
05/09/2019 09:07:50- DETALHADO -MD_Status.InserirPrincipais()
05/09/2019 09:07:50- DETALHADO -MD_Status.MD_Status()
05/09/2019 09:07:50- DETALHADO -MD_Status.Load()
05/09/2019 09:07:50- DETALHADO -MD_Project.MD_Project()
05/09/2019 09:07:50- DETALHADO -MD_Project.MD_Project(codigo)
05/09/2019 09:07:50- DETALHADO -MD_Project.Load()
05/09/2019 09:07:50- DETALHADO -MD_Estimativa.MD_Estimativa()
05/09/2019 09:07:50- DETALHADO -MD_Cenario.MD_Cenario()
05/09/2019 09:07:50- DETALHADO -MD_Cenario.Load()
05/09/2019 09:07:50- DETALHADO -MD_Status.MD_Status()
05/09/2019 09:07:50- DETALHADO -MD_Status.InserirPrincipais()
05/09/2019 09:07:50- DETALHADO -MD_Status.MD_Status()
05/09/2019 09:07:50- DETALHADO -MD_Status.Load()
05/09/2019 09:07:50- DETALHADO -MD_Project.MD_Project()
05/09/2019 09:07:50- DETALHADO -MD_Project.MD_Project(codigo)
05/09/2019 09:07:50- DETALHADO -MD_Project.Load()
05/09/2019 09:07:50- DETALHADO -MD_Estimativa.MD_Estimativa()
05/09/2019 09:07:50- DETALHADO -MD_Cenario.MD_Cenario()
05/09/2019 09:07:50- DETALHADO -MD_Cenario.Load()
05/09/2019 09:07:50- DETALHADO -MD_Status.MD_Status()
05/09/2019 09:07:50- DETALHADO -MD_Status.InserirPrincipais()
05/09/2019 09:07:50- DETALHADO -MD_Status.MD_Status()
05/09/2019 09:07:50- DETALHADO -MD_Status.Load()
05/09/2019 09:07:50- DETALHADO -MD_Project.MD_Project()
05/09/2019 09:07:50- DETALHADO -MD_Project.MD_Project(codigo)
05/09/2019 09:07:50- DETALHADO -MD_Project.Load()
05/09/2019 09:07:50- DETALHADO -MD_Estimativa.MD_Estimativa()
05/09/2019 09:07:50- DETALHADO -MD_Cenario.MD_Cenario()
05/09/2019 09:07:50- DETALHADO -MD_Cenario.Load()
05/09/2019 09:07:50- DETALHADO -MD_Status.MD_Status()
05/09/2019 09:07:50- DETALHADO -MD_Status.InserirPrincipais()
05/09/2019 09:07:50- DETALHADO -MD_Status.MD_Status()
05/09/2019 09:07:50- DETALHADO -MD_Status.Load()
05/09/2019 09:07:50- DETALHADO -MD_Anexos.MD_Anexos()
05/09/2019 09:07:50- DETALHADO -MD_Anexos.MD_Anexos(int codigo, MD_Cenario cenario)
05/09/2019 09:07:50- DETALHADO -MD_Anexos.Load()
05/09/2019 09:07:50- SIMPLES -Abrindo conexão. Banco: C:\Program Files (x86)\CaseMaker\BASE\pckdb.db3
05/09/2019 09:07:50- DETALHADO -MD_Project.Load()
05/09/2019 09:07:50- DETALHADO -MD_Project.Load()
05/09/2019 09:07:50- DETALHADO -MD_Project.Insert()
05/09/2019 09:08:20- SIMPLES -Erro no execute: INSERT INTO MAKDOCUMENTS (CODIGOPROJ, NOMEPROJ, DESCRICAOPROJ, DATA_CRIACAO, TAREFA, DIR_RRM, NOME_PROGRAMADOR, NOME_ANALISTA, NOME_TESTER, TIPOPROJ, VERSAOSYSTEM, PRODUTO) VALUES (1, 'SELEÇÃO DE ORDEM DE COMPRA NA INCLUSÃO DO ITEM', 'Definição da mudança
No Landix SFV é possível inserir, no cabeçalho do pedido, o “Número do pedido”. Esta informação diz respeito à Ordem de compra utilizado para controle interno do cliente do pedido. Atualmente um pedido pode ter apenas um “Número de pedido”(Ordem de compra) e caso o cliente exija mais de uma “Ordem de compra”, é necessário que o vendedor faça vários pedidos para o mesmo cliente de acordo com a quantidade de ordens de compra solicitadas e assim, o vendedor não consegue utilizar de forma eficiente o saldo flex, visto que, nos outros pedidos é possível usar apenas o saldo flex do cliente e não o saldo gerado no pedido (Saldo Flex por pedido e acumulativo); Além disso, com a nova regra de validação do Peso mínimo por tipo de veículo”, especificada no RRM 5370, o sistema fará validação do peso por pedido e o vendedor deverá incluir o máximo de peso possível em um único veículo. O objetivo desta mudança é que o vendedor possa incluir em um mesmo cabeçalho vários “Números de pedido”(Ordem de compra) e assim informar o número do pedido na inclusão do item. Com a mudança, após selecionar o cliente do pedido os seguintes passos deverão ser executados para inserir o “Números de pedido”(Ordem de compra) no item:
1. O vendedor deverá acionar o botão (+), na tela “Cabeçalho do pedido” para inserir ordens de compra para o pedido.
2. O vendedor deverá preencher os demais dados do cabeçalho do pedido e confirmar a abertura do pedido;
3. O sistema exibirá todos os produtos disponíveis para negociação, conforme regras de negócio parametrizadas;
4. O vendedor seleciona o(os) item(ns) para negociação e informa no combo Nro do pedido qual a ordem daquele produto.
5. O vendedor insere todos os itens que deseja e fecha o pedido.', 1566950400 , 7582, 'C:\Program Files (x86)\CaseMaker\Files\Projects\7582\RRM\70787_SN_SFV_ordemCompraItem_C_v2_1.pdf', 'Luan, Nícolas e Tamara', 'Walthony', 'Mariane e Rodrigo', '0', '05,40,00', '0'). Erro: database is locked
database is locked
05/09/2019 09:08:22- DETALHADO -FO_Principal.CarregaTreeView()
05/09/2019 09:08:22- DETALHADO -MD_Project.MD_Project()
05/09/2019 09:08:22- DETALHADO -MD_Project.MD_Project(codigo)
05/09/2019 09:08:22- DETALHADO -MD_Project.Load()
05/09/2019 09:08:22- DETALHADO -MD_Project.RetornaTodosProjetos()
05/09/2019 09:08:22- DETALHADO -MD_Project.MD_Project()
05/09/2019 09:08:22- DETALHADO -MD_Project.MD_Project(codigo)
05/09/2019 09:08:22- DETALHADO -MD_Project.Load()
05/09/2019 09:08:22- DETALHADO -FO_Principal.AdicionarEstimativas()
05/09/2019 09:08:22- DETALHADO -MD_Project.GetEstimativa()
05/09/2019 09:08:22- DETALHADO -MD_Estimativa.MD_Estimativa()
05/09/2019 09:08:22- DETALHADO -MD_Estimativa.MD_Estimativa()
05/09/2019 09:08:22- DETALHADO -MD_Estimativa.Load()
05/09/2019 09:08:22- DETALHADO -Document.CalculaTempoTotalEstimativa()
05/09/2019 09:08:22- DETALHADO -FO_Principal.AdicionaCenarios()
05/09/2019 09:08:22- DETALHADO -MD_Estimativa.MD_Estimativa()
05/09/2019 09:08:22- DETALHADO -MD_Cenario.MD_Cenario()
05/09/2019 09:08:22- DETALHADO -MD_Cenario.Load()
05/09/2019 09:08:22- DETALHADO -MD_Cenario.RetornaTodosCenarios()
05/09/2019 10:12:06- DETALHADO -FO_Principal.trv_projetos_AfterSelect()
05/09/2019 10:12:06- DETALHADO -FO_Principal.AbrePagina()
05/09/2019 10:21:01- SIMPLES ---------------------------------------Finalizando sistema
