11/09/2019 08:02:51- SIMPLES -Abrindo conexão. Banco: C:\Program Files (x86)\CaseMaker\BASE\pckdb.db3
11/09/2019 08:02:51- SIMPLES ---------------------------------------Iniciando sistema
11/09/2019 08:02:51- DETALHADO -MD_Status.MD_Status()
11/09/2019 08:02:51- DETALHADO -MD_Status.InserirPrincipais()
11/09/2019 08:02:51- DETALHADO -MD_Status.MD_Status()
11/09/2019 08:02:51- DETALHADO -MD_Status.Load()
11/09/2019 08:02:51- DETALHADO -MD_Project.MD_Project()
11/09/2019 08:02:51- DETALHADO -MD_Project.MD_Project(codigo)
11/09/2019 08:02:51- DETALHADO -MD_Project.Load()
11/09/2019 08:02:51- DETALHADO -MD_Estimativa.MD_Estimativa()
11/09/2019 08:02:51- DETALHADO -MD_Estimativa.MD_Estimativa()
11/09/2019 08:02:51- DETALHADO -MD_Estimativa.Load()
11/09/2019 08:02:51- DETALHADO -MD_Estimativa.MD_Estimativa()
11/09/2019 08:02:51- DETALHADO -MD_Cenario.MD_Cenario()
11/09/2019 08:02:51- DETALHADO -MD_Cenario.Load()
11/09/2019 08:02:51- DETALHADO -MD_Anexos.MD_Anexos()
11/09/2019 08:02:51- DETALHADO -MD_Anexos.MD_Anexos(int codigo, MD_Cenario cenario)
11/09/2019 08:02:51- DETALHADO -MD_Anexos.Load()
11/09/2019 08:02:51- DETALHADO -MD_Status.InserirPrincipais()
11/09/2019 08:02:51- DETALHADO -FO_Principal.FO_Principal()
11/09/2019 08:02:51- DETALHADO -FO_Principal.IniciaForm()
11/09/2019 08:02:51- DETALHADO -FO_Principal.CarregaTreeView()
11/09/2019 08:02:51- DETALHADO -MD_Project.MD_Project()
11/09/2019 08:02:51- DETALHADO -MD_Project.MD_Project(codigo)
11/09/2019 08:02:51- DETALHADO -MD_Project.Load()
11/09/2019 08:02:51- DETALHADO -MD_Project.RetornaTodosProjetos()
11/09/2019 08:02:51- DETALHADO -MD_Project.MD_Project()
11/09/2019 08:02:51- DETALHADO -MD_Project.MD_Project(codigo)
11/09/2019 08:02:51- DETALHADO -MD_Project.Load()
11/09/2019 08:02:51- DETALHADO -FO_Principal.AdicionarEstimativas()
11/09/2019 08:02:51- DETALHADO -MD_Project.GetEstimativa()
11/09/2019 08:02:51- DETALHADO -MD_Estimativa.MD_Estimativa()
11/09/2019 08:02:51- DETALHADO -MD_Estimativa.MD_Estimativa()
11/09/2019 08:02:51- DETALHADO -MD_Estimativa.Load()
11/09/2019 08:02:51- DETALHADO -Document.CalculaTempoTotalEstimativa()
11/09/2019 08:02:51- DETALHADO -FO_Principal.AdicionaCenarios()
11/09/2019 08:02:51- DETALHADO -MD_Estimativa.MD_Estimativa()
11/09/2019 08:02:51- DETALHADO -MD_Cenario.MD_Cenario()
11/09/2019 08:02:51- DETALHADO -MD_Cenario.Load()
11/09/2019 08:02:51- DETALHADO -MD_Cenario.RetornaTodosCenarios()
11/09/2019 08:02:54- DETALHADO -FO_Principal.trv_projetos_AfterSelect()
11/09/2019 08:02:54- DETALHADO -FO_Principal.AbrePagina()
11/09/2019 08:02:54- DETALHADO -MD_Project.MD_Project()
11/09/2019 08:02:54- DETALHADO -MD_Project.MD_Project(codigo)
11/09/2019 08:02:54- DETALHADO -MD_Project.Load()
11/09/2019 08:02:54- DETALHADO -MD_Estimativa.MD_Estimativa()
11/09/2019 08:02:54- DETALHADO -MD_Estimativa.MD_Estimativa()
11/09/2019 08:02:54- DETALHADO -MD_Estimativa.Load()
11/09/2019 08:02:54- DETALHADO -UC_CadastroEstimativa.UC_CadastroEstimativa()
11/09/2019 08:02:54- DETALHADO -UC_CadastroEstimativa.IniciaUserControl()
11/09/2019 08:02:54- DETALHADO -UC_CadastroEstimativa.PopulaLabels()
11/09/2019 08:02:54- DETALHADO -Document.CalculaTempoTotalEstimativa()
11/09/2019 08:02:54- DETALHADO -UC_CadastroEstimativa.CarregaCampos()
11/09/2019 08:02:54- DETALHADO -FO_Principal.AbreJanela()
11/09/2019 08:02:56- DETALHADO -FO_Principal.trv_projetos_AfterSelect()
11/09/2019 08:02:56- DETALHADO -FO_Principal.AbrePagina()
11/09/2019 08:03:02- DETALHADO -FO_Principal.trv_projetos_AfterSelect()
11/09/2019 08:03:02- DETALHADO -FO_Principal.AbrePagina()
11/09/2019 08:03:02- DETALHADO -FO_Principal.AbrirJanelaDeCadastro()
11/09/2019 08:03:02- DETALHADO -UC_CadastroEstimativa.UC_CadastroProjeto()
11/09/2019 08:03:02- DETALHADO -MD_Project.MD_Project()
11/09/2019 08:03:02- DETALHADO -MD_Project.MD_Project(codigo)
11/09/2019 08:03:02- DETALHADO -MD_Project.Load()
11/09/2019 08:03:02- DETALHADO -UC_CadastroEstimativa.IniciaUserControl()
11/09/2019 08:03:02- DETALHADO -UC_CadastroEstimativa.CarregaLabels()
11/09/2019 08:03:02- DETALHADO -UC_CadastroEstimativa.SetaEnableEntradas()
11/09/2019 08:03:02- DETALHADO -UC_CadastroEstimativa.CarregaBotoes()
11/09/2019 08:03:02- DETALHADO -FO_Principal.AbreJanela()
11/09/2019 08:03:03- DETALHADO -UC_CadastroEstimativa.btn_cancelar_Click()
11/09/2019 08:03:03- DETALHADO -MD_Project.Delete()
11/09/2019 08:03:04- DETALHADO -MD_Project.MD_Project()
11/09/2019 08:03:04- DETALHADO -MD_Project.MD_Project(codigo)
11/09/2019 08:03:04- DETALHADO -MD_Project.Load()
11/09/2019 08:03:04- DETALHADO -UC_CadastroEstimativa.FechaTela()
11/09/2019 08:03:04- DETALHADO -FO_Principal.FecharTela()
11/09/2019 08:03:11- DETALHADO -FO_Agurade.FO_Agurade()
11/09/2019 08:03:11- SIMPLES -Abrindo conexão. Banco: C:\Program Files (x86)\CaseMaker\Backup\BASE\pckdb.db3
11/09/2019 08:03:11- DETALHADO -MD_Project.MD_Project()
11/09/2019 08:03:11- DETALHADO -MD_Project.MD_Project(codigo)
11/09/2019 08:03:11- DETALHADO -MD_Project.Load()
11/09/2019 08:03:11- DETALHADO -MD_Estimativa.MD_Estimativa()
11/09/2019 08:03:11- DETALHADO -MD_Estimativa.MD_Estimativa()
11/09/2019 08:03:11- DETALHADO -MD_Estimativa.Load()
11/09/2019 08:03:11- DETALHADO -MD_Status.MD_Status()
11/09/2019 08:03:11- DETALHADO -MD_Status.InserirPrincipais()
11/09/2019 08:03:11- DETALHADO -MD_Status.MD_Status()
11/09/2019 08:03:11- DETALHADO -MD_Status.Load()
11/09/2019 08:03:11- DETALHADO -MD_Estimativa.MD_Estimativa()
11/09/2019 08:03:11- DETALHADO -MD_Cenario.MD_Cenario()
11/09/2019 08:03:11- DETALHADO -MD_Cenario.Load()
11/09/2019 08:03:11- DETALHADO -MD_Anexos.MD_Anexos()
11/09/2019 08:03:11- DETALHADO -MD_Anexos.MD_Anexos(int codigo, MD_Cenario cenario)
11/09/2019 08:03:11- DETALHADO -MD_Anexos.Load()
11/09/2019 08:03:11- DETALHADO -MD_Project.MD_Project()
11/09/2019 08:03:11- DETALHADO -MD_Project.MD_Project(codigo)
11/09/2019 08:03:11- DETALHADO -MD_Project.Load()
11/09/2019 08:03:11- DETALHADO -MD_Project.MD_Project()
11/09/2019 08:03:11- DETALHADO -MD_Project.MD_Project(codigo)
11/09/2019 08:03:11- DETALHADO -MD_Project.Load()
11/09/2019 08:03:11- DETALHADO -MD_Project.MD_Project()
11/09/2019 08:03:11- DETALHADO -MD_Project.MD_Project(codigo)
11/09/2019 08:03:11- DETALHADO -MD_Project.Load()
11/09/2019 08:03:11- DETALHADO -MD_Estimativa.MD_Estimativa()
11/09/2019 08:03:11- DETALHADO -MD_Estimativa.MD_Estimativa()
11/09/2019 08:03:11- DETALHADO -MD_Estimativa.Load()
11/09/2019 08:03:11- DETALHADO -MD_Project.MD_Project()
11/09/2019 08:03:11- DETALHADO -MD_Project.MD_Project(codigo)
11/09/2019 08:03:11- DETALHADO -MD_Project.Load()
11/09/2019 08:03:11- DETALHADO -MD_Estimativa.MD_Estimativa()
11/09/2019 08:03:11- DETALHADO -MD_Estimativa.MD_Estimativa()
11/09/2019 08:03:11- DETALHADO -MD_Estimativa.Load()
11/09/2019 08:03:11- DETALHADO -MD_Project.MD_Project()
11/09/2019 08:03:11- DETALHADO -MD_Project.MD_Project(codigo)
11/09/2019 08:03:11- DETALHADO -MD_Project.Load()
11/09/2019 08:03:11- DETALHADO -MD_Estimativa.MD_Estimativa()
11/09/2019 08:03:11- DETALHADO -MD_Estimativa.MD_Estimativa()
11/09/2019 08:03:11- DETALHADO -MD_Estimativa.Load()
11/09/2019 08:03:11- DETALHADO -MD_Status.MD_Status()
11/09/2019 08:03:11- DETALHADO -MD_Status.InserirPrincipais()
11/09/2019 08:03:11- DETALHADO -MD_Status.MD_Status()
11/09/2019 08:03:11- DETALHADO -MD_Status.Load()
11/09/2019 08:03:11- DETALHADO -MD_Status.MD_Status()
11/09/2019 08:03:11- DETALHADO -MD_Status.InserirPrincipais()
11/09/2019 08:03:11- DETALHADO -MD_Status.MD_Status()
11/09/2019 08:03:11- DETALHADO -MD_Status.Load()
11/09/2019 08:03:11- DETALHADO -MD_Project.MD_Project()
11/09/2019 08:03:11- DETALHADO -MD_Project.MD_Project(codigo)
11/09/2019 08:03:11- DETALHADO -MD_Project.Load()
11/09/2019 08:03:11- DETALHADO -MD_Estimativa.MD_Estimativa()
11/09/2019 08:03:11- DETALHADO -MD_Cenario.MD_Cenario()
11/09/2019 08:03:11- DETALHADO -MD_Cenario.Load()
11/09/2019 08:03:11- DETALHADO -MD_Status.MD_Status()
11/09/2019 08:03:11- DETALHADO -MD_Status.InserirPrincipais()
11/09/2019 08:03:11- DETALHADO -MD_Status.MD_Status()
11/09/2019 08:03:11- DETALHADO -MD_Status.Load()
11/09/2019 08:03:11- DETALHADO -MD_Project.MD_Project()
11/09/2019 08:03:11- DETALHADO -MD_Project.MD_Project(codigo)
11/09/2019 08:03:11- DETALHADO -MD_Project.Load()
11/09/2019 08:03:11- DETALHADO -MD_Estimativa.MD_Estimativa()
11/09/2019 08:03:11- DETALHADO -MD_Cenario.MD_Cenario()
11/09/2019 08:03:11- DETALHADO -MD_Cenario.Load()
11/09/2019 08:03:11- DETALHADO -MD_Status.MD_Status()
11/09/2019 08:03:11- DETALHADO -MD_Status.InserirPrincipais()
11/09/2019 08:03:11- DETALHADO -MD_Status.MD_Status()
11/09/2019 08:03:11- DETALHADO -MD_Status.Load()
11/09/2019 08:03:11- DETALHADO -MD_Project.MD_Project()
11/09/2019 08:03:11- DETALHADO -MD_Project.MD_Project(codigo)
11/09/2019 08:03:11- DETALHADO -MD_Project.Load()
11/09/2019 08:03:11- DETALHADO -MD_Estimativa.MD_Estimativa()
11/09/2019 08:03:11- DETALHADO -MD_Cenario.MD_Cenario()
11/09/2019 08:03:11- DETALHADO -MD_Cenario.Load()
11/09/2019 08:03:11- DETALHADO -MD_Status.MD_Status()
11/09/2019 08:03:11- DETALHADO -MD_Status.InserirPrincipais()
11/09/2019 08:03:11- DETALHADO -MD_Status.MD_Status()
11/09/2019 08:03:11- DETALHADO -MD_Status.Load()
11/09/2019 08:03:11- DETALHADO -MD_Anexos.MD_Anexos()
11/09/2019 08:03:11- DETALHADO -MD_Anexos.MD_Anexos(int codigo, MD_Cenario cenario)
11/09/2019 08:03:11- DETALHADO -MD_Anexos.Load()
11/09/2019 08:03:11- SIMPLES -Abrindo conexão. Banco: C:\Program Files (x86)\CaseMaker\BASE\pckdb.db3
11/09/2019 08:03:11- DETALHADO -MD_Project.Load()
11/09/2019 08:03:11- DETALHADO -MD_Project.Insert()
11/09/2019 08:03:42- SIMPLES -Erro no execute: INSERT INTO MAKDOCUMENTS (CODIGOPROJ, NOMEPROJ, DESCRICAOPROJ, DATA_CRIACAO, TAREFA, DIR_RRM, NOME_PROGRAMADOR, NOME_ANALISTA, NOME_TESTER, TIPOPROJ, VERSAOSYSTEM, PRODUTO) VALUES (0, 'Atualização SDK - Android', '*]Que a API que miraremos elimine a msg de alerta que vem aparecendo no Android 9 (cabe teste).
[*]Estruturar um plano de ações para mudar a API na virada de 2019 para 2020, informando em julho deste ano aos clientes que a partir de jan/20 novas versões de nossos produtos só serão compatível com o Android 7 ou superior (caso realmente foquemos a API de nível 24).
[*]No momento oportuno, envolver a Gabriella para formatar o comunicado que emitiremos para os clientes.
[*]A partir do comunicado que faremos para os clientes, ajustar           o comunicado para notificar o KOndominium para que eles           avaliem com o comitê técnico deles se vão querer seguir a mesma estratégia que seguiremos para nossos produtos para os produtos deles.
[*]Jéssica alocará alguém para desdobrar as ações técnicas e entender o que precisa ser feito para efetuar a migração da API.
[*]No comunicado que faremos, deixaremos claro que os clientes não são obrigados a atualizar para versões com a nova API. Só serão obrigados a fazê-lo se desejarem alguma novidade ou correção contida em alguma versão liberada após a data de referência. Se preferirem ficar em versões antigas para privilegiar equipamentos antigos, eles poderão fazê-lo sem qualquer restrição (tal qual é hoje).', 1566604800 , 7050, 'D:\tester_documents\tester_documents\CaseMaker\bin\Debug\Files\Projects\7050\RRM\Relatório de Análise da Atualização de API Android_0.pdf', 'Rodrigo Machado', 'Walthony', 'Mariana Fiori', '0', '05,45,00', '0'). Erro: database is locked
database is locked
11/09/2019 08:03:43- DETALHADO -FO_Principal.CarregaTreeView()
11/09/2019 08:03:43- DETALHADO -MD_Project.MD_Project()
11/09/2019 08:03:43- DETALHADO -MD_Project.MD_Project(codigo)
11/09/2019 08:03:43- DETALHADO -MD_Project.Load()
11/09/2019 08:03:43- DETALHADO -MD_Project.RetornaTodosProjetos()
11/09/2019 08:03:55- DETALHADO -FO_Principal.btn_novo_projeto_Click()
11/09/2019 08:03:55- DETALHADO -FO_Principal.AbrirJanelaDeCadastro()
11/09/2019 08:03:55- DETALHADO -UC_CadastroEstimativa.UC_CadastroProjeto()
11/09/2019 08:03:55- DETALHADO -MD_Project.MD_Project()
11/09/2019 08:03:55- DETALHADO -MD_Project.MD_Project(codigo)
11/09/2019 08:03:55- DETALHADO -MD_Project.Load()
11/09/2019 08:03:55- DETALHADO -UC_CadastroEstimativa.IniciaUserControl()
11/09/2019 08:03:55- DETALHADO -UC_CadastroEstimativa.CarregaLabels()
11/09/2019 08:03:55- DETALHADO -UC_CadastroEstimativa.SetaEnableEntradas()
11/09/2019 08:03:55- DETALHADO -UC_CadastroEstimativa.CarregaBotoes()
11/09/2019 08:03:55- DETALHADO -FO_Principal.AbreJanela()
11/09/2019 08:03:58- DETALHADO -UC_CadastroEstimativa.btn_fechar_Click()
11/09/2019 08:03:58- DETALHADO -UC_CadastroEstimativa.FechaTela()
11/09/2019 08:03:58- DETALHADO -FO_Principal.FecharTela()
11/09/2019 08:04:02- DETALHADO -UC_CadastroEstimativa.rbt_correcao_CheckedChanged()
11/09/2019 08:04:05- DETALHADO -UC_CadastroEstimativa.rbt_flex_CheckedChanged()
11/09/2019 08:04:05- DETALHADO -UC_CadastroEstimativa.rbt_sfv_CheckedChanged()
11/09/2019 08:04:11- DETALHADO -UC_CadastroEstimativa.btn_confirmar_Click()
11/09/2019 08:04:11- DETALHADO -UC_CadastroEstimativa.Incluir()
11/09/2019 08:04:11- DETALHADO -UC_CadastroEstimativa.ValidaCampos()
11/09/2019 08:04:11- DETALHADO -MD_Project.CopiaArquivo()
11/09/2019 08:04:11- DETALHADO -MD_Project.Insert()
11/09/2019 08:04:11- DETALHADO -MD_Estimativa.MD_Estimativa()
11/09/2019 08:04:11- DETALHADO -MD_Estimativa.MD_Estimativa()
11/09/2019 08:04:11- DETALHADO -MD_Estimativa.Load()
11/09/2019 08:04:11- DETALHADO -MD_Estimativa.Insert()
11/09/2019 08:04:12- DETALHADO -FO_Principal.CarregaTreeView()
11/09/2019 08:04:12- DETALHADO -MD_Project.MD_Project()
11/09/2019 08:04:12- DETALHADO -MD_Project.MD_Project(codigo)
11/09/2019 08:04:12- DETALHADO -MD_Project.Load()
11/09/2019 08:04:12- DETALHADO -MD_Project.RetornaTodosProjetos()
11/09/2019 08:04:12- DETALHADO -MD_Project.MD_Project()
11/09/2019 08:04:12- DETALHADO -MD_Project.MD_Project(codigo)
11/09/2019 08:04:12- DETALHADO -MD_Project.Load()
11/09/2019 08:04:12- DETALHADO -FO_Principal.AdicionarEstimativas()
11/09/2019 08:04:12- DETALHADO -MD_Project.GetEstimativa()
11/09/2019 08:04:12- DETALHADO -MD_Estimativa.MD_Estimativa()
11/09/2019 08:04:12- DETALHADO -MD_Estimativa.MD_Estimativa()
11/09/2019 08:04:12- DETALHADO -MD_Estimativa.Load()
11/09/2019 08:04:12- DETALHADO -Document.CalculaTempoTotalEstimativa()
11/09/2019 08:04:12- DETALHADO -FO_Principal.AdicionaCenarios()
11/09/2019 08:04:12- DETALHADO -MD_Estimativa.MD_Estimativa()
11/09/2019 08:04:12- DETALHADO -MD_Cenario.MD_Cenario()
11/09/2019 08:04:12- DETALHADO -MD_Cenario.Load()
11/09/2019 08:04:12- DETALHADO -MD_Cenario.RetornaTodosCenarios()
11/09/2019 08:04:12- DETALHADO -UC_CadastroEstimativa.CarregaLabels()
11/09/2019 08:04:12- DETALHADO -UC_CadastroEstimativa.SetaEnableEntradas()
11/09/2019 08:04:12- DETALHADO -UC_CadastroEstimativa.CarregaBotoes()
11/09/2019 08:04:13- DETALHADO -FO_Principal.trv_projetos_AfterSelect()
11/09/2019 08:04:13- DETALHADO -FO_Principal.AbrePagina()
11/09/2019 08:04:13- DETALHADO -FO_Principal.AbrirJanelaDeCadastro()
11/09/2019 08:04:13- DETALHADO -UC_CadastroEstimativa.UC_CadastroProjeto()
11/09/2019 08:04:13- DETALHADO -MD_Project.MD_Project()
11/09/2019 08:04:13- DETALHADO -MD_Project.MD_Project(codigo)
11/09/2019 08:04:13- DETALHADO -MD_Project.Load()
11/09/2019 08:04:13- DETALHADO -UC_CadastroEstimativa.IniciaUserControl()
11/09/2019 08:04:13- DETALHADO -UC_CadastroEstimativa.CarregaLabels()
11/09/2019 08:04:13- DETALHADO -UC_CadastroEstimativa.SetaEnableEntradas()
11/09/2019 08:04:13- DETALHADO -UC_CadastroEstimativa.CarregaBotoes()
11/09/2019 08:04:13- DETALHADO -FO_Principal.AbreJanela()
11/09/2019 08:04:19- DETALHADO -FO_Principal.btn_novo_projeto_Click()
11/09/2019 08:04:19- DETALHADO -FO_Principal.AbrirJanelaDeCadastro()
11/09/2019 08:04:19- DETALHADO -UC_CadastroEstimativa.UC_CadastroProjeto()
11/09/2019 08:04:19- DETALHADO -MD_Project.MD_Project()
11/09/2019 08:04:19- DETALHADO -MD_Project.MD_Project(codigo)
11/09/2019 08:04:19- DETALHADO -MD_Project.Load()
11/09/2019 08:04:19- DETALHADO -UC_CadastroEstimativa.IniciaUserControl()
11/09/2019 08:04:19- DETALHADO -UC_CadastroEstimativa.CarregaLabels()
11/09/2019 08:04:19- DETALHADO -UC_CadastroEstimativa.SetaEnableEntradas()
11/09/2019 08:04:19- DETALHADO -UC_CadastroEstimativa.CarregaBotoes()
11/09/2019 08:04:19- DETALHADO -FO_Principal.AbreJanela()
11/09/2019 08:04:19- DETALHADO -FO_Principal.FecharTela()
11/09/2019 08:04:20- DETALHADO -UC_CadastroEstimativa.lockchange()
11/09/2019 08:04:24- DETALHADO -UC_CadastroEstimativa.btn_cancelar_Click()
11/09/2019 08:04:24- DETALHADO -UC_CadastroEstimativa.Cancelar()
11/09/2019 08:04:24- DETALHADO -UC_CadastroEstimativa.FechaTela()
11/09/2019 08:04:24- DETALHADO -FO_Principal.FecharTela()
11/09/2019 08:04:28- DETALHADO -FO_Principal.trv_projetos_AfterSelect()
11/09/2019 08:04:28- DETALHADO -FO_Principal.AbrePagina()
11/09/2019 08:04:28- DETALHADO -MD_Project.MD_Project()
11/09/2019 08:04:28- DETALHADO -MD_Project.MD_Project(codigo)
11/09/2019 08:04:28- DETALHADO -MD_Project.Load()
11/09/2019 08:04:28- DETALHADO -MD_Estimativa.MD_Estimativa()
11/09/2019 08:04:28- DETALHADO -MD_Estimativa.MD_Estimativa()
11/09/2019 08:04:28- DETALHADO -MD_Estimativa.Load()
11/09/2019 08:04:28- DETALHADO -UC_CadastroEstimativa.UC_CadastroEstimativa()
11/09/2019 08:04:28- DETALHADO -UC_CadastroEstimativa.IniciaUserControl()
11/09/2019 08:04:28- DETALHADO -UC_CadastroEstimativa.PopulaLabels()
11/09/2019 08:04:28- DETALHADO -Document.CalculaTempoTotalEstimativa()
11/09/2019 08:04:28- DETALHADO -UC_CadastroEstimativa.CarregaCampos()
11/09/2019 08:04:28- DETALHADO -FO_Principal.AbreJanela()
11/09/2019 08:04:30- DETALHADO -UC_CadastroEstimativa.btn_confirmar_Click()
11/09/2019 08:04:30- DETALHADO -UC_CadastroEstimativa.CarregaCampos()
11/09/2019 08:04:32- DETALHADO -UC_CadastroEstimativa.btn_fechar_Click()
11/09/2019 08:04:32- DETALHADO -UC_CadastroEstimativa.PopulaLabels()
11/09/2019 08:04:32- DETALHADO -Document.CalculaTempoTotalEstimativa()
11/09/2019 08:04:32- DETALHADO -UC_CadastroEstimativa.CarregaCampos()
11/09/2019 08:04:33- DETALHADO -UC_CadastroEstimativa.btn_gerar_document_Click()
11/09/2019 08:04:35- DETALHADO -FO_Agurade.FO_Agurade()
11/09/2019 08:04:35- DETALHADO -Document.CriaEstimativa
11/09/2019 08:04:35- DETALHADO -Document.CriaEstimativa
11/09/2019 08:04:35- DETALHADO -MD_Project.GetEstimativa()
11/09/2019 08:04:35- DETALHADO -MD_Estimativa.MD_Estimativa()
11/09/2019 08:04:35- DETALHADO -MD_Estimativa.MD_Estimativa()
11/09/2019 08:04:35- DETALHADO -MD_Estimativa.Load()
11/09/2019 08:04:35- DETALHADO -MD_Project.GetEstimativa()
11/09/2019 08:04:35- DETALHADO -MD_Estimativa.MD_Estimativa()
11/09/2019 08:04:35- DETALHADO -MD_Estimativa.MD_Estimativa()
11/09/2019 08:04:35- DETALHADO -MD_Estimativa.Load()
11/09/2019 08:04:35- DETALHADO -Document.CriaArquivoCSV()
11/09/2019 08:04:35- DETALHADO -Document.CalculaTempoTotalEstimativa()
11/09/2019 08:04:35- DETALHADO -Document.CriarPdf()
11/09/2019 08:04:35- DETALHADO -C:\Program Files (x86)\CaseMaker\Tester_Documents -i "C:\Program Files (x86)\CaseMaker\TEMP\saida.csv" -o "C:\Users\Landix\Desktop" -c "C:\Program Files (x86)\CaseMaker\TEMP\file_json.json" -l
11/09/2019 08:04:35- SIMPLES -
11/09/2019 08:04:35- SIMPLES -
11/09/2019 08:04:35- SIMPLES -----------------------------------------------------------------------------------------------------------------------
11/09/2019 08:04:35- SIMPLES -Iniciando Programa
11/09/2019 08:04:35- SIMPLES -Arquivo de entrada: C:\Program Files (x86)\CaseMaker\TEMP\saida.csv
11/09/2019 08:04:35- SIMPLES -Diretório de saída: C:\Users\Landix\Desktop
11/09/2019 08:04:35- SIMPLES -Configuracao: C:\Program Files (x86)\CaseMaker\TEMP\file_json.json
11/09/2019 08:04:35- SIMPLES -Log: Detalhado
11/09/2019 08:04:35- DETALHADO -Program.CarregaConfiguracao
11/09/2019 08:04:36- DETALHADO -MD_PDFInformations.MD_PDFInformations()
11/09/2019 08:04:36- SIMPLES -Abrindo conexão. Banco: C:\Program Files (x86)\CaseMaker\BASE\pckdb.db3
11/09/2019 08:04:36- SIMPLES -Problem on the sentence. Sentence: SELECT 1 FROM PDFINFO. Erro: SQL logic error
no such table: PDFINFO
11/09/2019 08:04:36- SIMPLES -Problem on the sentence. Sentence: SELECT 1 FROM PDFINFO. Erro: SQL logic error
no such table: PDFINFO
11/09/2019 08:04:36- SIMPLES -Erro no execute: INSERT INTO MEDLIB (tab,field,type,size,prec,flags) VALUES ('PDFINFO', 'CODIGO','I',15,0,0). Erro: SQL logic error
no such table: MEDLIB
11/09/2019 08:04:36- SIMPLES -Erro no execute: INSERT INTO MEDLIB (tab,field,type,size,prec,flags) VALUES ('PDFINFO', 'AUTHOR','C',100,0,0). Erro: SQL logic error
no such table: MEDLIB
11/09/2019 08:04:36- SIMPLES -Erro no execute: INSERT INTO MEDLIB (tab,field,type,size,prec,flags) VALUES ('PDFINFO', 'DATA_CRIACAO','I',0,0,0). Erro: SQL logic error
no such table: MEDLIB
11/09/2019 08:04:36- SIMPLES -Erro no execute: INSERT INTO MEDLIB (tab,field,type,size,prec,flags) VALUES ('PDFINFO', 'CREATOR','C',100,0,0). Erro: SQL logic error
no such table: MEDLIB
11/09/2019 08:04:36- SIMPLES -Erro no execute: INSERT INTO MEDLIB (tab,field,type,size,prec,flags) VALUES ('PDFINFO', 'DATA_MODIFICACAO','I',0,0,0). Erro: SQL logic error
no such table: MEDLIB
11/09/2019 08:04:36- SIMPLES -Erro no execute: INSERT INTO MEDLIB (tab,field,type,size,prec,flags) VALUES ('PDFINFO', 'SUBJECT','C',100,0,0). Erro: SQL logic error
no such table: MEDLIB
11/09/2019 08:04:36- SIMPLES -Erro no execute: INSERT INTO MEDLIB (tab,field,type,size,prec,flags) VALUES ('PDFINFO', 'TITLE','C',100,0,0). Erro: SQL logic error
no such table: MEDLIB
11/09/2019 08:04:36- SIMPLES -Erro no execute: INSERT INTO MEDLIB (tab,field,type,size,prec,flags) VALUES ('PDFINFO', 'KEYWORDS','C',100,0,0). Erro: SQL logic error
no such table: MEDLIB
11/09/2019 08:04:36- SIMPLES -Erro no execute: INSERT INTO MEDLIB (tab,field,type,size,prec,flags) VALUES ('PDFINFO', 'DIRLOG','C',100,0,0). Erro: SQL logic error
no such table: MEDLIB
11/09/2019 08:04:36- DETALHADO -MD_PDFInformations.MD_PDFInformations(codigo)
11/09/2019 08:04:36- DETALHADO -MD_PDFInformations.Load()
11/09/2019 08:04:36- DETALHADO -MD_PDFInformations.Insert()
11/09/2019 08:04:36- DETALHADO -MD_PDFInformations.VerificaExiste()
11/09/2019 08:04:36- DETALHADO -Configuração carregada com sucesso!
11/09/2019 08:04:36- DETALHADO -Program.Create
11/09/2019 08:04:36- DETALHADO -Documento_From_CSV.GerarRelatorio
11/09/2019 08:04:36- DETALHADO -Documento.VerificaExisteFile
11/09/2019 08:04:36- DETALHADO -Documento.VerificaExisteDirectory
11/09/2019 08:04:36- DETALHADO -Documento.VerificaExisteDirectory
11/09/2019 08:04:36- DETALHADO -Documento.VerificaExisteDirectory
11/09/2019 08:04:36- DETALHADO -MD_PDFInformations.MD_PDFInformations()
11/09/2019 08:04:36- DETALHADO -MD_PDFInformations.MD_PDFInformations(codigo)
11/09/2019 08:04:36- DETALHADO -MD_PDFInformations.Load()
11/09/2019 08:04:36- DETALHADO -Documento.MontaHTML
11/09/2019 08:04:36- DETALHADO -Documento.MontaImagemFromHtml
11/09/2019 08:04:36- DETALHADO -Documento.MontaImagemFromHtml
11/09/2019 08:04:36- DETALHADO -Documento.VerificaExisteFile
11/09/2019 08:04:40- DETALHADO -MD_PDFInformations.MD_PDFInformations()
11/09/2019 08:04:40- DETALHADO -MD_PDFInformations.MD_PDFInformations(codigo)
11/09/2019 08:04:40- DETALHADO -MD_PDFInformations.Load()
11/09/2019 08:04:40- DETALHADO -Documento.MontaPDFFromImages
11/09/2019 08:04:40- DETALHADO -Documento.VerificaExisteFile
11/09/2019 08:04:40- DETALHADO -MD_PDFInformations.MD_PDFInformations()
11/09/2019 08:04:40- DETALHADO -MD_PDFInformations.MD_PDFInformations(codigo)
11/09/2019 08:04:40- DETALHADO -MD_PDFInformations.Load()
11/09/2019 08:04:40- SIMPLES -Arquivo gerado com sucesso. C:\Users\Landix\Desktop\saida.pdf
11/09/2019 08:04:40- SIMPLES -Finalizando Programa
11/09/2019 08:04:40- SIMPLES -----------------------------------------------------------------------------------------------------------------------
11/09/2019 08:04:42- DETALHADO -UC_CadastroEstimativa.CarregaWebBrowser()
11/09/2019 08:04:42- DETALHADO -Document.CriaTextoCopiarEstimativa()
11/09/2019 08:04:42- DETALHADO -MD_Project.GetEstimativa()
11/09/2019 08:04:42- DETALHADO -MD_Estimativa.MD_Estimativa()
11/09/2019 08:04:42- DETALHADO -MD_Estimativa.MD_Estimativa()
11/09/2019 08:04:42- DETALHADO -MD_Estimativa.Load()
11/09/2019 08:04:42- DETALHADO -Document.CalculaTempoTotalEstimativa()
11/09/2019 08:04:42- DETALHADO -FO_DisponibilizaEstimativaAnalista.FO_DisponibilizaEstimativaAnalista()
11/09/2019 08:04:47- DETALHADO -FO_DisponibilizaEstimativaAnalista.btn_copiar_Click()
11/09/2019 08:05:02- DETALHADO -FO_Principal.trv_projetos_AfterSelect()
11/09/2019 08:05:02- DETALHADO -FO_Principal.AbrePagina()
11/09/2019 08:05:04- DETALHADO -FO_Principal.item_incluir_caso_uso_selected_Click()
11/09/2019 08:05:04- DETALHADO -MD_Project.MD_Project()
11/09/2019 08:05:04- DETALHADO -MD_Project.MD_Project(codigo)
11/09/2019 08:05:04- DETALHADO -MD_Project.Load()
11/09/2019 08:05:04- DETALHADO -MD_Estimativa.MD_Estimativa()
11/09/2019 08:05:04- DETALHADO -MD_Cenario.MD_Cenario()
11/09/2019 08:05:04- DETALHADO -MD_Cenario.Load()
11/09/2019 08:05:04- DETALHADO -UC_CadastroCenarios.UC_CadastroCenarios()
11/09/2019 08:05:04- DETALHADO -UC_CadastroCenarios.CarregaForm()
11/09/2019 08:05:04- DETALHADO -UC_CadastroCenarios.PopulaLabels()
11/09/2019 08:05:04- DETALHADO -UC_CadastroCenarios.HabilitaCampos()
11/09/2019 08:05:04- DETALHADO -UC_CadastroCenarios.HabilitaBotoes()
11/09/2019 08:05:04- DETALHADO -UC_CadastroCenarios.CarregaComboStatus()
11/09/2019 08:05:04- DETALHADO -MD_Status.MD_Status()
11/09/2019 08:05:04- DETALHADO -MD_Status.InserirPrincipais()
11/09/2019 08:05:04- DETALHADO -MD_Status.MD_Status()
11/09/2019 08:05:04- DETALHADO -MD_Status.Load()
11/09/2019 08:05:04- DETALHADO -MD_Status.ComandoTodosStatus()
11/09/2019 08:05:04- DETALHADO -UC_CadastroCenarios.PreencheListView()
11/09/2019 08:05:04- DETALHADO -FO_Principal.AbreJanela()
11/09/2019 08:05:24- DETALHADO -UC_CadastroCenarios.btn_adicionarAnexo_Click()
11/09/2019 08:05:24- DETALHADO -MD_Anexos.MD_Anexos()
11/09/2019 08:05:24- DETALHADO -MD_Anexos.MD_Anexos(int codigo, MD_Cenario cenario)
11/09/2019 08:05:24- DETALHADO -MD_Anexos.Load()
11/09/2019 08:05:24- DETALHADO -FO_CadastroInfoAnexo.FO_CadastroInfoAnexo()
11/09/2019 08:05:24- DETALHADO -FO_CadastroInfoAnexo.InicializaForm()
11/09/2019 08:05:24- DETALHADO -FO_CadastroInfoAnexo.PopulaCampos()
11/09/2019 08:05:25- DETALHADO -FO_CadastroInfoAnexo.btn_arquivo_Click()
11/09/2019 08:06:01- DETALHADO -FO_CadastroInfoAnexo.btn_confirmar_Click()
11/09/2019 08:06:01- DETALHADO -FO_CadastroInfoAnexo.Incluir()
11/09/2019 08:06:01- DETALHADO -FO_CadastroInfoAnexo.ValidaCampos()
11/09/2019 08:06:01- DETALHADO -MD_Cenario.CopiaPrint()
11/09/2019 08:06:01- DETALHADO -MD_Anexos.Insert()
11/09/2019 08:06:03- DETALHADO -UC_CadastroCenarios.PreencheListView()
11/09/2019 08:06:04- DETALHADO -UC_CadastroCenarios.btn_confirmar_Click()
11/09/2019 08:06:04- DETALHADO -UC_CadastroCenarios.Incluir()
11/09/2019 08:06:04- DETALHADO -UC_CadastroCenarios.VerificaCampos()
11/09/2019 08:06:04- DETALHADO -MD_Status.MD_Status()
11/09/2019 08:06:04- DETALHADO -MD_Status.InserirPrincipais()
11/09/2019 08:06:04- DETALHADO -MD_Status.MD_Status()
11/09/2019 08:06:04- DETALHADO -MD_Status.Load()
11/09/2019 08:06:04- DETALHADO -MD_Cenario.Insert()
11/09/2019 08:06:05- DETALHADO -UC_CadastroCenarios.PopulaLabels()
11/09/2019 08:06:05- DETALHADO -UC_CadastroCenarios.HabilitaCampos()
11/09/2019 08:06:05- DETALHADO -UC_CadastroCenarios.HabilitaBotoes()
11/09/2019 08:06:05- DETALHADO -FO_Principal.CarregaTreeView()
11/09/2019 08:06:05- DETALHADO -MD_Project.MD_Project()
11/09/2019 08:06:05- DETALHADO -MD_Project.MD_Project(codigo)
11/09/2019 08:06:05- DETALHADO -MD_Project.Load()
11/09/2019 08:06:05- DETALHADO -MD_Project.RetornaTodosProjetos()
11/09/2019 08:06:05- DETALHADO -MD_Project.MD_Project()
11/09/2019 08:06:05- DETALHADO -MD_Project.MD_Project(codigo)
11/09/2019 08:06:05- DETALHADO -MD_Project.Load()
11/09/2019 08:06:05- DETALHADO -FO_Principal.AdicionarEstimativas()
11/09/2019 08:06:05- DETALHADO -MD_Project.GetEstimativa()
11/09/2019 08:06:05- DETALHADO -MD_Estimativa.MD_Estimativa()
11/09/2019 08:06:05- DETALHADO -MD_Estimativa.MD_Estimativa()
11/09/2019 08:06:05- DETALHADO -MD_Estimativa.Load()
11/09/2019 08:06:05- DETALHADO -Document.CalculaTempoTotalEstimativa()
11/09/2019 08:06:05- DETALHADO -FO_Principal.AdicionaCenarios()
11/09/2019 08:06:05- DETALHADO -MD_Estimativa.MD_Estimativa()
11/09/2019 08:06:05- DETALHADO -MD_Cenario.MD_Cenario()
11/09/2019 08:06:05- DETALHADO -MD_Cenario.Load()
11/09/2019 08:06:05- DETALHADO -MD_Status.MD_Status()
11/09/2019 08:06:05- DETALHADO -MD_Status.InserirPrincipais()
11/09/2019 08:06:05- DETALHADO -MD_Status.MD_Status()
11/09/2019 08:06:05- DETALHADO -MD_Status.Load()
11/09/2019 08:06:05- DETALHADO -MD_Cenario.RetornaTodosCenarios()
11/09/2019 08:06:05- DETALHADO -MD_Estimativa.MD_Estimativa()
11/09/2019 08:06:05- DETALHADO -MD_Cenario.MD_Cenario()
11/09/2019 08:06:05- DETALHADO -MD_Cenario.Load()
11/09/2019 08:06:05- DETALHADO -MD_Status.MD_Status()
11/09/2019 08:06:05- DETALHADO -MD_Status.InserirPrincipais()
11/09/2019 08:06:05- DETALHADO -MD_Status.MD_Status()
11/09/2019 08:06:05- DETALHADO -MD_Status.Load()
11/09/2019 08:06:06- DETALHADO -FO_Principal.trv_projetos_AfterSelect()
11/09/2019 08:06:06- DETALHADO -FO_Principal.AbrePagina()
11/09/2019 08:06:06- DETALHADO -MD_Project.MD_Project()
11/09/2019 08:06:06- DETALHADO -MD_Project.MD_Project(codigo)
11/09/2019 08:06:06- DETALHADO -MD_Project.Load()
11/09/2019 08:06:06- DETALHADO -MD_Estimativa.MD_Estimativa()
11/09/2019 08:06:06- DETALHADO -MD_Cenario.MD_Cenario()
11/09/2019 08:06:06- DETALHADO -MD_Cenario.Load()
11/09/2019 08:06:06- DETALHADO -MD_Status.MD_Status()
11/09/2019 08:06:06- DETALHADO -MD_Status.InserirPrincipais()
11/09/2019 08:06:06- DETALHADO -MD_Status.MD_Status()
11/09/2019 08:06:06- DETALHADO -MD_Status.Load()
11/09/2019 08:06:06- DETALHADO -UC_CadastroCenarios.UC_CadastroCenarios()
11/09/2019 08:06:06- DETALHADO -UC_CadastroCenarios.CarregaForm()
11/09/2019 08:06:06- DETALHADO -UC_CadastroCenarios.PopulaLabels()
11/09/2019 08:06:06- DETALHADO -UC_CadastroCenarios.HabilitaCampos()
11/09/2019 08:06:06- DETALHADO -UC_CadastroCenarios.HabilitaBotoes()
11/09/2019 08:06:06- DETALHADO -UC_CadastroCenarios.CarregaComboStatus()
11/09/2019 08:06:06- DETALHADO -MD_Status.MD_Status()
11/09/2019 08:06:06- DETALHADO -MD_Status.InserirPrincipais()
11/09/2019 08:06:06- DETALHADO -MD_Status.MD_Status()
11/09/2019 08:06:06- DETALHADO -MD_Status.Load()
11/09/2019 08:06:06- DETALHADO -MD_Status.ComandoTodosStatus()
11/09/2019 08:06:06- DETALHADO -UC_CadastroCenarios.PreencheListView()
11/09/2019 08:06:06- DETALHADO -FO_Principal.AbreJanela()
11/09/2019 08:06:06- DETALHADO -FO_Principal.FecharTela()
11/09/2019 08:06:07- DETALHADO -UC_CadastroCenarios.btn_gerar_document_Click()
11/09/2019 08:06:09- DETALHADO -FO_Agurade.FO_Agurade()
11/09/2019 08:06:09- DETALHADO -Document.CriaRelatoria
11/09/2019 08:06:09- DETALHADO -Document.CriaEstimativa
11/09/2019 08:06:09- DETALHADO -MD_Project.GetEstimativa()
11/09/2019 08:06:09- DETALHADO -MD_Estimativa.MD_Estimativa()
11/09/2019 08:06:09- DETALHADO -MD_Estimativa.MD_Estimativa()
11/09/2019 08:06:09- DETALHADO -MD_Estimativa.Load()
11/09/2019 08:06:09- DETALHADO -Document.CriaArquivoXML
11/09/2019 08:06:09- DETALHADO -Document.MontaCSVCenario()
11/09/2019 08:06:09- DETALHADO -MD_Anexos.RetornaAnexoFromFileName()
11/09/2019 08:06:09- DETALHADO -MD_Anexos.MD_Anexos()
11/09/2019 08:06:09- DETALHADO -MD_Anexos.MD_Anexos(int codigo, MD_Cenario cenario)
11/09/2019 08:06:09- DETALHADO -MD_Anexos.Load()
11/09/2019 08:06:09- DETALHADO -MD_Anexos.RetornaAnexoFromFileName()
11/09/2019 08:06:09- DETALHADO -MD_Anexos.MD_Anexos()
11/09/2019 08:06:09- DETALHADO -MD_Anexos.MD_Anexos(int codigo, MD_Cenario cenario)
11/09/2019 08:06:09- DETALHADO -MD_Anexos.Load()
11/09/2019 08:06:09- DETALHADO -Document.GetTextoCenario()
11/09/2019 08:06:09- DETALHADO -Document.CriarPdf()
11/09/2019 08:06:09- DETALHADO -C:\Program Files (x86)\CaseMaker\Tester_Documents -i "C:\Program Files (x86)\CaseMaker\TEMP\saida.xml" -o "C:\Users\Landix\Desktop" -c "C:\Program Files (x86)\CaseMaker\TEMP\file_json.json" -l
11/09/2019 08:06:09- SIMPLES -
11/09/2019 08:06:09- SIMPLES -
11/09/2019 08:06:09- SIMPLES -----------------------------------------------------------------------------------------------------------------------
11/09/2019 08:06:09- SIMPLES -Iniciando Programa
11/09/2019 08:06:09- SIMPLES -Arquivo de entrada: C:\Program Files (x86)\CaseMaker\TEMP\saida.xml
11/09/2019 08:06:09- SIMPLES -Diretório de saída: C:\Users\Landix\Desktop
11/09/2019 08:06:09- SIMPLES -Configuracao: C:\Program Files (x86)\CaseMaker\TEMP\file_json.json
11/09/2019 08:06:09- SIMPLES -Log: Detalhado
11/09/2019 08:06:09- DETALHADO -Program.CarregaConfiguracao
11/09/2019 08:06:09- DETALHADO -MD_PDFInformations.MD_PDFInformations()
11/09/2019 08:06:10- SIMPLES -Abrindo conexão. Banco: C:\Program Files (x86)\CaseMaker\BASE\pckdb.db3
11/09/2019 08:06:10- DETALHADO -MD_PDFInformations.MD_PDFInformations(codigo)
11/09/2019 08:06:10- DETALHADO -MD_PDFInformations.Load()
11/09/2019 08:06:10- DETALHADO -MD_PDFInformations.Insert()
11/09/2019 08:06:10- DETALHADO -MD_PDFInformations.VerificaExiste()
11/09/2019 08:06:10- DETALHADO -MD_PDFInformations.Update()
11/09/2019 08:06:10- DETALHADO -Configuração carregada com sucesso!
11/09/2019 08:06:10- DETALHADO -Program.Create
11/09/2019 08:06:10- DETALHADO -Documento_From_XML.GerarRelatorio
11/09/2019 08:06:10- DETALHADO -Documento.VerificaExisteFile
11/09/2019 08:06:10- DETALHADO -Documento.VerificaExisteDirectory
11/09/2019 08:06:10- DETALHADO -Documento.MontaHTMLTabulado
11/09/2019 08:06:10- DETALHADO -Documento.MontaImagemFromHtml
11/09/2019 08:06:10- DETALHADO -Documento.MontaImagemFromHtml
11/09/2019 08:06:10- DETALHADO -Documento.VerificaExisteFile
11/09/2019 08:06:10- DETALHADO -Documento.MontaHTMLTabulado
11/09/2019 08:06:10- DETALHADO -Documento.MontaImagemFromHtml
11/09/2019 08:06:10- DETALHADO -Documento.MontaImagemFromHtml
11/09/2019 08:06:10- DETALHADO -Documento.VerificaExisteFile
11/09/2019 08:06:10- DETALHADO -Documento.MontaHTMLTabulado
11/09/2019 08:06:10- DETALHADO -Documento.MontaImagemFromHtml
11/09/2019 08:06:10- DETALHADO -Documento.MontaImagemFromHtml
11/09/2019 08:06:10- DETALHADO -Documento.VerificaExisteFile
11/09/2019 08:06:10- DETALHADO -MD_PDFInformations.MD_PDFInformations()
11/09/2019 08:06:10- DETALHADO -MD_PDFInformations.MD_PDFInformations(codigo)
11/09/2019 08:06:10- DETALHADO -MD_PDFInformations.Load()
11/09/2019 08:06:10- DETALHADO -Documento.MontaPDFFromImages
11/09/2019 08:06:10- DETALHADO -Documento.VerificaExisteFile
11/09/2019 08:06:10- DETALHADO -Documento.VerificaExisteFile
11/09/2019 08:06:10- DETALHADO -Documento.VerificaExisteFile
11/09/2019 08:06:10- DETALHADO -MD_PDFInformations.MD_PDFInformations()
11/09/2019 08:06:10- DETALHADO -MD_PDFInformations.MD_PDFInformations(codigo)
11/09/2019 08:06:10- DETALHADO -MD_PDFInformations.Load()
11/09/2019 08:06:10- SIMPLES -Erro ao copiar o log. Erro: Não foi possível localizar o arquivo 'C:\Program Files (x86)\CaseMaker\Log\log.log'.
11/09/2019 08:06:10- SIMPLES -Arquivo gerado com sucesso. C:\Users\Landix\Desktop\saida.pdf
11/09/2019 08:06:10- SIMPLES -Finalizando Programa
11/09/2019 08:06:10- SIMPLES -----------------------------------------------------------------------------------------------------------------------
11/09/2019 08:06:26- DETALHADO -Document.ExecutaFile()
11/09/2019 08:06:29- DETALHADO -FO_Principal.trv_projetos_AfterSelect()
11/09/2019 08:06:29- DETALHADO -FO_Principal.AbrePagina()
11/09/2019 08:06:29- DETALHADO -FO_Principal.AbrirJanelaDeCadastro()
11/09/2019 08:06:29- DETALHADO -UC_CadastroEstimativa.UC_CadastroProjeto()
11/09/2019 08:06:29- DETALHADO -MD_Project.MD_Project()
11/09/2019 08:06:29- DETALHADO -MD_Project.MD_Project(codigo)
11/09/2019 08:06:29- DETALHADO -MD_Project.Load()
11/09/2019 08:06:29- DETALHADO -UC_CadastroEstimativa.IniciaUserControl()
11/09/2019 08:06:29- DETALHADO -UC_CadastroEstimativa.CarregaLabels()
11/09/2019 08:06:29- DETALHADO -UC_CadastroEstimativa.SetaEnableEntradas()
11/09/2019 08:06:29- DETALHADO -UC_CadastroEstimativa.CarregaBotoes()
11/09/2019 08:06:29- DETALHADO -FO_Principal.AbreJanela()
11/09/2019 08:06:29- DETALHADO -FO_Principal.FecharTela()
11/09/2019 08:06:31- DETALHADO -UC_CadastroProjeto.btn_geraRelCompleto_Click()
11/09/2019 08:06:31- DETALHADO -UC_CadastroProjeto.GeraRelatorio
11/09/2019 08:06:33- DETALHADO -FO_Agurade.FO_Agurade()
11/09/2019 08:06:33- DETALHADO -Document.CriaRelatorioCompleto
11/09/2019 08:06:33- DETALHADO -Document.CriaEstimativa
11/09/2019 08:06:33- DETALHADO -MD_Project.GetEstimativa()
11/09/2019 08:06:33- DETALHADO -MD_Estimativa.MD_Estimativa()
11/09/2019 08:06:33- DETALHADO -MD_Estimativa.MD_Estimativa()
11/09/2019 08:06:33- DETALHADO -MD_Estimativa.Load()
11/09/2019 08:06:33- DETALHADO -Document.CriaArquivoXML
11/09/2019 08:06:33- DETALHADO -MD_Project.GetEstimativa()
11/09/2019 08:06:33- DETALHADO -MD_Estimativa.MD_Estimativa()
11/09/2019 08:06:33- DETALHADO -MD_Estimativa.MD_Estimativa()
11/09/2019 08:06:33- DETALHADO -MD_Estimativa.Load()
11/09/2019 08:06:33- DETALHADO -Document.CriaTextoCopiarEstimativa()
11/09/2019 08:06:33- DETALHADO -MD_Project.GetEstimativa()
11/09/2019 08:06:33- DETALHADO -MD_Estimativa.MD_Estimativa()
11/09/2019 08:06:33- DETALHADO -MD_Estimativa.MD_Estimativa()
11/09/2019 08:06:33- DETALHADO -MD_Estimativa.Load()
11/09/2019 08:06:33- DETALHADO -Document.CalculaTempoTotalEstimativa()
11/09/2019 08:06:33- DETALHADO -MD_Project.GetCenarios()
11/09/2019 08:06:33- DETALHADO -MD_Estimativa.MD_Estimativa()
11/09/2019 08:06:33- DETALHADO -MD_Cenario.MD_Cenario()
11/09/2019 08:06:33- DETALHADO -MD_Cenario.Load()
11/09/2019 08:06:33- DETALHADO -MD_Status.MD_Status()
11/09/2019 08:06:33- DETALHADO -MD_Status.InserirPrincipais()
11/09/2019 08:06:33- DETALHADO -MD_Status.MD_Status()
11/09/2019 08:06:33- DETALHADO -MD_Status.Load()
11/09/2019 08:06:33- DETALHADO -Document.GetTextoCenario()
11/09/2019 08:06:33- DETALHADO -Document.MontaCSVCenario()
11/09/2019 08:06:33- DETALHADO -MD_Anexos.RetornaAnexoFromFileName()
11/09/2019 08:06:33- DETALHADO -MD_Anexos.MD_Anexos()
11/09/2019 08:06:33- DETALHADO -MD_Anexos.MD_Anexos(int codigo, MD_Cenario cenario)
11/09/2019 08:06:33- DETALHADO -MD_Anexos.Load()
11/09/2019 08:06:33- DETALHADO -MD_Anexos.RetornaAnexoFromFileName()
11/09/2019 08:06:33- DETALHADO -MD_Anexos.MD_Anexos()
11/09/2019 08:06:33- DETALHADO -MD_Anexos.MD_Anexos(int codigo, MD_Cenario cenario)
11/09/2019 08:06:33- DETALHADO -MD_Anexos.Load()
11/09/2019 08:06:33- DETALHADO -Document.CriarPdf()
11/09/2019 08:06:33- DETALHADO -C:\Program Files (x86)\CaseMaker\Tester_Documents -i "C:\Program Files (x86)\CaseMaker\TEMP\saida.xml" -o "C:\Users\Landix\Desktop" -c "C:\Program Files (x86)\CaseMaker\TEMP\file_json.json" -l
11/09/2019 08:06:33- SIMPLES -
11/09/2019 08:06:33- SIMPLES -
11/09/2019 08:06:33- SIMPLES -----------------------------------------------------------------------------------------------------------------------
11/09/2019 08:06:33- SIMPLES -Iniciando Programa
11/09/2019 08:06:33- SIMPLES -Arquivo de entrada: C:\Program Files (x86)\CaseMaker\TEMP\saida.xml
11/09/2019 08:06:33- SIMPLES -Diretório de saída: C:\Users\Landix\Desktop
11/09/2019 08:06:33- SIMPLES -Configuracao: C:\Program Files (x86)\CaseMaker\TEMP\file_json.json
11/09/2019 08:06:33- SIMPLES -Log: Detalhado
11/09/2019 08:06:33- DETALHADO -Program.CarregaConfiguracao
11/09/2019 08:06:33- DETALHADO -MD_PDFInformations.MD_PDFInformations()
11/09/2019 08:06:33- SIMPLES -Abrindo conexão. Banco: C:\Program Files (x86)\CaseMaker\BASE\pckdb.db3
11/09/2019 08:06:33- DETALHADO -MD_PDFInformations.MD_PDFInformations(codigo)
11/09/2019 08:06:33- DETALHADO -MD_PDFInformations.Load()
11/09/2019 08:06:33- DETALHADO -MD_PDFInformations.Insert()
11/09/2019 08:06:33- DETALHADO -MD_PDFInformations.VerificaExiste()
11/09/2019 08:06:33- DETALHADO -MD_PDFInformations.Update()
11/09/2019 08:06:33- DETALHADO -Configuração carregada com sucesso!
11/09/2019 08:06:33- DETALHADO -Program.Create
11/09/2019 08:06:33- DETALHADO -Documento_From_XML.GerarRelatorio
11/09/2019 08:06:33- DETALHADO -Documento.VerificaExisteFile
11/09/2019 08:06:33- DETALHADO -Documento.VerificaExisteDirectory
11/09/2019 08:06:33- DETALHADO -Documento.MontaHTMLTabulado
11/09/2019 08:06:33- DETALHADO -Documento.MontaImagemFromHtml
11/09/2019 08:06:33- DETALHADO -Documento.MontaImagemFromHtml
11/09/2019 08:06:33- DETALHADO -Documento.VerificaExisteFile
11/09/2019 08:06:34- DETALHADO -Documento.MontaHTMLTabulado
11/09/2019 08:06:34- DETALHADO -Documento.MontaImagemFromHtml
11/09/2019 08:06:34- DETALHADO -Documento.MontaImagemFromHtml
11/09/2019 08:06:34- DETALHADO -Documento.VerificaExisteFile
11/09/2019 08:06:34- DETALHADO -Documento.MontaHTMLTabulado
11/09/2019 08:06:34- DETALHADO -Documento.MontaImagemFromHtml
11/09/2019 08:06:34- DETALHADO -Documento.MontaImagemFromHtml
11/09/2019 08:06:34- DETALHADO -Documento.VerificaExisteFile
11/09/2019 08:06:34- DETALHADO -Documento.MontaHTMLTabulado
11/09/2019 08:06:34- DETALHADO -Documento.MontaImagemFromHtml
11/09/2019 08:06:34- DETALHADO -Documento.MontaImagemFromHtml
11/09/2019 08:06:34- DETALHADO -Documento.VerificaExisteFile
11/09/2019 08:06:34- DETALHADO -MD_PDFInformations.MD_PDFInformations()
11/09/2019 08:06:34- DETALHADO -MD_PDFInformations.MD_PDFInformations(codigo)
11/09/2019 08:06:34- DETALHADO -MD_PDFInformations.Load()
11/09/2019 08:06:34- DETALHADO -Documento.MontaPDFFromImages
11/09/2019 08:06:34- DETALHADO -Documento.VerificaExisteFile
11/09/2019 08:06:34- DETALHADO -Documento.VerificaExisteFile
11/09/2019 08:06:34- DETALHADO -Documento.VerificaExisteFile
11/09/2019 08:06:34- DETALHADO -Documento.VerificaExisteFile
11/09/2019 08:06:34- DETALHADO -MD_PDFInformations.MD_PDFInformations()
11/09/2019 08:06:34- DETALHADO -MD_PDFInformations.MD_PDFInformations(codigo)
11/09/2019 08:06:34- DETALHADO -MD_PDFInformations.Load()
11/09/2019 08:06:34- SIMPLES -Arquivo gerado com sucesso. C:\Users\Landix\Desktop\saida.pdf
11/09/2019 08:06:34- SIMPLES -Finalizando Programa
11/09/2019 08:06:34- SIMPLES -----------------------------------------------------------------------------------------------------------------------
11/09/2019 08:06:36- DETALHADO -Document.ExecutaFile()
11/09/2019 08:06:54- DETALHADO -FO_Principal.trv_projetos_AfterSelect()
11/09/2019 08:06:54- DETALHADO -FO_Principal.AbrePagina()
11/09/2019 08:06:54- DETALHADO -MD_Project.MD_Project()
11/09/2019 08:06:54- DETALHADO -MD_Project.MD_Project(codigo)
11/09/2019 08:06:54- DETALHADO -MD_Project.Load()
11/09/2019 08:06:54- DETALHADO -MD_Estimativa.MD_Estimativa()
11/09/2019 08:06:54- DETALHADO -MD_Estimativa.MD_Estimativa()
11/09/2019 08:06:54- DETALHADO -MD_Estimativa.Load()
11/09/2019 08:06:54- DETALHADO -UC_CadastroEstimativa.UC_CadastroEstimativa()
11/09/2019 08:06:54- DETALHADO -UC_CadastroEstimativa.IniciaUserControl()
11/09/2019 08:06:54- DETALHADO -UC_CadastroEstimativa.PopulaLabels()
11/09/2019 08:06:54- DETALHADO -Document.CalculaTempoTotalEstimativa()
11/09/2019 08:06:54- DETALHADO -UC_CadastroEstimativa.CarregaCampos()
11/09/2019 08:06:54- DETALHADO -FO_Principal.AbreJanela()
11/09/2019 08:06:54- DETALHADO -FO_Principal.FecharTela()
11/09/2019 08:07:02- DETALHADO -FO_Principal.trv_projetos_AfterSelect()
11/09/2019 08:07:02- DETALHADO -FO_Principal.AbrePagina()
11/09/2019 08:07:34- SIMPLES ---------------------------------------Finalizando sistema
11/09/2019 08:08:48- SIMPLES -Abrindo conexão. Banco: C:\Program Files (x86)\CaseMaker\BASE\pckdb.db3
11/09/2019 08:08:48- SIMPLES ---------------------------------------Iniciando sistema
11/09/2019 08:08:48- DETALHADO -MD_Status.MD_Status()
11/09/2019 08:08:48- DETALHADO -MD_Status.InserirPrincipais()
11/09/2019 08:08:48- DETALHADO -MD_Status.MD_Status()
11/09/2019 08:08:48- DETALHADO -MD_Status.Load()
11/09/2019 08:08:48- DETALHADO -MD_Project.MD_Project()
11/09/2019 08:08:48- DETALHADO -MD_Project.MD_Project(codigo)
11/09/2019 08:08:48- DETALHADO -MD_Project.Load()
11/09/2019 08:08:48- DETALHADO -MD_Estimativa.MD_Estimativa()
11/09/2019 08:08:48- DETALHADO -MD_Estimativa.MD_Estimativa()
11/09/2019 08:08:48- DETALHADO -MD_Estimativa.Load()
11/09/2019 08:08:48- DETALHADO -MD_Estimativa.MD_Estimativa()
11/09/2019 08:08:48- DETALHADO -MD_Cenario.MD_Cenario()
11/09/2019 08:08:48- DETALHADO -MD_Cenario.Load()
11/09/2019 08:08:48- DETALHADO -MD_Anexos.MD_Anexos()
11/09/2019 08:08:48- DETALHADO -MD_Anexos.MD_Anexos(int codigo, MD_Cenario cenario)
11/09/2019 08:08:48- DETALHADO -MD_Anexos.Load()
11/09/2019 08:08:48- DETALHADO -MD_Status.InserirPrincipais()
11/09/2019 08:08:48- DETALHADO -FO_Principal.FO_Principal()
11/09/2019 08:08:48- DETALHADO -FO_Principal.IniciaForm()
11/09/2019 08:08:48- DETALHADO -FO_Principal.CarregaTreeView()
11/09/2019 08:08:48- DETALHADO -MD_Project.MD_Project()
11/09/2019 08:08:48- DETALHADO -MD_Project.MD_Project(codigo)
11/09/2019 08:08:48- DETALHADO -MD_Project.Load()
11/09/2019 08:08:48- DETALHADO -MD_Project.RetornaTodosProjetos()
11/09/2019 08:08:48- DETALHADO -MD_Project.MD_Project()
11/09/2019 08:08:48- DETALHADO -MD_Project.MD_Project(codigo)
11/09/2019 08:08:48- DETALHADO -MD_Project.Load()
11/09/2019 08:08:48- DETALHADO -FO_Principal.AdicionarEstimativas()
11/09/2019 08:08:48- DETALHADO -MD_Project.GetEstimativa()
11/09/2019 08:08:48- DETALHADO -MD_Estimativa.MD_Estimativa()
11/09/2019 08:08:48- DETALHADO -MD_Estimativa.MD_Estimativa()
11/09/2019 08:08:48- DETALHADO -MD_Estimativa.Load()
11/09/2019 08:08:48- DETALHADO -Document.CalculaTempoTotalEstimativa()
11/09/2019 08:08:48- DETALHADO -FO_Principal.AdicionaCenarios()
11/09/2019 08:08:48- DETALHADO -MD_Estimativa.MD_Estimativa()
11/09/2019 08:08:48- DETALHADO -MD_Cenario.MD_Cenario()
11/09/2019 08:08:48- DETALHADO -MD_Cenario.Load()
11/09/2019 08:08:48- DETALHADO -MD_Status.MD_Status()
11/09/2019 08:08:48- DETALHADO -MD_Status.InserirPrincipais()
11/09/2019 08:08:48- DETALHADO -MD_Status.MD_Status()
11/09/2019 08:08:48- DETALHADO -MD_Status.Load()
11/09/2019 08:08:48- DETALHADO -MD_Cenario.RetornaTodosCenarios()
11/09/2019 08:08:48- DETALHADO -MD_Estimativa.MD_Estimativa()
11/09/2019 08:08:48- DETALHADO -MD_Cenario.MD_Cenario()
11/09/2019 08:08:48- DETALHADO -MD_Cenario.Load()
11/09/2019 08:08:48- DETALHADO -MD_Status.MD_Status()
11/09/2019 08:08:48- DETALHADO -MD_Status.InserirPrincipais()
11/09/2019 08:08:48- DETALHADO -MD_Status.MD_Status()
11/09/2019 08:08:48- DETALHADO -MD_Status.Load()
11/09/2019 08:09:50- DETALHADO -FO_Principal.trv_projetos_AfterSelect()
11/09/2019 08:09:50- DETALHADO -FO_Principal.AbrePagina()
11/09/2019 08:09:50- DETALHADO -MD_Project.MD_Project()
11/09/2019 08:09:50- DETALHADO -MD_Project.MD_Project(codigo)
11/09/2019 08:09:50- DETALHADO -MD_Project.Load()
11/09/2019 08:09:50- DETALHADO -MD_Estimativa.MD_Estimativa()
11/09/2019 08:09:50- DETALHADO -MD_Estimativa.MD_Estimativa()
11/09/2019 08:09:50- DETALHADO -MD_Estimativa.Load()
11/09/2019 08:09:50- DETALHADO -UC_CadastroEstimativa.UC_CadastroEstimativa()
11/09/2019 08:09:50- DETALHADO -UC_CadastroEstimativa.IniciaUserControl()
11/09/2019 08:09:50- DETALHADO -UC_CadastroEstimativa.PopulaLabels()
11/09/2019 08:09:50- DETALHADO -Document.CalculaTempoTotalEstimativa()
11/09/2019 08:09:50- DETALHADO -UC_CadastroEstimativa.CarregaCampos()
11/09/2019 08:09:50- DETALHADO -FO_Principal.AbreJanela()
11/09/2019 08:10:59- DETALHADO -FO_Principal.trv_projetos_AfterSelect()
11/09/2019 08:10:59- DETALHADO -FO_Principal.AbrePagina()
11/09/2019 08:11:07- DETALHADO -FO_Principal.trv_projetos_AfterSelect()
11/09/2019 08:11:07- DETALHADO -FO_Principal.AbrePagina()
11/09/2019 08:11:07- DETALHADO -FO_Principal.AbrirJanelaDeCadastro()
11/09/2019 08:11:07- DETALHADO -UC_CadastroEstimativa.UC_CadastroProjeto()
11/09/2019 08:11:07- DETALHADO -MD_Project.MD_Project()
11/09/2019 08:11:07- DETALHADO -MD_Project.MD_Project(codigo)
11/09/2019 08:11:07- DETALHADO -MD_Project.Load()
11/09/2019 08:11:07- DETALHADO -UC_CadastroEstimativa.IniciaUserControl()
11/09/2019 08:11:07- DETALHADO -UC_CadastroEstimativa.CarregaLabels()
11/09/2019 08:11:07- DETALHADO -UC_CadastroEstimativa.SetaEnableEntradas()
11/09/2019 08:11:07- DETALHADO -UC_CadastroEstimativa.CarregaBotoes()
11/09/2019 08:11:07- DETALHADO -FO_Principal.AbreJanela()
11/09/2019 08:11:08- DETALHADO -FO_Principal.trv_projetos_AfterSelect()
11/09/2019 08:11:08- DETALHADO -FO_Principal.AbrePagina()
11/09/2019 08:11:08- DETALHADO -MD_Project.MD_Project()
11/09/2019 08:11:08- DETALHADO -MD_Project.MD_Project(codigo)
11/09/2019 08:11:08- DETALHADO -MD_Project.Load()
11/09/2019 08:11:08- DETALHADO -MD_Estimativa.MD_Estimativa()
11/09/2019 08:11:08- DETALHADO -MD_Estimativa.MD_Estimativa()
11/09/2019 08:11:08- DETALHADO -MD_Estimativa.Load()
11/09/2019 08:11:08- DETALHADO -UC_CadastroEstimativa.UC_CadastroEstimativa()
11/09/2019 08:11:08- DETALHADO -UC_CadastroEstimativa.IniciaUserControl()
11/09/2019 08:11:08- DETALHADO -UC_CadastroEstimativa.PopulaLabels()
11/09/2019 08:11:08- DETALHADO -Document.CalculaTempoTotalEstimativa()
11/09/2019 08:11:08- DETALHADO -UC_CadastroEstimativa.CarregaCampos()
11/09/2019 08:11:08- DETALHADO -FO_Principal.AbreJanela()
11/09/2019 08:11:08- DETALHADO -FO_Principal.FecharTela()
11/09/2019 08:11:09- DETALHADO -FO_Principal.trv_projetos_AfterSelect()
11/09/2019 08:11:09- DETALHADO -FO_Principal.AbrePagina()
11/09/2019 08:11:21- DETALHADO -FO_Principal.trv_projetos_AfterSelect()
11/09/2019 08:11:21- DETALHADO -FO_Principal.AbrePagina()
11/09/2019 08:11:21- DETALHADO -MD_Project.MD_Project()
11/09/2019 08:11:21- DETALHADO -MD_Project.MD_Project(codigo)
11/09/2019 08:11:21- DETALHADO -MD_Project.Load()
11/09/2019 08:11:21- DETALHADO -MD_Estimativa.MD_Estimativa()
11/09/2019 08:11:21- DETALHADO -MD_Estimativa.MD_Estimativa()
11/09/2019 08:11:21- DETALHADO -MD_Estimativa.Load()
11/09/2019 08:11:21- DETALHADO -UC_CadastroEstimativa.UC_CadastroEstimativa()
11/09/2019 08:11:21- DETALHADO -UC_CadastroEstimativa.IniciaUserControl()
11/09/2019 08:11:21- DETALHADO -UC_CadastroEstimativa.PopulaLabels()
11/09/2019 08:11:21- DETALHADO -Document.CalculaTempoTotalEstimativa()
11/09/2019 08:11:21- DETALHADO -UC_CadastroEstimativa.CarregaCampos()
11/09/2019 08:11:21- DETALHADO -FO_Principal.AbreJanela()
11/09/2019 08:11:21- DETALHADO -FO_Principal.FecharTela()
11/09/2019 08:11:49- DETALHADO -FO_Principal.trv_projetos_AfterSelect()
11/09/2019 08:11:49- DETALHADO -FO_Principal.AbrePagina()
11/09/2019 08:11:49- DETALHADO -FO_Principal.AbrirJanelaDeCadastro()
11/09/2019 08:11:49- DETALHADO -UC_CadastroEstimativa.UC_CadastroProjeto()
11/09/2019 08:11:49- DETALHADO -MD_Project.MD_Project()
11/09/2019 08:11:49- DETALHADO -MD_Project.MD_Project(codigo)
11/09/2019 08:11:49- DETALHADO -MD_Project.Load()
11/09/2019 08:11:49- DETALHADO -UC_CadastroEstimativa.IniciaUserControl()
11/09/2019 08:11:49- DETALHADO -UC_CadastroEstimativa.CarregaLabels()
11/09/2019 08:11:49- DETALHADO -UC_CadastroEstimativa.SetaEnableEntradas()
11/09/2019 08:11:49- DETALHADO -UC_CadastroEstimativa.CarregaBotoes()
11/09/2019 08:11:49- DETALHADO -FO_Principal.AbreJanela()
11/09/2019 08:11:49- DETALHADO -FO_Principal.FecharTela()
11/09/2019 08:15:41- SIMPLES ---------------------------------------Finalizando sistema
