17/09/2019 11:30:08- SIMPLES -Abrindo conexão. Banco: C:\Program Files (x86)\CaseMaker\BASE\pckdb.db3
17/09/2019 11:30:08- SIMPLES ---------------------------------------Iniciando sistema
17/09/2019 11:30:08- DETALHADO -MD_Status.MD_Status()
17/09/2019 11:30:08- DETALHADO -MD_Status.InserirPrincipais()
17/09/2019 11:30:08- DETALHADO -MD_Status.MD_Status()
17/09/2019 11:30:08- DETALHADO -MD_Status.Load()
17/09/2019 11:30:08- DETALHADO -MD_Project.MD_Project()
17/09/2019 11:30:08- DETALHADO -MD_Project.MD_Project(codigo)
17/09/2019 11:30:08- DETALHADO -MD_Project.Load()
17/09/2019 11:30:08- DETALHADO -MD_Estimativa.MD_Estimativa()
17/09/2019 11:30:08- DETALHADO -MD_Estimativa.MD_Estimativa()
17/09/2019 11:30:08- DETALHADO -MD_Estimativa.Load()
17/09/2019 11:30:08- DETALHADO -MD_Estimativa.MD_Estimativa()
17/09/2019 11:30:08- DETALHADO -MD_Cenario.MD_Cenario()
17/09/2019 11:30:08- DETALHADO -MD_Cenario.Load()
17/09/2019 11:30:08- DETALHADO -MD_Anexos.MD_Anexos()
17/09/2019 11:30:08- DETALHADO -MD_Anexos.MD_Anexos(int codigo, MD_Cenario cenario)
17/09/2019 11:30:08- DETALHADO -MD_Anexos.Load()
17/09/2019 11:30:08- DETALHADO -MD_Status.InserirPrincipais()
17/09/2019 11:30:08- DETALHADO -FO_Principal.FO_Principal()
17/09/2019 11:30:08- DETALHADO -FO_Principal.IniciaForm()
17/09/2019 11:30:08- DETALHADO -FO_Principal.CarregaTreeView()
17/09/2019 11:30:08- DETALHADO -MD_Project.MD_Project()
17/09/2019 11:30:08- DETALHADO -MD_Project.MD_Project(codigo)
17/09/2019 11:30:08- DETALHADO -MD_Project.Load()
17/09/2019 11:30:08- DETALHADO -MD_Project.RetornaTodosProjetos()
17/09/2019 11:30:08- DETALHADO -MD_Project.MD_Project()
17/09/2019 11:30:08- DETALHADO -MD_Project.MD_Project(codigo)
17/09/2019 11:30:08- DETALHADO -MD_Project.Load()
17/09/2019 11:30:08- DETALHADO -FO_Principal.AdicionarEstimativas()
17/09/2019 11:30:08- DETALHADO -MD_Project.GetEstimativa()
17/09/2019 11:30:08- DETALHADO -MD_Estimativa.MD_Estimativa()
17/09/2019 11:30:08- DETALHADO -MD_Estimativa.MD_Estimativa()
17/09/2019 11:30:08- DETALHADO -MD_Estimativa.Load()
17/09/2019 11:30:08- DETALHADO -Document.CalculaTempoTotalEstimativa()
17/09/2019 11:30:08- DETALHADO -FO_Principal.AdicionaCenarios()
17/09/2019 11:30:08- DETALHADO -MD_Estimativa.MD_Estimativa()
17/09/2019 11:30:08- DETALHADO -MD_Cenario.MD_Cenario()
17/09/2019 11:30:08- DETALHADO -MD_Cenario.Load()
17/09/2019 11:30:08- DETALHADO -MD_Status.MD_Status()
17/09/2019 11:30:08- DETALHADO -MD_Status.InserirPrincipais()
17/09/2019 11:30:08- DETALHADO -MD_Status.MD_Status()
17/09/2019 11:30:08- DETALHADO -MD_Status.Load()
17/09/2019 11:30:08- DETALHADO -MD_Cenario.RetornaTodosCenarios()
17/09/2019 11:30:08- DETALHADO -MD_Estimativa.MD_Estimativa()
17/09/2019 11:30:08- DETALHADO -MD_Cenario.MD_Cenario()
17/09/2019 11:30:08- DETALHADO -MD_Cenario.Load()
17/09/2019 11:30:08- DETALHADO -MD_Status.MD_Status()
17/09/2019 11:30:08- DETALHADO -MD_Status.InserirPrincipais()
17/09/2019 11:30:08- DETALHADO -MD_Status.MD_Status()
17/09/2019 11:30:08- DETALHADO -MD_Status.Load()
17/09/2019 11:30:11- DETALHADO -FO_Principal.trv_projetos_AfterSelect()
17/09/2019 11:30:11- DETALHADO -FO_Principal.AbrePagina()
17/09/2019 11:30:11- DETALHADO -FO_Principal.AbrirJanelaDeCadastro()
17/09/2019 11:30:11- DETALHADO -UC_CadastroEstimativa.UC_CadastroProjeto()
17/09/2019 11:30:11- DETALHADO -MD_Project.MD_Project()
17/09/2019 11:30:11- DETALHADO -MD_Project.MD_Project(codigo)
17/09/2019 11:30:11- DETALHADO -MD_Project.Load()
17/09/2019 11:30:11- DETALHADO -UC_CadastroEstimativa.IniciaUserControl()
17/09/2019 11:30:11- DETALHADO -UC_CadastroEstimativa.CarregaLabels()
17/09/2019 11:30:11- DETALHADO -UC_CadastroEstimativa.SetaEnableEntradas()
17/09/2019 11:30:11- DETALHADO -UC_CadastroEstimativa.CarregaBotoes()
17/09/2019 11:30:11- DETALHADO -FO_Principal.AbreJanela()
17/09/2019 11:30:12- DETALHADO -FO_Principal.item_excluir_selected_Click()
17/09/2019 11:30:12- DETALHADO -MD_Project.MD_Project()
17/09/2019 11:30:12- DETALHADO -MD_Project.MD_Project(codigo)
17/09/2019 11:30:12- DETALHADO -MD_Project.Load()
17/09/2019 11:30:13- DETALHADO -MD_Project.Delete()
17/09/2019 11:30:14- DETALHADO -FO_Principal.CarregaTreeView()
17/09/2019 11:30:14- DETALHADO -MD_Project.MD_Project()
17/09/2019 11:30:14- DETALHADO -MD_Project.MD_Project(codigo)
17/09/2019 11:30:14- DETALHADO -MD_Project.Load()
17/09/2019 11:30:14- DETALHADO -MD_Project.RetornaTodosProjetos()
17/09/2019 11:30:14- DETALHADO -FO_Principal.FecharTela()
17/09/2019 11:30:14- DETALHADO -FO_Principal.FecharTela()
17/09/2019 11:30:14- DETALHADO -FO_Principal.FecharTela()
17/09/2019 11:30:14- DETALHADO -FO_Principal.FecharTela()
17/09/2019 11:31:04- DETALHADO -FO_Principal.btn_novo_projeto_Click()
17/09/2019 11:31:04- DETALHADO -FO_Principal.AbrirJanelaDeCadastro()
17/09/2019 11:31:04- DETALHADO -UC_CadastroEstimativa.UC_CadastroProjeto()
17/09/2019 11:31:04- DETALHADO -MD_Project.MD_Project()
17/09/2019 11:31:04- DETALHADO -MD_Project.MD_Project(codigo)
17/09/2019 11:31:04- DETALHADO -MD_Project.Load()
17/09/2019 11:31:04- DETALHADO -UC_CadastroEstimativa.IniciaUserControl()
17/09/2019 11:31:04- DETALHADO -UC_CadastroEstimativa.CarregaLabels()
17/09/2019 11:31:04- DETALHADO -UC_CadastroEstimativa.SetaEnableEntradas()
17/09/2019 11:31:04- DETALHADO -UC_CadastroEstimativa.CarregaBotoes()
17/09/2019 11:31:04- DETALHADO -FO_Principal.AbreJanela()
17/09/2019 11:31:08- DETALHADO -UC_CadastroEstimativa.rbt_correcao_CheckedChanged()
17/09/2019 11:31:16- DETALHADO -UC_CadastroEstimativa.rbt_flex_CheckedChanged()
17/09/2019 11:31:17- DETALHADO -UC_CadastroEstimativa.rbt_sfv_CheckedChanged()
17/09/2019 11:31:58- DETALHADO -UC_CadastroEstimativa.btn_confirmar_Click()
17/09/2019 11:31:58- DETALHADO -UC_CadastroEstimativa.Incluir()
17/09/2019 11:31:58- DETALHADO -UC_CadastroEstimativa.ValidaCampos()
17/09/2019 11:31:58- DETALHADO -MD_Project.CopiaArquivo()
17/09/2019 11:31:58- DETALHADO -MD_Project.Insert()
17/09/2019 11:31:58- DETALHADO -MD_Estimativa.MD_Estimativa()
17/09/2019 11:31:58- DETALHADO -MD_Estimativa.MD_Estimativa()
17/09/2019 11:31:58- DETALHADO -MD_Estimativa.Load()
17/09/2019 11:31:58- DETALHADO -MD_Estimativa.Insert()
17/09/2019 11:31:59- DETALHADO -FO_Principal.CarregaTreeView()
17/09/2019 11:31:59- DETALHADO -MD_Project.MD_Project()
17/09/2019 11:31:59- DETALHADO -MD_Project.MD_Project(codigo)
17/09/2019 11:31:59- DETALHADO -MD_Project.Load()
17/09/2019 11:31:59- DETALHADO -MD_Project.RetornaTodosProjetos()
17/09/2019 11:31:59- DETALHADO -MD_Project.MD_Project()
17/09/2019 11:31:59- DETALHADO -MD_Project.MD_Project(codigo)
17/09/2019 11:31:59- DETALHADO -MD_Project.Load()
17/09/2019 11:31:59- DETALHADO -FO_Principal.AdicionarEstimativas()
17/09/2019 11:31:59- DETALHADO -MD_Project.GetEstimativa()
17/09/2019 11:31:59- DETALHADO -MD_Estimativa.MD_Estimativa()
17/09/2019 11:31:59- DETALHADO -MD_Estimativa.MD_Estimativa()
17/09/2019 11:31:59- DETALHADO -MD_Estimativa.Load()
17/09/2019 11:31:59- DETALHADO -Document.CalculaTempoTotalEstimativa()
17/09/2019 11:31:59- DETALHADO -FO_Principal.AdicionaCenarios()
17/09/2019 11:31:59- DETALHADO -MD_Estimativa.MD_Estimativa()
17/09/2019 11:31:59- DETALHADO -MD_Cenario.MD_Cenario()
17/09/2019 11:31:59- DETALHADO -MD_Cenario.Load()
17/09/2019 11:31:59- DETALHADO -MD_Cenario.RetornaTodosCenarios()
17/09/2019 11:31:59- DETALHADO -UC_CadastroEstimativa.CarregaLabels()
17/09/2019 11:31:59- DETALHADO -UC_CadastroEstimativa.SetaEnableEntradas()
17/09/2019 11:31:59- DETALHADO -UC_CadastroEstimativa.CarregaBotoes()
17/09/2019 14:13:07- DETALHADO -UC_CadastroProjeto.btn_geraRelCompleto_Click()
17/09/2019 14:13:07- DETALHADO -UC_CadastroProjeto.GeraRelatorio
17/09/2019 14:13:09- DETALHADO -FO_Agurade.FO_Agurade()
17/09/2019 14:13:09- DETALHADO -Document.CriaRelatorioCompleto
17/09/2019 14:13:09- DETALHADO -Document.CriaEstimativa
17/09/2019 14:13:09- DETALHADO -MD_Project.GetEstimativa()
17/09/2019 14:13:09- DETALHADO -MD_Estimativa.MD_Estimativa()
17/09/2019 14:13:09- DETALHADO -MD_Estimativa.MD_Estimativa()
17/09/2019 14:13:09- DETALHADO -MD_Estimativa.Load()
17/09/2019 14:13:09- DETALHADO -Document.CriaArquivoXML
17/09/2019 14:13:09- DETALHADO -MD_Project.GetEstimativa()
17/09/2019 14:13:09- DETALHADO -MD_Estimativa.MD_Estimativa()
17/09/2019 14:13:09- DETALHADO -MD_Estimativa.MD_Estimativa()
17/09/2019 14:13:09- DETALHADO -MD_Estimativa.Load()
17/09/2019 14:13:09- DETALHADO -Document.CriaTextoCopiarEstimativa()
17/09/2019 14:13:09- DETALHADO -MD_Project.GetEstimativa()
17/09/2019 14:13:09- DETALHADO -MD_Estimativa.MD_Estimativa()
17/09/2019 14:13:09- DETALHADO -MD_Estimativa.MD_Estimativa()
17/09/2019 14:13:09- DETALHADO -MD_Estimativa.Load()
17/09/2019 14:13:09- DETALHADO -Document.CalculaTempoTotalEstimativa()
17/09/2019 14:13:09- DETALHADO -MD_Project.GetCenarios()
17/09/2019 14:13:09- DETALHADO -Document.CriarPdf()
17/09/2019 14:13:09- DETALHADO -C:\Program Files (x86)\CaseMaker\Tester_Documents -i "C:\Program Files (x86)\CaseMaker\TEMP\saida.xml" -o "C:\Users\Landix\Desktop" -c "C:\Program Files (x86)\CaseMaker\TEMP\file_json.json" -l
17/09/2019 14:13:10- SIMPLES -
17/09/2019 14:13:10- SIMPLES -
17/09/2019 14:13:10- SIMPLES -----------------------------------------------------------------------------------------------------------------------
17/09/2019 14:13:10- SIMPLES -Iniciando Programa
17/09/2019 14:13:10- SIMPLES -Arquivo de entrada: C:\Program Files (x86)\CaseMaker\TEMP\saida.xml
17/09/2019 14:13:10- SIMPLES -Diretório de saída: C:\Users\Landix\Desktop
17/09/2019 14:13:10- SIMPLES -Configuracao: C:\Program Files (x86)\CaseMaker\TEMP\file_json.json
17/09/2019 14:13:10- SIMPLES -Log: Detalhado
17/09/2019 14:13:10- DETALHADO -Program.CarregaConfiguracao
17/09/2019 14:13:10- DETALHADO -MD_PDFInformations.MD_PDFInformations()
17/09/2019 14:13:10- SIMPLES -Abrindo conexão. Banco: C:\Program Files (x86)\CaseMaker\BASE\pckdb.db3
17/09/2019 14:13:10- DETALHADO -MD_PDFInformations.MD_PDFInformations(codigo)
17/09/2019 14:13:10- DETALHADO -MD_PDFInformations.Load()
17/09/2019 14:13:10- DETALHADO -MD_PDFInformations.Insert()
17/09/2019 14:13:10- DETALHADO -MD_PDFInformations.VerificaExiste()
17/09/2019 14:13:10- DETALHADO -MD_PDFInformations.Update()
17/09/2019 14:13:10- DETALHADO -Configuração carregada com sucesso!
17/09/2019 14:13:10- DETALHADO -Program.Create
17/09/2019 14:13:10- DETALHADO -Documento_From_XML.GerarRelatorio
17/09/2019 14:13:10- DETALHADO -Documento.VerificaExisteFile
17/09/2019 14:13:10- DETALHADO -Documento.VerificaExisteDirectory
17/09/2019 14:13:10- DETALHADO -Documento.MontaHTMLTabulado
17/09/2019 14:13:10- DETALHADO -Documento.MontaImagemFromHtml
17/09/2019 14:13:10- DETALHADO -Documento.MontaImagemFromHtml
17/09/2019 14:13:10- DETALHADO -Documento.VerificaExisteFile
17/09/2019 14:13:16- DETALHADO -Documento.MontaHTMLTabulado
17/09/2019 14:13:16- DETALHADO -Documento.MontaImagemFromHtml
17/09/2019 14:13:16- DETALHADO -Documento.MontaImagemFromHtml
17/09/2019 14:13:16- DETALHADO -Documento.VerificaExisteFile
17/09/2019 14:13:16- DETALHADO -MD_PDFInformations.MD_PDFInformations()
17/09/2019 14:13:16- DETALHADO -MD_PDFInformations.MD_PDFInformations(codigo)
17/09/2019 14:13:16- DETALHADO -MD_PDFInformations.Load()
17/09/2019 14:13:16- DETALHADO -Documento.MontaPDFFromImages
17/09/2019 14:13:16- DETALHADO -Documento.VerificaExisteFile
17/09/2019 14:13:16- DETALHADO -Documento.VerificaExisteFile
17/09/2019 14:13:16- DETALHADO -MD_PDFInformations.MD_PDFInformations()
17/09/2019 14:13:16- DETALHADO -MD_PDFInformations.MD_PDFInformations(codigo)
17/09/2019 14:13:16- DETALHADO -MD_PDFInformations.Load()
17/09/2019 14:13:16- SIMPLES -Arquivo gerado com sucesso. C:\Users\Landix\Desktop\saida.pdf
17/09/2019 14:13:16- SIMPLES -Finalizando Programa
17/09/2019 14:13:16- SIMPLES -----------------------------------------------------------------------------------------------------------------------
17/09/2019 14:13:19- DETALHADO -Document.ExecutaFile()
17/09/2019 14:40:08- DETALHADO -FO_Principal.trv_projetos_AfterSelect()
17/09/2019 14:40:08- DETALHADO -FO_Principal.AbrePagina()
17/09/2019 14:40:08- DETALHADO -FO_Principal.AbrirJanelaDeCadastro()
17/09/2019 14:40:08- DETALHADO -UC_CadastroEstimativa.UC_CadastroProjeto()
17/09/2019 14:40:08- DETALHADO -MD_Project.MD_Project()
17/09/2019 14:40:08- DETALHADO -MD_Project.MD_Project(codigo)
17/09/2019 14:40:08- DETALHADO -MD_Project.Load()
17/09/2019 14:40:08- DETALHADO -UC_CadastroEstimativa.IniciaUserControl()
17/09/2019 14:40:08- DETALHADO -UC_CadastroEstimativa.CarregaLabels()
17/09/2019 14:40:08- DETALHADO -UC_CadastroEstimativa.SetaEnableEntradas()
17/09/2019 14:40:08- DETALHADO -UC_CadastroEstimativa.CarregaBotoes()
17/09/2019 14:40:08- DETALHADO -FO_Principal.AbreJanela()
17/09/2019 14:40:09- DETALHADO -FO_Principal.trv_projetos_AfterSelect()
17/09/2019 14:40:09- DETALHADO -FO_Principal.AbrePagina()
17/09/2019 14:40:09- DETALHADO -MD_Project.MD_Project()
17/09/2019 14:40:09- DETALHADO -MD_Project.MD_Project(codigo)
17/09/2019 14:40:09- DETALHADO -MD_Project.Load()
17/09/2019 14:40:09- DETALHADO -MD_Estimativa.MD_Estimativa()
17/09/2019 14:40:09- DETALHADO -MD_Estimativa.MD_Estimativa()
17/09/2019 14:40:09- DETALHADO -MD_Estimativa.Load()
17/09/2019 14:40:09- DETALHADO -UC_CadastroEstimativa.UC_CadastroEstimativa()
17/09/2019 14:40:09- DETALHADO -UC_CadastroEstimativa.IniciaUserControl()
17/09/2019 14:40:09- DETALHADO -UC_CadastroEstimativa.PopulaLabels()
17/09/2019 14:40:09- DETALHADO -Document.CalculaTempoTotalEstimativa()
17/09/2019 14:40:09- DETALHADO -UC_CadastroEstimativa.CarregaCampos()
17/09/2019 14:40:09- DETALHADO -FO_Principal.AbreJanela()
17/09/2019 14:40:09- DETALHADO -FO_Principal.item_incluir_estimativa_selected_Click()
17/09/2019 14:40:09- DETALHADO -MD_Project.MD_Project()
17/09/2019 14:40:09- DETALHADO -MD_Project.MD_Project(codigo)
17/09/2019 14:40:09- DETALHADO -MD_Project.Load()
17/09/2019 14:40:09- DETALHADO -MD_Project.GetEstimativa()
17/09/2019 14:40:09- DETALHADO -MD_Estimativa.MD_Estimativa()
17/09/2019 14:40:09- DETALHADO -MD_Estimativa.MD_Estimativa()
17/09/2019 14:40:09- DETALHADO -MD_Estimativa.Load()
17/09/2019 14:40:09- DETALHADO -UC_CadastroEstimativa.UC_CadastroEstimativa()
17/09/2019 14:40:09- DETALHADO -UC_CadastroEstimativa.IniciaUserControl()
17/09/2019 14:40:09- DETALHADO -UC_CadastroEstimativa.PopulaLabels()
17/09/2019 14:40:09- DETALHADO -Document.CalculaTempoTotalEstimativa()
17/09/2019 14:40:09- DETALHADO -UC_CadastroEstimativa.CarregaCampos()
17/09/2019 14:40:09- DETALHADO -FO_Principal.AbreJanela()
17/09/2019 14:40:09- DETALHADO -FO_Principal.FecharTela()
17/09/2019 14:40:25- DETALHADO -UC_CadastroEstimativa.btn_confirmar_Click()
17/09/2019 14:40:25- DETALHADO -UC_CadastroEstimativa.Editar()
17/09/2019 14:40:25- DETALHADO -MD_Estimativa.Update()
17/09/2019 14:40:25- DETALHADO -UC_CadastroEstimativa.PopulaLabels()
17/09/2019 14:40:25- DETALHADO -Document.CalculaTempoTotalEstimativa()
17/09/2019 14:40:26- DETALHADO -UC_CadastroEstimativa.PopulaLabels()
17/09/2019 14:40:26- DETALHADO -Document.CalculaTempoTotalEstimativa()
17/09/2019 14:40:26- DETALHADO -FO_Principal.CarregaTreeView()
17/09/2019 14:40:26- DETALHADO -MD_Project.MD_Project()
17/09/2019 14:40:26- DETALHADO -MD_Project.MD_Project(codigo)
17/09/2019 14:40:26- DETALHADO -MD_Project.Load()
17/09/2019 14:40:26- DETALHADO -MD_Project.RetornaTodosProjetos()
17/09/2019 14:40:26- DETALHADO -MD_Project.MD_Project()
17/09/2019 14:40:26- DETALHADO -MD_Project.MD_Project(codigo)
17/09/2019 14:40:26- DETALHADO -MD_Project.Load()
17/09/2019 14:40:26- DETALHADO -FO_Principal.AdicionarEstimativas()
17/09/2019 14:40:26- DETALHADO -MD_Project.GetEstimativa()
17/09/2019 14:40:26- DETALHADO -MD_Estimativa.MD_Estimativa()
17/09/2019 14:40:26- DETALHADO -MD_Estimativa.MD_Estimativa()
17/09/2019 14:40:26- DETALHADO -MD_Estimativa.Load()
17/09/2019 14:40:26- DETALHADO -Document.CalculaTempoTotalEstimativa()
17/09/2019 14:40:26- DETALHADO -FO_Principal.AdicionaCenarios()
17/09/2019 14:40:26- DETALHADO -MD_Estimativa.MD_Estimativa()
17/09/2019 14:40:26- DETALHADO -MD_Cenario.MD_Cenario()
17/09/2019 14:40:26- DETALHADO -MD_Cenario.Load()
17/09/2019 14:40:26- DETALHADO -MD_Cenario.RetornaTodosCenarios()
17/09/2019 14:40:26- DETALHADO -UC_CadastroEstimativa.CarregaCampos()
17/09/2019 14:40:30- DETALHADO -FO_Principal.trv_projetos_AfterSelect()
17/09/2019 14:40:30- DETALHADO -FO_Principal.AbrePagina()
17/09/2019 14:40:35- DETALHADO -FO_Principal.item_incluir_caso_uso_selected_Click()
17/09/2019 14:40:35- DETALHADO -MD_Project.MD_Project()
17/09/2019 14:40:35- DETALHADO -MD_Project.MD_Project(codigo)
17/09/2019 14:40:35- DETALHADO -MD_Project.Load()
17/09/2019 14:40:35- DETALHADO -MD_Estimativa.MD_Estimativa()
17/09/2019 14:40:35- DETALHADO -MD_Cenario.MD_Cenario()
17/09/2019 14:40:35- DETALHADO -MD_Cenario.Load()
17/09/2019 14:40:35- DETALHADO -UC_CadastroCenarios.UC_CadastroCenarios()
17/09/2019 14:40:35- DETALHADO -UC_CadastroCenarios.CarregaForm()
17/09/2019 14:40:35- DETALHADO -UC_CadastroCenarios.PopulaLabels()
17/09/2019 14:40:35- DETALHADO -UC_CadastroCenarios.HabilitaCampos()
17/09/2019 14:40:35- DETALHADO -UC_CadastroCenarios.HabilitaBotoes()
17/09/2019 14:40:35- DETALHADO -UC_CadastroCenarios.CarregaComboStatus()
17/09/2019 14:40:35- DETALHADO -MD_Status.MD_Status()
17/09/2019 14:40:35- DETALHADO -MD_Status.InserirPrincipais()
17/09/2019 14:40:35- DETALHADO -MD_Status.MD_Status()
17/09/2019 14:40:35- DETALHADO -MD_Status.Load()
17/09/2019 14:40:35- DETALHADO -MD_Status.ComandoTodosStatus()
17/09/2019 14:40:35- DETALHADO -UC_CadastroCenarios.PreencheListView()
17/09/2019 14:40:35- DETALHADO -FO_Principal.AbreJanela()
17/09/2019 14:40:48- DETALHADO -UC_CadastroCenarios.btn_confirmar_Click()
17/09/2019 14:40:48- DETALHADO -UC_CadastroCenarios.Incluir()
17/09/2019 14:40:48- DETALHADO -UC_CadastroCenarios.VerificaCampos()
17/09/2019 14:40:48- DETALHADO -MD_Status.MD_Status()
17/09/2019 14:40:48- DETALHADO -MD_Status.InserirPrincipais()
17/09/2019 14:40:48- DETALHADO -MD_Status.MD_Status()
17/09/2019 14:40:48- DETALHADO -MD_Status.Load()
17/09/2019 14:40:48- DETALHADO -MD_Cenario.Insert()
17/09/2019 14:40:49- DETALHADO -UC_CadastroCenarios.PopulaLabels()
17/09/2019 14:40:49- DETALHADO -UC_CadastroCenarios.HabilitaCampos()
17/09/2019 14:40:49- DETALHADO -UC_CadastroCenarios.HabilitaBotoes()
17/09/2019 14:40:49- DETALHADO -FO_Principal.CarregaTreeView()
17/09/2019 14:40:49- DETALHADO -MD_Project.MD_Project()
17/09/2019 14:40:49- DETALHADO -MD_Project.MD_Project(codigo)
17/09/2019 14:40:49- DETALHADO -MD_Project.Load()
17/09/2019 14:40:49- DETALHADO -MD_Project.RetornaTodosProjetos()
17/09/2019 14:40:49- DETALHADO -MD_Project.MD_Project()
17/09/2019 14:40:49- DETALHADO -MD_Project.MD_Project(codigo)
17/09/2019 14:40:49- DETALHADO -MD_Project.Load()
17/09/2019 14:40:49- DETALHADO -FO_Principal.AdicionarEstimativas()
17/09/2019 14:40:49- DETALHADO -MD_Project.GetEstimativa()
17/09/2019 14:40:49- DETALHADO -MD_Estimativa.MD_Estimativa()
17/09/2019 14:40:49- DETALHADO -MD_Estimativa.MD_Estimativa()
17/09/2019 14:40:49- DETALHADO -MD_Estimativa.Load()
17/09/2019 14:40:49- DETALHADO -Document.CalculaTempoTotalEstimativa()
17/09/2019 14:40:49- DETALHADO -FO_Principal.AdicionaCenarios()
17/09/2019 14:40:49- DETALHADO -MD_Estimativa.MD_Estimativa()
17/09/2019 14:40:49- DETALHADO -MD_Cenario.MD_Cenario()
17/09/2019 14:40:49- DETALHADO -MD_Cenario.Load()
17/09/2019 14:40:49- DETALHADO -MD_Cenario.RetornaTodosCenarios()
17/09/2019 14:40:49- DETALHADO -MD_Estimativa.MD_Estimativa()
17/09/2019 14:40:49- DETALHADO -MD_Cenario.MD_Cenario()
17/09/2019 14:40:49- DETALHADO -MD_Cenario.Load()
17/09/2019 14:40:49- DETALHADO -MD_Status.MD_Status()
17/09/2019 14:40:49- DETALHADO -MD_Status.InserirPrincipais()
17/09/2019 14:40:49- DETALHADO -MD_Status.MD_Status()
17/09/2019 14:40:49- DETALHADO -MD_Status.Load()
17/09/2019 14:40:51- DETALHADO -FO_Principal.trv_projetos_AfterSelect()
17/09/2019 14:40:51- DETALHADO -FO_Principal.AbrePagina()
17/09/2019 14:40:51- DETALHADO -FO_Principal.AbrirJanelaDeCadastro()
17/09/2019 14:40:51- DETALHADO -UC_CadastroEstimativa.UC_CadastroProjeto()
17/09/2019 14:40:51- DETALHADO -MD_Project.MD_Project()
17/09/2019 14:40:51- DETALHADO -MD_Project.MD_Project(codigo)
17/09/2019 14:40:51- DETALHADO -MD_Project.Load()
17/09/2019 14:40:51- DETALHADO -UC_CadastroEstimativa.IniciaUserControl()
17/09/2019 14:40:51- DETALHADO -UC_CadastroEstimativa.CarregaLabels()
17/09/2019 14:40:51- DETALHADO -UC_CadastroEstimativa.SetaEnableEntradas()
17/09/2019 14:40:51- DETALHADO -UC_CadastroEstimativa.CarregaBotoes()
17/09/2019 14:40:51- DETALHADO -FO_Principal.AbreJanela()
17/09/2019 14:40:51- DETALHADO -FO_Principal.FecharTela()
17/09/2019 14:40:53- DETALHADO -UC_CadastroProjeto.btn_geraRelCompleto_Click()
17/09/2019 14:40:53- DETALHADO -UC_CadastroProjeto.GeraRelatorio
17/09/2019 14:40:53- DETALHADO -FO_Agurade.FO_Agurade()
17/09/2019 14:40:53- DETALHADO -Document.CriaRelatorioCompleto
17/09/2019 14:40:53- DETALHADO -Document.CriaEstimativa
17/09/2019 14:40:53- DETALHADO -MD_Project.GetEstimativa()
17/09/2019 14:40:53- DETALHADO -MD_Estimativa.MD_Estimativa()
17/09/2019 14:40:53- DETALHADO -MD_Estimativa.MD_Estimativa()
17/09/2019 14:40:53- DETALHADO -MD_Estimativa.Load()
17/09/2019 14:40:53- DETALHADO -Document.CriaArquivoXML
17/09/2019 14:40:53- DETALHADO -MD_Project.GetEstimativa()
17/09/2019 14:40:53- DETALHADO -MD_Estimativa.MD_Estimativa()
17/09/2019 14:40:53- DETALHADO -MD_Estimativa.MD_Estimativa()
17/09/2019 14:40:53- DETALHADO -MD_Estimativa.Load()
17/09/2019 14:40:53- DETALHADO -Document.CriaTextoCopiarEstimativa()
17/09/2019 14:40:53- DETALHADO -MD_Project.GetEstimativa()
17/09/2019 14:40:53- DETALHADO -MD_Estimativa.MD_Estimativa()
17/09/2019 14:40:53- DETALHADO -MD_Estimativa.MD_Estimativa()
17/09/2019 14:40:53- DETALHADO -MD_Estimativa.Load()
17/09/2019 14:40:53- DETALHADO -Document.CalculaTempoTotalEstimativa()
17/09/2019 14:40:53- DETALHADO -MD_Project.GetCenarios()
17/09/2019 14:40:53- DETALHADO -MD_Estimativa.MD_Estimativa()
17/09/2019 14:40:53- DETALHADO -MD_Cenario.MD_Cenario()
17/09/2019 14:40:53- DETALHADO -MD_Cenario.Load()
17/09/2019 14:40:53- DETALHADO -MD_Status.MD_Status()
17/09/2019 14:40:53- DETALHADO -MD_Status.InserirPrincipais()
17/09/2019 14:40:53- DETALHADO -MD_Status.MD_Status()
17/09/2019 14:40:53- DETALHADO -MD_Status.Load()
17/09/2019 14:40:53- DETALHADO -Document.GetTextoCenario()
17/09/2019 14:40:53- DETALHADO -Document.MontaCSVCenario()
17/09/2019 14:40:53- DETALHADO -Document.CriarPdf()
17/09/2019 14:40:53- DETALHADO -C:\Program Files (x86)\CaseMaker\Tester_Documents -i "C:\Program Files (x86)\CaseMaker\TEMP\saida.xml" -o "C:\Users\Landix\Desktop" -c "C:\Program Files (x86)\CaseMaker\TEMP\file_json.json" -l
17/09/2019 14:40:54- SIMPLES -
17/09/2019 14:40:54- SIMPLES -
17/09/2019 14:40:54- SIMPLES -----------------------------------------------------------------------------------------------------------------------
17/09/2019 14:40:54- SIMPLES -Iniciando Programa
17/09/2019 14:40:54- SIMPLES -Arquivo de entrada: C:\Program Files (x86)\CaseMaker\TEMP\saida.xml
17/09/2019 14:40:54- SIMPLES -Diretório de saída: C:\Users\Landix\Desktop
17/09/2019 14:40:54- SIMPLES -Configuracao: C:\Program Files (x86)\CaseMaker\TEMP\file_json.json
17/09/2019 14:40:54- SIMPLES -Log: Detalhado
17/09/2019 14:40:54- DETALHADO -Program.CarregaConfiguracao
17/09/2019 14:40:54- DETALHADO -MD_PDFInformations.MD_PDFInformations()
17/09/2019 14:40:54- SIMPLES -Abrindo conexão. Banco: C:\Program Files (x86)\CaseMaker\BASE\pckdb.db3
17/09/2019 14:40:54- DETALHADO -MD_PDFInformations.MD_PDFInformations(codigo)
17/09/2019 14:40:54- DETALHADO -MD_PDFInformations.Load()
17/09/2019 14:40:54- DETALHADO -MD_PDFInformations.Insert()
17/09/2019 14:40:54- DETALHADO -MD_PDFInformations.VerificaExiste()
17/09/2019 14:40:54- DETALHADO -MD_PDFInformations.Update()
17/09/2019 14:40:54- DETALHADO -Configuração carregada com sucesso!
17/09/2019 14:40:54- DETALHADO -Program.Create
17/09/2019 14:40:54- DETALHADO -Documento_From_XML.GerarRelatorio
17/09/2019 14:40:54- DETALHADO -Documento.VerificaExisteFile
17/09/2019 14:40:54- DETALHADO -Documento.VerificaExisteDirectory
17/09/2019 14:40:54- DETALHADO -Documento.MontaHTMLTabulado
17/09/2019 14:40:54- DETALHADO -Documento.MontaImagemFromHtml
17/09/2019 14:40:54- DETALHADO -Documento.MontaImagemFromHtml
17/09/2019 14:40:54- DETALHADO -Documento.VerificaExisteFile
17/09/2019 14:40:54- DETALHADO -Documento.MontaHTMLTabulado
17/09/2019 14:40:54- DETALHADO -Documento.MontaImagemFromHtml
17/09/2019 14:40:54- DETALHADO -Documento.MontaImagemFromHtml
17/09/2019 14:40:54- DETALHADO -Documento.VerificaExisteFile
17/09/2019 14:40:54- DETALHADO -Documento.MontaHTMLTabulado
17/09/2019 14:40:54- DETALHADO -Documento.MontaImagemFromHtml
17/09/2019 14:40:54- DETALHADO -Documento.MontaImagemFromHtml
17/09/2019 14:40:54- DETALHADO -Documento.VerificaExisteFile
17/09/2019 14:40:54- DETALHADO -MD_PDFInformations.MD_PDFInformations()
17/09/2019 14:40:54- DETALHADO -MD_PDFInformations.MD_PDFInformations(codigo)
17/09/2019 14:40:54- DETALHADO -MD_PDFInformations.Load()
17/09/2019 14:40:54- DETALHADO -Documento.MontaPDFFromImages
17/09/2019 14:40:54- DETALHADO -Documento.VerificaExisteFile
17/09/2019 14:40:55- DETALHADO -Documento.VerificaExisteFile
17/09/2019 14:40:55- DETALHADO -Documento.VerificaExisteFile
17/09/2019 14:40:55- SIMPLES -O processo não pode acessar o arquivo 'C:\Users\Landix\Desktop\saida.pdf' porque ele está sendo usado por outro processo.
17/09/2019 14:40:55- SIMPLES -Erro ao gerar o PDF! Erro: O processo não pode acessar o arquivo 'C:\Users\Landix\Desktop\saida.pdf' porque ele está sendo usado por outro processo.
17/09/2019 14:40:55- SIMPLES -Finalizando Programa
17/09/2019 14:40:55- SIMPLES -----------------------------------------------------------------------------------------------------------------------
17/09/2019 14:40:56- DETALHADO -Document.ExecutaFile()
17/09/2019 14:41:42- DETALHADO -FO_Principal.trv_projetos_AfterSelect()
17/09/2019 14:41:42- DETALHADO -FO_Principal.AbrePagina()
17/09/2019 14:41:42- DETALHADO -MD_Project.MD_Project()
17/09/2019 14:41:42- DETALHADO -MD_Project.MD_Project(codigo)
17/09/2019 14:41:42- DETALHADO -MD_Project.Load()
17/09/2019 14:41:42- DETALHADO -MD_Estimativa.MD_Estimativa()
17/09/2019 14:41:42- DETALHADO -MD_Cenario.MD_Cenario()
17/09/2019 14:41:42- DETALHADO -MD_Cenario.Load()
17/09/2019 14:41:42- DETALHADO -MD_Status.MD_Status()
17/09/2019 14:41:42- DETALHADO -MD_Status.InserirPrincipais()
17/09/2019 14:41:42- DETALHADO -MD_Status.MD_Status()
17/09/2019 14:41:42- DETALHADO -MD_Status.Load()
17/09/2019 14:41:42- DETALHADO -UC_CadastroCenarios.UC_CadastroCenarios()
17/09/2019 14:41:42- DETALHADO -UC_CadastroCenarios.CarregaForm()
17/09/2019 14:41:42- DETALHADO -UC_CadastroCenarios.PopulaLabels()
17/09/2019 14:41:42- DETALHADO -UC_CadastroCenarios.HabilitaCampos()
17/09/2019 14:41:42- DETALHADO -UC_CadastroCenarios.HabilitaBotoes()
17/09/2019 14:41:42- DETALHADO -UC_CadastroCenarios.CarregaComboStatus()
17/09/2019 14:41:42- DETALHADO -MD_Status.MD_Status()
17/09/2019 14:41:42- DETALHADO -MD_Status.InserirPrincipais()
17/09/2019 14:41:42- DETALHADO -MD_Status.MD_Status()
17/09/2019 14:41:42- DETALHADO -MD_Status.Load()
17/09/2019 14:41:42- DETALHADO -MD_Status.ComandoTodosStatus()
17/09/2019 14:41:42- DETALHADO -UC_CadastroCenarios.PreencheListView()
17/09/2019 14:41:42- DETALHADO -FO_Principal.AbreJanela()
17/09/2019 14:41:42- DETALHADO -FO_Principal.FecharTela()
17/09/2019 14:41:44- DETALHADO -UC_CadastroCenarios.btn_gerar_document_Click()
17/09/2019 14:41:47- DETALHADO -FO_Agurade.FO_Agurade()
17/09/2019 14:41:47- DETALHADO -Document.CriaRelatoria
17/09/2019 14:41:47- DETALHADO -Document.CriaEstimativa
17/09/2019 14:41:47- DETALHADO -MD_Project.GetEstimativa()
17/09/2019 14:41:47- DETALHADO -MD_Estimativa.MD_Estimativa()
17/09/2019 14:41:47- DETALHADO -MD_Estimativa.MD_Estimativa()
17/09/2019 14:41:47- DETALHADO -MD_Estimativa.Load()
17/09/2019 14:41:47- DETALHADO -Document.CriaArquivoXML
17/09/2019 14:41:47- DETALHADO -Document.MontaCSVCenario()
17/09/2019 14:41:47- DETALHADO -Document.GetTextoCenario()
17/09/2019 14:41:47- DETALHADO -Document.CriarPdf()
17/09/2019 14:41:47- DETALHADO -C:\Program Files (x86)\CaseMaker\Tester_Documents -i "C:\Program Files (x86)\CaseMaker\TEMP\saida.xml" -o "C:\Users\Landix\Desktop" -c "C:\Program Files (x86)\CaseMaker\TEMP\file_json.json" -l
17/09/2019 14:41:47- SIMPLES -
17/09/2019 14:41:47- SIMPLES -
17/09/2019 14:41:47- SIMPLES -----------------------------------------------------------------------------------------------------------------------
17/09/2019 14:41:47- SIMPLES -Iniciando Programa
17/09/2019 14:41:47- SIMPLES -Arquivo de entrada: C:\Program Files (x86)\CaseMaker\TEMP\saida.xml
17/09/2019 14:41:47- SIMPLES -Diretório de saída: C:\Users\Landix\Desktop
17/09/2019 14:41:47- SIMPLES -Configuracao: C:\Program Files (x86)\CaseMaker\TEMP\file_json.json
17/09/2019 14:41:47- SIMPLES -Log: Detalhado
17/09/2019 14:41:47- DETALHADO -Program.CarregaConfiguracao
17/09/2019 14:41:47- DETALHADO -MD_PDFInformations.MD_PDFInformations()
17/09/2019 14:41:47- SIMPLES -Abrindo conexão. Banco: C:\Program Files (x86)\CaseMaker\BASE\pckdb.db3
17/09/2019 14:41:47- DETALHADO -MD_PDFInformations.MD_PDFInformations(codigo)
17/09/2019 14:41:47- DETALHADO -MD_PDFInformations.Load()
17/09/2019 14:41:47- DETALHADO -MD_PDFInformations.Insert()
17/09/2019 14:41:47- DETALHADO -MD_PDFInformations.VerificaExiste()
17/09/2019 14:41:47- DETALHADO -MD_PDFInformations.Update()
17/09/2019 14:41:47- DETALHADO -Configuração carregada com sucesso!
17/09/2019 14:41:47- DETALHADO -Program.Create
17/09/2019 14:41:47- DETALHADO -Documento_From_XML.GerarRelatorio
17/09/2019 14:41:47- DETALHADO -Documento.VerificaExisteFile
17/09/2019 14:41:47- DETALHADO -Documento.VerificaExisteDirectory
17/09/2019 14:41:47- DETALHADO -Documento.MontaHTMLTabulado
17/09/2019 14:41:47- DETALHADO -Documento.MontaImagemFromHtml
17/09/2019 14:41:47- DETALHADO -Documento.MontaImagemFromHtml
17/09/2019 14:41:47- DETALHADO -Documento.VerificaExisteFile
17/09/2019 14:41:47- DETALHADO -Documento.MontaHTMLTabulado
17/09/2019 14:41:47- DETALHADO -Documento.MontaImagemFromHtml
17/09/2019 14:41:47- DETALHADO -Documento.MontaImagemFromHtml
17/09/2019 14:41:47- DETALHADO -Documento.VerificaExisteFile
17/09/2019 14:41:47- DETALHADO -MD_PDFInformations.MD_PDFInformations()
17/09/2019 14:41:47- DETALHADO -MD_PDFInformations.MD_PDFInformations(codigo)
17/09/2019 14:41:47- DETALHADO -MD_PDFInformations.Load()
17/09/2019 14:41:47- DETALHADO -Documento.MontaPDFFromImages
17/09/2019 14:41:47- DETALHADO -Documento.VerificaExisteFile
17/09/2019 14:41:47- DETALHADO -Documento.VerificaExisteFile
17/09/2019 14:41:47- SIMPLES -O processo não pode acessar o arquivo 'C:\Users\Landix\Desktop\saida.pdf' porque ele está sendo usado por outro processo.
17/09/2019 14:41:47- SIMPLES -Erro ao gerar o PDF! Erro: O processo não pode acessar o arquivo 'C:\Users\Landix\Desktop\saida.pdf' porque ele está sendo usado por outro processo.
17/09/2019 14:41:47- SIMPLES -Finalizando Programa
17/09/2019 14:41:47- SIMPLES -----------------------------------------------------------------------------------------------------------------------
17/09/2019 14:41:49- DETALHADO -Document.ExecutaFile()
17/09/2019 15:01:46- DETALHADO -FO_Principal.trv_projetos_AfterSelect()
17/09/2019 15:01:46- DETALHADO -FO_Principal.AbrePagina()
17/09/2019 15:01:46- DETALHADO -FO_Principal.AbrirJanelaDeCadastro()
17/09/2019 15:01:46- DETALHADO -UC_CadastroEstimativa.UC_CadastroProjeto()
17/09/2019 15:01:46- DETALHADO -MD_Project.MD_Project()
17/09/2019 15:01:46- DETALHADO -MD_Project.MD_Project(codigo)
17/09/2019 15:01:46- DETALHADO -MD_Project.Load()
17/09/2019 15:01:46- DETALHADO -UC_CadastroEstimativa.IniciaUserControl()
17/09/2019 15:01:46- DETALHADO -UC_CadastroEstimativa.CarregaLabels()
17/09/2019 15:01:46- DETALHADO -UC_CadastroEstimativa.SetaEnableEntradas()
17/09/2019 15:01:46- DETALHADO -UC_CadastroEstimativa.CarregaBotoes()
17/09/2019 15:01:46- DETALHADO -FO_Principal.AbreJanela()
17/09/2019 15:01:46- DETALHADO -FO_Principal.FecharTela()
17/09/2019 15:01:48- DETALHADO -UC_CadastroEstimativa.btn_confirmar_Click()
17/09/2019 15:01:48- DETALHADO -UC_CadastroEstimativa.CarregaBotoes()
17/09/2019 15:01:48- DETALHADO -UC_CadastroEstimativa.CarregaLabels()
17/09/2019 15:01:48- DETALHADO -UC_CadastroEstimativa.SetaEnableEntradas()
17/09/2019 15:01:48- DETALHADO -FO_Principal.CarregaTreeView()
17/09/2019 15:01:48- DETALHADO -MD_Project.MD_Project()
17/09/2019 15:01:48- DETALHADO -MD_Project.MD_Project(codigo)
17/09/2019 15:01:48- DETALHADO -MD_Project.Load()
17/09/2019 15:01:48- DETALHADO -MD_Project.RetornaTodosProjetos()
17/09/2019 15:01:48- DETALHADO -MD_Project.MD_Project()
17/09/2019 15:01:48- DETALHADO -MD_Project.MD_Project(codigo)
17/09/2019 15:01:48- DETALHADO -MD_Project.Load()
17/09/2019 15:01:48- DETALHADO -FO_Principal.AdicionarEstimativas()
17/09/2019 15:01:48- DETALHADO -MD_Project.GetEstimativa()
17/09/2019 15:01:48- DETALHADO -MD_Estimativa.MD_Estimativa()
17/09/2019 15:01:48- DETALHADO -MD_Estimativa.MD_Estimativa()
17/09/2019 15:01:48- DETALHADO -MD_Estimativa.Load()
17/09/2019 15:01:48- DETALHADO -Document.CalculaTempoTotalEstimativa()
17/09/2019 15:01:48- DETALHADO -FO_Principal.AdicionaCenarios()
17/09/2019 15:01:48- DETALHADO -MD_Estimativa.MD_Estimativa()
17/09/2019 15:01:48- DETALHADO -MD_Cenario.MD_Cenario()
17/09/2019 15:01:48- DETALHADO -MD_Cenario.Load()
17/09/2019 15:01:48- DETALHADO -MD_Cenario.RetornaTodosCenarios()
17/09/2019 15:01:48- DETALHADO -MD_Estimativa.MD_Estimativa()
17/09/2019 15:01:48- DETALHADO -MD_Cenario.MD_Cenario()
17/09/2019 15:01:48- DETALHADO -MD_Cenario.Load()
17/09/2019 15:01:48- DETALHADO -MD_Status.MD_Status()
17/09/2019 15:01:48- DETALHADO -MD_Status.InserirPrincipais()
17/09/2019 15:01:48- DETALHADO -MD_Status.MD_Status()
17/09/2019 15:01:48- DETALHADO -MD_Status.Load()
17/09/2019 15:01:52- DETALHADO -UC_CadastroEstimativa.btn_confirmar_Click()
17/09/2019 15:01:52- DETALHADO -UC_CadastroEstimativa.Incluir()
17/09/2019 15:01:52- DETALHADO -UC_CadastroEstimativa.ValidaCampos()
17/09/2019 15:01:52- DETALHADO -MD_Project.CopiaArquivo()
17/09/2019 15:01:52- DETALHADO -MD_Project.Update()
17/09/2019 15:01:53- DETALHADO -FO_Principal.CarregaTreeView()
17/09/2019 15:01:53- DETALHADO -MD_Project.MD_Project()
17/09/2019 15:01:53- DETALHADO -MD_Project.MD_Project(codigo)
17/09/2019 15:01:53- DETALHADO -MD_Project.Load()
17/09/2019 15:01:53- DETALHADO -MD_Project.RetornaTodosProjetos()
17/09/2019 15:01:53- DETALHADO -MD_Project.MD_Project()
17/09/2019 15:01:53- DETALHADO -MD_Project.MD_Project(codigo)
17/09/2019 15:01:53- DETALHADO -MD_Project.Load()
17/09/2019 15:01:53- DETALHADO -FO_Principal.AdicionarEstimativas()
17/09/2019 15:01:53- DETALHADO -MD_Project.GetEstimativa()
17/09/2019 15:01:53- DETALHADO -MD_Estimativa.MD_Estimativa()
17/09/2019 15:01:53- DETALHADO -MD_Estimativa.MD_Estimativa()
17/09/2019 15:01:53- DETALHADO -MD_Estimativa.Load()
17/09/2019 15:01:53- DETALHADO -Document.CalculaTempoTotalEstimativa()
17/09/2019 15:01:53- DETALHADO -FO_Principal.AdicionaCenarios()
17/09/2019 15:01:53- DETALHADO -MD_Estimativa.MD_Estimativa()
17/09/2019 15:01:53- DETALHADO -MD_Cenario.MD_Cenario()
17/09/2019 15:01:53- DETALHADO -MD_Cenario.Load()
17/09/2019 15:01:53- DETALHADO -MD_Cenario.RetornaTodosCenarios()
17/09/2019 15:01:53- DETALHADO -MD_Estimativa.MD_Estimativa()
17/09/2019 15:01:53- DETALHADO -MD_Cenario.MD_Cenario()
17/09/2019 15:01:53- DETALHADO -MD_Cenario.Load()
17/09/2019 15:01:53- DETALHADO -MD_Status.MD_Status()
17/09/2019 15:01:53- DETALHADO -MD_Status.InserirPrincipais()
17/09/2019 15:01:53- DETALHADO -MD_Status.MD_Status()
17/09/2019 15:01:53- DETALHADO -MD_Status.Load()
17/09/2019 15:01:53- DETALHADO -UC_CadastroEstimativa.CarregaLabels()
17/09/2019 15:01:53- DETALHADO -UC_CadastroEstimativa.SetaEnableEntradas()
17/09/2019 15:01:53- DETALHADO -UC_CadastroEstimativa.CarregaBotoes()
17/09/2019 15:02:26- DETALHADO -FO_Principal.trv_projetos_AfterSelect()
17/09/2019 15:02:26- DETALHADO -FO_Principal.AbrePagina()
17/09/2019 15:02:26- DETALHADO -MD_Project.MD_Project()
17/09/2019 15:02:26- DETALHADO -MD_Project.MD_Project(codigo)
17/09/2019 15:02:26- DETALHADO -MD_Project.Load()
17/09/2019 15:02:26- DETALHADO -MD_Estimativa.MD_Estimativa()
17/09/2019 15:02:26- DETALHADO -MD_Cenario.MD_Cenario()
17/09/2019 15:02:26- DETALHADO -MD_Cenario.Load()
17/09/2019 15:02:26- DETALHADO -MD_Status.MD_Status()
17/09/2019 15:02:26- DETALHADO -MD_Status.InserirPrincipais()
17/09/2019 15:02:26- DETALHADO -MD_Status.MD_Status()
17/09/2019 15:02:26- DETALHADO -MD_Status.Load()
17/09/2019 15:02:26- DETALHADO -UC_CadastroCenarios.UC_CadastroCenarios()
17/09/2019 15:02:26- DETALHADO -UC_CadastroCenarios.CarregaForm()
17/09/2019 15:02:26- DETALHADO -UC_CadastroCenarios.PopulaLabels()
17/09/2019 15:02:26- DETALHADO -UC_CadastroCenarios.HabilitaCampos()
17/09/2019 15:02:26- DETALHADO -UC_CadastroCenarios.HabilitaBotoes()
17/09/2019 15:02:26- DETALHADO -UC_CadastroCenarios.CarregaComboStatus()
17/09/2019 15:02:26- DETALHADO -MD_Status.MD_Status()
17/09/2019 15:02:26- DETALHADO -MD_Status.InserirPrincipais()
17/09/2019 15:02:26- DETALHADO -MD_Status.MD_Status()
17/09/2019 15:02:26- DETALHADO -MD_Status.Load()
17/09/2019 15:02:26- DETALHADO -MD_Status.ComandoTodosStatus()
17/09/2019 15:02:26- DETALHADO -UC_CadastroCenarios.PreencheListView()
17/09/2019 15:02:26- DETALHADO -FO_Principal.AbreJanela()
17/09/2019 15:02:26- DETALHADO -FO_Principal.FecharTela()
17/09/2019 15:03:16- SIMPLES ---------------------------------------Finalizando sistema
17/09/2019 16:57:09- SIMPLES -Abrindo conexão. Banco: C:\Program Files (x86)\CaseMaker\BASE\pckdb.db3
17/09/2019 16:57:09- SIMPLES ---------------------------------------Iniciando sistema
17/09/2019 16:57:09- DETALHADO -MD_Status.MD_Status()
17/09/2019 16:57:09- DETALHADO -MD_Status.InserirPrincipais()
17/09/2019 16:57:09- DETALHADO -MD_Status.MD_Status()
17/09/2019 16:57:09- DETALHADO -MD_Status.Load()
17/09/2019 16:57:09- DETALHADO -MD_Project.MD_Project()
17/09/2019 16:57:09- DETALHADO -MD_Project.MD_Project(codigo)
17/09/2019 16:57:09- DETALHADO -MD_Project.Load()
17/09/2019 16:57:09- DETALHADO -MD_Estimativa.MD_Estimativa()
17/09/2019 16:57:09- DETALHADO -MD_Estimativa.MD_Estimativa()
17/09/2019 16:57:09- DETALHADO -MD_Estimativa.Load()
17/09/2019 16:57:09- DETALHADO -MD_Estimativa.MD_Estimativa()
17/09/2019 16:57:09- DETALHADO -MD_Cenario.MD_Cenario()
17/09/2019 16:57:09- DETALHADO -MD_Cenario.Load()
17/09/2019 16:57:09- DETALHADO -MD_Anexos.MD_Anexos()
17/09/2019 16:57:09- DETALHADO -MD_Anexos.MD_Anexos(int codigo, MD_Cenario cenario)
17/09/2019 16:57:09- DETALHADO -MD_Anexos.Load()
17/09/2019 16:57:09- DETALHADO -MD_Status.InserirPrincipais()
17/09/2019 16:57:09- DETALHADO -FO_Principal.FO_Principal()
17/09/2019 16:57:09- DETALHADO -FO_Principal.IniciaForm()
17/09/2019 16:57:09- DETALHADO -FO_Principal.CarregaTreeView()
17/09/2019 16:57:09- DETALHADO -MD_Project.MD_Project()
17/09/2019 16:57:09- DETALHADO -MD_Project.MD_Project(codigo)
17/09/2019 16:57:09- DETALHADO -MD_Project.Load()
17/09/2019 16:57:09- DETALHADO -MD_Project.RetornaTodosProjetos()
17/09/2019 16:57:09- DETALHADO -MD_Project.MD_Project()
17/09/2019 16:57:09- DETALHADO -MD_Project.MD_Project(codigo)
17/09/2019 16:57:09- DETALHADO -MD_Project.Load()
17/09/2019 16:57:09- DETALHADO -FO_Principal.AdicionarEstimativas()
17/09/2019 16:57:09- DETALHADO -MD_Project.GetEstimativa()
17/09/2019 16:57:09- DETALHADO -MD_Estimativa.MD_Estimativa()
17/09/2019 16:57:09- DETALHADO -MD_Estimativa.MD_Estimativa()
17/09/2019 16:57:09- DETALHADO -MD_Estimativa.Load()
17/09/2019 16:57:09- DETALHADO -Document.CalculaTempoTotalEstimativa()
17/09/2019 16:57:09- DETALHADO -FO_Principal.AdicionaCenarios()
17/09/2019 16:57:09- DETALHADO -MD_Estimativa.MD_Estimativa()
17/09/2019 16:57:09- DETALHADO -MD_Cenario.MD_Cenario()
17/09/2019 16:57:09- DETALHADO -MD_Cenario.Load()
17/09/2019 16:57:09- DETALHADO -MD_Cenario.RetornaTodosCenarios()
17/09/2019 16:57:09- DETALHADO -MD_Estimativa.MD_Estimativa()
17/09/2019 16:57:09- DETALHADO -MD_Cenario.MD_Cenario()
17/09/2019 16:57:09- DETALHADO -MD_Cenario.Load()
17/09/2019 16:57:09- DETALHADO -MD_Status.MD_Status()
17/09/2019 16:57:09- DETALHADO -MD_Status.InserirPrincipais()
17/09/2019 16:57:09- DETALHADO -MD_Status.MD_Status()
17/09/2019 16:57:09- DETALHADO -MD_Status.Load()
17/09/2019 16:57:33- DETALHADO -FO_Principal.trv_projetos_AfterSelect()
17/09/2019 16:57:33- DETALHADO -FO_Principal.AbrePagina()
17/09/2019 16:57:33- DETALHADO -FO_Principal.AbrirJanelaDeCadastro()
17/09/2019 16:57:33- DETALHADO -UC_CadastroEstimativa.UC_CadastroProjeto()
17/09/2019 16:57:33- DETALHADO -MD_Project.MD_Project()
17/09/2019 16:57:33- DETALHADO -MD_Project.MD_Project(codigo)
17/09/2019 16:57:33- DETALHADO -MD_Project.Load()
17/09/2019 16:57:33- DETALHADO -UC_CadastroEstimativa.IniciaUserControl()
17/09/2019 16:57:33- DETALHADO -UC_CadastroEstimativa.CarregaLabels()
17/09/2019 16:57:33- DETALHADO -UC_CadastroEstimativa.SetaEnableEntradas()
17/09/2019 16:57:33- DETALHADO -UC_CadastroEstimativa.CarregaBotoes()
17/09/2019 16:57:33- DETALHADO -FO_Principal.AbreJanela()
17/09/2019 16:58:06- DETALHADO -FO_Principal.trv_projetos_AfterSelect()
17/09/2019 16:58:06- DETALHADO -FO_Principal.AbrePagina()
17/09/2019 16:58:06- DETALHADO -MD_Project.MD_Project()
17/09/2019 16:58:06- DETALHADO -MD_Project.MD_Project(codigo)
17/09/2019 16:58:06- DETALHADO -MD_Project.Load()
17/09/2019 16:58:06- DETALHADO -MD_Estimativa.MD_Estimativa()
17/09/2019 16:58:06- DETALHADO -MD_Estimativa.MD_Estimativa()
17/09/2019 16:58:06- DETALHADO -MD_Estimativa.Load()
17/09/2019 16:58:06- DETALHADO -UC_CadastroEstimativa.UC_CadastroEstimativa()
17/09/2019 16:58:06- DETALHADO -UC_CadastroEstimativa.IniciaUserControl()
17/09/2019 16:58:06- DETALHADO -UC_CadastroEstimativa.PopulaLabels()
17/09/2019 16:58:06- DETALHADO -Document.CalculaTempoTotalEstimativa()
17/09/2019 16:58:06- DETALHADO -UC_CadastroEstimativa.CarregaCampos()
17/09/2019 16:58:06- DETALHADO -FO_Principal.AbreJanela()
17/09/2019 16:58:10- DETALHADO -UC_CadastroEstimativa.btn_gerar_document_Click()
17/09/2019 16:58:12- DETALHADO -FO_Agurade.FO_Agurade()
17/09/2019 16:58:12- DETALHADO -Document.CriaEstimativa
17/09/2019 16:58:12- DETALHADO -Document.CriaEstimativa
17/09/2019 16:58:12- DETALHADO -MD_Project.GetEstimativa()
17/09/2019 16:58:12- DETALHADO -MD_Estimativa.MD_Estimativa()
17/09/2019 16:58:12- DETALHADO -MD_Estimativa.MD_Estimativa()
17/09/2019 16:58:12- DETALHADO -MD_Estimativa.Load()
17/09/2019 16:58:12- DETALHADO -MD_Project.GetEstimativa()
17/09/2019 16:58:12- DETALHADO -MD_Estimativa.MD_Estimativa()
17/09/2019 16:58:12- DETALHADO -MD_Estimativa.MD_Estimativa()
17/09/2019 16:58:12- DETALHADO -MD_Estimativa.Load()
17/09/2019 16:58:12- DETALHADO -Document.CriaArquivoCSV()
17/09/2019 16:58:12- DETALHADO -Document.CalculaTempoTotalEstimativa()
17/09/2019 16:58:12- DETALHADO -Document.CriarPdf()
17/09/2019 16:58:12- DETALHADO -C:\Program Files (x86)\CaseMaker\Tester_Documents -i "C:\Program Files (x86)\CaseMaker\TEMP\saida.csv" -o "C:\Users\Landix\Desktop" -c "C:\Program Files (x86)\CaseMaker\TEMP\file_json.json" -l
17/09/2019 16:58:12- SIMPLES -
17/09/2019 16:58:12- SIMPLES -
17/09/2019 16:58:12- SIMPLES -----------------------------------------------------------------------------------------------------------------------
17/09/2019 16:58:12- SIMPLES -Iniciando Programa
17/09/2019 16:58:12- SIMPLES -Arquivo de entrada: C:\Program Files (x86)\CaseMaker\TEMP\saida.csv
17/09/2019 16:58:12- SIMPLES -Diretório de saída: C:\Users\Landix\Desktop
17/09/2019 16:58:12- SIMPLES -Configuracao: C:\Program Files (x86)\CaseMaker\TEMP\file_json.json
17/09/2019 16:58:12- SIMPLES -Log: Detalhado
17/09/2019 16:58:12- DETALHADO -Program.CarregaConfiguracao
17/09/2019 16:58:12- DETALHADO -MD_PDFInformations.MD_PDFInformations()
17/09/2019 16:58:12- SIMPLES -Abrindo conexão. Banco: C:\Program Files (x86)\CaseMaker\BASE\pckdb.db3
17/09/2019 16:58:12- DETALHADO -MD_PDFInformations.MD_PDFInformations(codigo)
17/09/2019 16:58:12- DETALHADO -MD_PDFInformations.Load()
17/09/2019 16:58:12- DETALHADO -MD_PDFInformations.Insert()
17/09/2019 16:58:12- DETALHADO -MD_PDFInformations.VerificaExiste()
17/09/2019 16:58:12- DETALHADO -MD_PDFInformations.Update()
17/09/2019 16:58:12- DETALHADO -Configuração carregada com sucesso!
17/09/2019 16:58:12- DETALHADO -Program.Create
17/09/2019 16:58:12- DETALHADO -Documento_From_CSV.GerarRelatorio
17/09/2019 16:58:12- DETALHADO -Documento.VerificaExisteFile
17/09/2019 16:58:12- DETALHADO -Documento.VerificaExisteDirectory
17/09/2019 16:58:12- DETALHADO -Documento.VerificaExisteDirectory
17/09/2019 16:58:12- DETALHADO -Documento.VerificaExisteDirectory
17/09/2019 16:58:12- DETALHADO -MD_PDFInformations.MD_PDFInformations()
17/09/2019 16:58:12- DETALHADO -MD_PDFInformations.MD_PDFInformations(codigo)
17/09/2019 16:58:12- DETALHADO -MD_PDFInformations.Load()
17/09/2019 16:58:12- DETALHADO -Documento.MontaHTML
17/09/2019 16:58:12- DETALHADO -Documento.MontaImagemFromHtml
17/09/2019 16:58:12- DETALHADO -Documento.MontaImagemFromHtml
17/09/2019 16:58:12- DETALHADO -Documento.VerificaExisteFile
17/09/2019 16:58:12- DETALHADO -MD_PDFInformations.MD_PDFInformations()
17/09/2019 16:58:12- DETALHADO -MD_PDFInformations.MD_PDFInformations(codigo)
17/09/2019 16:58:12- DETALHADO -MD_PDFInformations.Load()
17/09/2019 16:58:13- DETALHADO -Documento.MontaPDFFromImages
17/09/2019 16:58:13- DETALHADO -Documento.VerificaExisteFile
17/09/2019 16:58:13- DETALHADO -MD_PDFInformations.MD_PDFInformations()
17/09/2019 16:58:13- DETALHADO -MD_PDFInformations.MD_PDFInformations(codigo)
17/09/2019 16:58:13- DETALHADO -MD_PDFInformations.Load()
17/09/2019 16:58:13- SIMPLES -Arquivo gerado com sucesso. C:\Users\Landix\Desktop\saida.pdf
17/09/2019 16:58:13- SIMPLES -Finalizando Programa
17/09/2019 16:58:13- SIMPLES -----------------------------------------------------------------------------------------------------------------------
17/09/2019 16:58:13- DETALHADO -UC_CadastroEstimativa.CarregaWebBrowser()
17/09/2019 16:58:13- DETALHADO -Document.CriaTextoCopiarEstimativa()
17/09/2019 16:58:13- DETALHADO -MD_Project.GetEstimativa()
17/09/2019 16:58:13- DETALHADO -MD_Estimativa.MD_Estimativa()
17/09/2019 16:58:13- DETALHADO -MD_Estimativa.MD_Estimativa()
17/09/2019 16:58:13- DETALHADO -MD_Estimativa.Load()
17/09/2019 16:58:13- DETALHADO -Document.CalculaTempoTotalEstimativa()
17/09/2019 16:58:13- DETALHADO -FO_DisponibilizaEstimativaAnalista.FO_DisponibilizaEstimativaAnalista()
17/09/2019 16:58:21- DETALHADO -FO_Principal.trv_projetos_AfterSelect()
17/09/2019 16:58:21- DETALHADO -FO_Principal.AbrePagina()
17/09/2019 16:58:22- DETALHADO -FO_Principal.trv_projetos_AfterSelect()
17/09/2019 16:58:22- DETALHADO -FO_Principal.AbrePagina()
17/09/2019 16:58:22- DETALHADO -MD_Project.MD_Project()
17/09/2019 16:58:22- DETALHADO -MD_Project.MD_Project(codigo)
17/09/2019 16:58:22- DETALHADO -MD_Project.Load()
17/09/2019 16:58:22- DETALHADO -MD_Estimativa.MD_Estimativa()
17/09/2019 16:58:22- DETALHADO -MD_Cenario.MD_Cenario()
17/09/2019 16:58:22- DETALHADO -MD_Cenario.Load()
17/09/2019 16:58:22- DETALHADO -MD_Status.MD_Status()
17/09/2019 16:58:22- DETALHADO -MD_Status.InserirPrincipais()
17/09/2019 16:58:22- DETALHADO -MD_Status.MD_Status()
17/09/2019 16:58:22- DETALHADO -MD_Status.Load()
17/09/2019 16:58:22- DETALHADO -UC_CadastroCenarios.UC_CadastroCenarios()
17/09/2019 16:58:22- DETALHADO -UC_CadastroCenarios.CarregaForm()
17/09/2019 16:58:22- DETALHADO -UC_CadastroCenarios.PopulaLabels()
17/09/2019 16:58:22- DETALHADO -UC_CadastroCenarios.HabilitaCampos()
17/09/2019 16:58:22- DETALHADO -UC_CadastroCenarios.HabilitaBotoes()
17/09/2019 16:58:22- DETALHADO -UC_CadastroCenarios.CarregaComboStatus()
17/09/2019 16:58:22- DETALHADO -MD_Status.MD_Status()
17/09/2019 16:58:22- DETALHADO -MD_Status.InserirPrincipais()
17/09/2019 16:58:22- DETALHADO -MD_Status.MD_Status()
17/09/2019 16:58:22- DETALHADO -MD_Status.Load()
17/09/2019 16:58:22- DETALHADO -MD_Status.ComandoTodosStatus()
17/09/2019 16:58:22- DETALHADO -UC_CadastroCenarios.PreencheListView()
17/09/2019 16:58:22- DETALHADO -FO_Principal.AbreJanela()
17/09/2019 17:00:18- DETALHADO -FO_Principal.trv_projetos_AfterSelect()
17/09/2019 17:00:18- DETALHADO -FO_Principal.AbrePagina()
17/09/2019 17:00:18- DETALHADO -MD_Project.MD_Project()
17/09/2019 17:00:18- DETALHADO -MD_Project.MD_Project(codigo)
17/09/2019 17:00:18- DETALHADO -MD_Project.Load()
17/09/2019 17:00:18- DETALHADO -MD_Estimativa.MD_Estimativa()
17/09/2019 17:00:18- DETALHADO -MD_Estimativa.MD_Estimativa()
17/09/2019 17:00:18- DETALHADO -MD_Estimativa.Load()
17/09/2019 17:00:18- DETALHADO -UC_CadastroEstimativa.UC_CadastroEstimativa()
17/09/2019 17:00:18- DETALHADO -UC_CadastroEstimativa.IniciaUserControl()
17/09/2019 17:00:18- DETALHADO -UC_CadastroEstimativa.PopulaLabels()
17/09/2019 17:00:18- DETALHADO -Document.CalculaTempoTotalEstimativa()
17/09/2019 17:00:18- DETALHADO -UC_CadastroEstimativa.CarregaCampos()
17/09/2019 17:00:18- DETALHADO -FO_Principal.AbreJanela()
17/09/2019 17:00:18- DETALHADO -FO_Principal.FecharTela()
17/09/2019 17:00:19- DETALHADO -UC_CadastroEstimativa.btn_gerar_document_Click()
17/09/2019 17:00:20- DETALHADO -FO_Agurade.FO_Agurade()
17/09/2019 17:00:20- DETALHADO -Document.CriaEstimativa
17/09/2019 17:00:20- DETALHADO -Document.CriaEstimativa
17/09/2019 17:00:20- DETALHADO -MD_Project.GetEstimativa()
17/09/2019 17:00:20- DETALHADO -MD_Estimativa.MD_Estimativa()
17/09/2019 17:00:20- DETALHADO -MD_Estimativa.MD_Estimativa()
17/09/2019 17:00:20- DETALHADO -MD_Estimativa.Load()
17/09/2019 17:00:20- DETALHADO -MD_Project.GetEstimativa()
17/09/2019 17:00:20- DETALHADO -MD_Estimativa.MD_Estimativa()
17/09/2019 17:00:20- DETALHADO -MD_Estimativa.MD_Estimativa()
17/09/2019 17:00:20- DETALHADO -MD_Estimativa.Load()
17/09/2019 17:00:20- DETALHADO -Document.CriaArquivoCSV()
17/09/2019 17:00:20- DETALHADO -Document.CalculaTempoTotalEstimativa()
17/09/2019 17:00:20- DETALHADO -Document.CriarPdf()
17/09/2019 17:00:21- DETALHADO -C:\Program Files (x86)\CaseMaker\Tester_Documents -i "C:\Program Files (x86)\CaseMaker\TEMP\saida.csv" -o "C:\Users\Landix\Desktop" -c "C:\Program Files (x86)\CaseMaker\TEMP\file_json.json" -l
17/09/2019 17:00:21- SIMPLES -
17/09/2019 17:00:21- SIMPLES -
17/09/2019 17:00:21- SIMPLES -----------------------------------------------------------------------------------------------------------------------
17/09/2019 17:00:21- SIMPLES -Iniciando Programa
17/09/2019 17:00:21- SIMPLES -Arquivo de entrada: C:\Program Files (x86)\CaseMaker\TEMP\saida.csv
17/09/2019 17:00:21- SIMPLES -Diretório de saída: C:\Users\Landix\Desktop
17/09/2019 17:00:21- SIMPLES -Configuracao: C:\Program Files (x86)\CaseMaker\TEMP\file_json.json
17/09/2019 17:00:21- SIMPLES -Log: Detalhado
17/09/2019 17:00:21- DETALHADO -Program.CarregaConfiguracao
17/09/2019 17:00:21- DETALHADO -MD_PDFInformations.MD_PDFInformations()
17/09/2019 17:00:21- SIMPLES -Abrindo conexão. Banco: C:\Program Files (x86)\CaseMaker\BASE\pckdb.db3
17/09/2019 17:00:21- DETALHADO -MD_PDFInformations.MD_PDFInformations(codigo)
17/09/2019 17:00:21- DETALHADO -MD_PDFInformations.Load()
17/09/2019 17:00:21- DETALHADO -MD_PDFInformations.Insert()
17/09/2019 17:00:21- DETALHADO -MD_PDFInformations.VerificaExiste()
17/09/2019 17:00:21- DETALHADO -MD_PDFInformations.Update()
17/09/2019 17:00:21- DETALHADO -Configuração carregada com sucesso!
17/09/2019 17:00:21- DETALHADO -Program.Create
17/09/2019 17:00:21- DETALHADO -Documento_From_CSV.GerarRelatorio
17/09/2019 17:00:21- DETALHADO -Documento.VerificaExisteFile
17/09/2019 17:00:21- DETALHADO -Documento.VerificaExisteDirectory
17/09/2019 17:00:21- DETALHADO -Documento.VerificaExisteDirectory
17/09/2019 17:00:21- DETALHADO -Documento.VerificaExisteDirectory
17/09/2019 17:00:21- DETALHADO -MD_PDFInformations.MD_PDFInformations()
17/09/2019 17:00:21- DETALHADO -MD_PDFInformations.MD_PDFInformations(codigo)
17/09/2019 17:00:21- DETALHADO -MD_PDFInformations.Load()
17/09/2019 17:00:21- DETALHADO -Documento.MontaHTML
17/09/2019 17:00:21- DETALHADO -Documento.MontaImagemFromHtml
17/09/2019 17:00:21- DETALHADO -Documento.MontaImagemFromHtml
17/09/2019 17:00:21- DETALHADO -Documento.VerificaExisteFile
17/09/2019 17:00:21- DETALHADO -MD_PDFInformations.MD_PDFInformations()
17/09/2019 17:00:21- DETALHADO -MD_PDFInformations.MD_PDFInformations(codigo)
17/09/2019 17:00:21- DETALHADO -MD_PDFInformations.Load()
17/09/2019 17:00:21- DETALHADO -Documento.MontaPDFFromImages
17/09/2019 17:00:21- DETALHADO -Documento.VerificaExisteFile
17/09/2019 17:00:21- DETALHADO -MD_PDFInformations.MD_PDFInformations()
17/09/2019 17:00:21- DETALHADO -MD_PDFInformations.MD_PDFInformations(codigo)
17/09/2019 17:00:21- DETALHADO -MD_PDFInformations.Load()
17/09/2019 17:00:21- SIMPLES -Arquivo gerado com sucesso. C:\Users\Landix\Desktop\saida.pdf
17/09/2019 17:00:21- SIMPLES -Finalizando Programa
17/09/2019 17:00:21- SIMPLES -----------------------------------------------------------------------------------------------------------------------
17/09/2019 17:00:23- DETALHADO -UC_CadastroEstimativa.CarregaWebBrowser()
17/09/2019 17:00:23- DETALHADO -Document.CriaTextoCopiarEstimativa()
17/09/2019 17:00:23- DETALHADO -MD_Project.GetEstimativa()
17/09/2019 17:00:23- DETALHADO -MD_Estimativa.MD_Estimativa()
17/09/2019 17:00:23- DETALHADO -MD_Estimativa.MD_Estimativa()
17/09/2019 17:00:23- DETALHADO -MD_Estimativa.Load()
17/09/2019 17:00:23- DETALHADO -Document.CalculaTempoTotalEstimativa()
17/09/2019 17:00:23- DETALHADO -FO_DisponibilizaEstimativaAnalista.FO_DisponibilizaEstimativaAnalista()
17/09/2019 17:00:27- DETALHADO -FO_DisponibilizaEstimativaAnalista.btn_copiar_Click()
17/09/2019 17:01:13- DETALHADO -FO_Principal.trv_projetos_AfterSelect()
17/09/2019 17:01:13- DETALHADO -FO_Principal.AbrePagina()
17/09/2019 17:01:13- DETALHADO -MD_Project.MD_Project()
17/09/2019 17:01:13- DETALHADO -MD_Project.MD_Project(codigo)
17/09/2019 17:01:13- DETALHADO -MD_Project.Load()
17/09/2019 17:01:13- DETALHADO -MD_Estimativa.MD_Estimativa()
17/09/2019 17:01:13- DETALHADO -MD_Cenario.MD_Cenario()
17/09/2019 17:01:13- DETALHADO -MD_Cenario.Load()
17/09/2019 17:01:13- DETALHADO -MD_Status.MD_Status()
17/09/2019 17:01:13- DETALHADO -MD_Status.InserirPrincipais()
17/09/2019 17:01:13- DETALHADO -MD_Status.MD_Status()
17/09/2019 17:01:13- DETALHADO -MD_Status.Load()
17/09/2019 17:01:13- DETALHADO -UC_CadastroCenarios.UC_CadastroCenarios()
17/09/2019 17:01:13- DETALHADO -UC_CadastroCenarios.CarregaForm()
17/09/2019 17:01:13- DETALHADO -UC_CadastroCenarios.PopulaLabels()
17/09/2019 17:01:13- DETALHADO -UC_CadastroCenarios.HabilitaCampos()
17/09/2019 17:01:13- DETALHADO -UC_CadastroCenarios.HabilitaBotoes()
17/09/2019 17:01:13- DETALHADO -UC_CadastroCenarios.CarregaComboStatus()
17/09/2019 17:01:13- DETALHADO -MD_Status.MD_Status()
17/09/2019 17:01:13- DETALHADO -MD_Status.InserirPrincipais()
17/09/2019 17:01:13- DETALHADO -MD_Status.MD_Status()
17/09/2019 17:01:13- DETALHADO -MD_Status.Load()
17/09/2019 17:01:13- DETALHADO -MD_Status.ComandoTodosStatus()
17/09/2019 17:01:13- DETALHADO -UC_CadastroCenarios.PreencheListView()
17/09/2019 17:01:13- DETALHADO -FO_Principal.AbreJanela()
17/09/2019 17:01:13- DETALHADO -FO_Principal.FecharTela()
17/09/2019 17:01:33- SIMPLES ---------------------------------------Finalizando sistema
