18/09/2019 08:36:08- SIMPLES -Abrindo conexão. Banco: C:\Program Files (x86)\CaseMaker\BASE\pckdb.db3
18/09/2019 08:36:08- SIMPLES ---------------------------------------Iniciando sistema
18/09/2019 08:36:08- DETALHADO -MD_Status.MD_Status()
18/09/2019 08:36:08- DETALHADO -MD_Status.InserirPrincipais()
18/09/2019 08:36:08- DETALHADO -MD_Status.MD_Status()
18/09/2019 08:36:08- DETALHADO -MD_Status.Load()
18/09/2019 08:36:08- DETALHADO -MD_Project.MD_Project()
18/09/2019 08:36:08- DETALHADO -MD_Project.MD_Project(codigo)
18/09/2019 08:36:08- DETALHADO -MD_Project.Load()
18/09/2019 08:36:08- DETALHADO -MD_Estimativa.MD_Estimativa()
18/09/2019 08:36:08- DETALHADO -MD_Estimativa.MD_Estimativa()
18/09/2019 08:36:08- DETALHADO -MD_Estimativa.Load()
18/09/2019 08:36:08- DETALHADO -MD_Estimativa.MD_Estimativa()
18/09/2019 08:36:08- DETALHADO -MD_Cenario.MD_Cenario()
18/09/2019 08:36:08- DETALHADO -MD_Cenario.Load()
18/09/2019 08:36:08- DETALHADO -MD_Anexos.MD_Anexos()
18/09/2019 08:36:08- DETALHADO -MD_Anexos.MD_Anexos(int codigo, MD_Cenario cenario)
18/09/2019 08:36:08- DETALHADO -MD_Anexos.Load()
18/09/2019 08:36:08- DETALHADO -MD_Status.InserirPrincipais()
18/09/2019 08:36:08- DETALHADO -FO_Principal.FO_Principal()
18/09/2019 08:36:08- DETALHADO -FO_Principal.IniciaForm()
18/09/2019 08:36:09- DETALHADO -FO_Principal.CarregaTreeView()
18/09/2019 08:36:09- DETALHADO -MD_Project.MD_Project()
18/09/2019 08:36:09- DETALHADO -MD_Project.MD_Project(codigo)
18/09/2019 08:36:09- DETALHADO -MD_Project.Load()
18/09/2019 08:36:09- DETALHADO -MD_Project.RetornaTodosProjetos()
18/09/2019 08:36:09- DETALHADO -MD_Project.MD_Project()
18/09/2019 08:36:09- DETALHADO -MD_Project.MD_Project(codigo)
18/09/2019 08:36:09- DETALHADO -MD_Project.Load()
18/09/2019 08:36:09- DETALHADO -FO_Principal.AdicionarEstimativas()
18/09/2019 08:36:09- DETALHADO -MD_Project.GetEstimativa()
18/09/2019 08:36:09- DETALHADO -MD_Estimativa.MD_Estimativa()
18/09/2019 08:36:09- DETALHADO -MD_Estimativa.MD_Estimativa()
18/09/2019 08:36:09- DETALHADO -MD_Estimativa.Load()
18/09/2019 08:36:09- DETALHADO -Document.CalculaTempoTotalEstimativa()
18/09/2019 08:36:09- DETALHADO -FO_Principal.AdicionaCenarios()
18/09/2019 08:36:09- DETALHADO -MD_Estimativa.MD_Estimativa()
18/09/2019 08:36:09- DETALHADO -MD_Cenario.MD_Cenario()
18/09/2019 08:36:09- DETALHADO -MD_Cenario.Load()
18/09/2019 08:36:09- DETALHADO -MD_Cenario.RetornaTodosCenarios()
18/09/2019 08:36:09- DETALHADO -MD_Estimativa.MD_Estimativa()
18/09/2019 08:36:09- DETALHADO -MD_Cenario.MD_Cenario()
18/09/2019 08:36:09- DETALHADO -MD_Cenario.Load()
18/09/2019 08:36:09- DETALHADO -MD_Status.MD_Status()
18/09/2019 08:36:09- DETALHADO -MD_Status.InserirPrincipais()
18/09/2019 08:36:09- DETALHADO -MD_Status.MD_Status()
18/09/2019 08:36:09- DETALHADO -MD_Status.Load()
18/09/2019 08:36:14- DETALHADO -FO_Principal.trv_projetos_AfterSelect()
18/09/2019 08:36:14- DETALHADO -FO_Principal.AbrePagina()
18/09/2019 08:36:14- DETALHADO -MD_Project.MD_Project()
18/09/2019 08:36:14- DETALHADO -MD_Project.MD_Project(codigo)
18/09/2019 08:36:14- DETALHADO -MD_Project.Load()
18/09/2019 08:36:14- DETALHADO -MD_Estimativa.MD_Estimativa()
18/09/2019 08:36:14- DETALHADO -MD_Cenario.MD_Cenario()
18/09/2019 08:36:14- DETALHADO -MD_Cenario.Load()
18/09/2019 08:36:14- DETALHADO -MD_Status.MD_Status()
18/09/2019 08:36:14- DETALHADO -MD_Status.InserirPrincipais()
18/09/2019 08:36:14- DETALHADO -MD_Status.MD_Status()
18/09/2019 08:36:14- DETALHADO -MD_Status.Load()
18/09/2019 08:36:14- DETALHADO -UC_CadastroCenarios.UC_CadastroCenarios()
18/09/2019 08:36:14- DETALHADO -UC_CadastroCenarios.CarregaForm()
18/09/2019 08:36:14- DETALHADO -UC_CadastroCenarios.PopulaLabels()
18/09/2019 08:36:14- DETALHADO -UC_CadastroCenarios.HabilitaCampos()
18/09/2019 08:36:14- DETALHADO -UC_CadastroCenarios.HabilitaBotoes()
18/09/2019 08:36:14- DETALHADO -UC_CadastroCenarios.CarregaComboStatus()
18/09/2019 08:36:14- DETALHADO -MD_Status.MD_Status()
18/09/2019 08:36:14- DETALHADO -MD_Status.InserirPrincipais()
18/09/2019 08:36:14- DETALHADO -MD_Status.MD_Status()
18/09/2019 08:36:14- DETALHADO -MD_Status.Load()
18/09/2019 08:36:14- DETALHADO -MD_Status.ComandoTodosStatus()
18/09/2019 08:36:15- DETALHADO -UC_CadastroCenarios.PreencheListView()
18/09/2019 08:36:15- DETALHADO -FO_Principal.AbreJanela()
18/09/2019 08:36:17- DETALHADO -FO_Principal.trv_projetos_AfterSelect()
18/09/2019 08:36:17- DETALHADO -FO_Principal.AbrePagina()
18/09/2019 08:36:17- DETALHADO -MD_Project.MD_Project()
18/09/2019 08:36:17- DETALHADO -MD_Project.MD_Project(codigo)
18/09/2019 08:36:17- DETALHADO -MD_Project.Load()
18/09/2019 08:36:17- DETALHADO -MD_Estimativa.MD_Estimativa()
18/09/2019 08:36:17- DETALHADO -MD_Estimativa.MD_Estimativa()
18/09/2019 08:36:17- DETALHADO -MD_Estimativa.Load()
18/09/2019 08:36:17- DETALHADO -UC_CadastroEstimativa.UC_CadastroEstimativa()
18/09/2019 08:36:17- DETALHADO -UC_CadastroEstimativa.IniciaUserControl()
18/09/2019 08:36:17- DETALHADO -UC_CadastroEstimativa.PopulaLabels()
18/09/2019 08:36:17- DETALHADO -Document.CalculaTempoTotalEstimativa()
18/09/2019 08:36:17- DETALHADO -UC_CadastroEstimativa.CarregaCampos()
18/09/2019 08:36:17- DETALHADO -FO_Principal.AbreJanela()
18/09/2019 08:36:19- DETALHADO -UC_CadastroEstimativa.btn_confirmar_Click()
18/09/2019 08:36:19- DETALHADO -UC_CadastroEstimativa.CarregaCampos()
18/09/2019 08:37:01- DETALHADO -UC_CadastroEstimativa.btn_confirmar_Click()
18/09/2019 08:37:01- DETALHADO -UC_CadastroEstimativa.Editar()
18/09/2019 08:37:01- DETALHADO -MD_Estimativa.Update()
18/09/2019 08:37:01- DETALHADO -UC_CadastroEstimativa.PopulaLabels()
18/09/2019 08:37:01- DETALHADO -Document.CalculaTempoTotalEstimativa()
18/09/2019 08:37:02- DETALHADO -UC_CadastroEstimativa.PopulaLabels()
18/09/2019 08:37:02- DETALHADO -Document.CalculaTempoTotalEstimativa()
18/09/2019 08:37:02- DETALHADO -FO_Principal.CarregaTreeView()
18/09/2019 08:37:02- DETALHADO -MD_Project.MD_Project()
18/09/2019 08:37:02- DETALHADO -MD_Project.MD_Project(codigo)
18/09/2019 08:37:02- DETALHADO -MD_Project.Load()
18/09/2019 08:37:02- DETALHADO -MD_Project.RetornaTodosProjetos()
18/09/2019 08:37:02- DETALHADO -MD_Project.MD_Project()
18/09/2019 08:37:02- DETALHADO -MD_Project.MD_Project(codigo)
18/09/2019 08:37:02- DETALHADO -MD_Project.Load()
18/09/2019 08:37:02- DETALHADO -FO_Principal.AdicionarEstimativas()
18/09/2019 08:37:02- DETALHADO -MD_Project.GetEstimativa()
18/09/2019 08:37:02- DETALHADO -MD_Estimativa.MD_Estimativa()
18/09/2019 08:37:02- DETALHADO -MD_Estimativa.MD_Estimativa()
18/09/2019 08:37:02- DETALHADO -MD_Estimativa.Load()
18/09/2019 08:37:02- DETALHADO -Document.CalculaTempoTotalEstimativa()
18/09/2019 08:37:02- DETALHADO -FO_Principal.AdicionaCenarios()
18/09/2019 08:37:02- DETALHADO -MD_Estimativa.MD_Estimativa()
18/09/2019 08:37:02- DETALHADO -MD_Cenario.MD_Cenario()
18/09/2019 08:37:02- DETALHADO -MD_Cenario.Load()
18/09/2019 08:37:02- DETALHADO -MD_Cenario.RetornaTodosCenarios()
18/09/2019 08:37:02- DETALHADO -MD_Estimativa.MD_Estimativa()
18/09/2019 08:37:02- DETALHADO -MD_Cenario.MD_Cenario()
18/09/2019 08:37:02- DETALHADO -MD_Cenario.Load()
18/09/2019 08:37:02- DETALHADO -MD_Status.MD_Status()
18/09/2019 08:37:02- DETALHADO -MD_Status.InserirPrincipais()
18/09/2019 08:37:02- DETALHADO -MD_Status.MD_Status()
18/09/2019 08:37:02- DETALHADO -MD_Status.Load()
18/09/2019 08:37:02- DETALHADO -UC_CadastroEstimativa.CarregaCampos()
18/09/2019 08:37:03- DETALHADO -UC_CadastroEstimativa.btn_gerar_document_Click()
18/09/2019 08:37:05- DETALHADO -FO_Agurade.FO_Agurade()
18/09/2019 08:37:05- DETALHADO -Document.CriaEstimativa
18/09/2019 08:37:05- DETALHADO -Document.CriaEstimativa
18/09/2019 08:37:05- DETALHADO -MD_Project.GetEstimativa()
18/09/2019 08:37:05- DETALHADO -MD_Estimativa.MD_Estimativa()
18/09/2019 08:37:05- DETALHADO -MD_Estimativa.MD_Estimativa()
18/09/2019 08:37:05- DETALHADO -MD_Estimativa.Load()
18/09/2019 08:37:05- DETALHADO -MD_Project.GetEstimativa()
18/09/2019 08:37:05- DETALHADO -MD_Estimativa.MD_Estimativa()
18/09/2019 08:37:05- DETALHADO -MD_Estimativa.MD_Estimativa()
18/09/2019 08:37:05- DETALHADO -MD_Estimativa.Load()
18/09/2019 08:37:05- DETALHADO -Document.CriaArquivoCSV()
18/09/2019 08:37:05- DETALHADO -Document.CalculaTempoTotalEstimativa()
18/09/2019 08:37:05- DETALHADO -Document.CriarPdf()
18/09/2019 08:37:05- DETALHADO -C:\Program Files (x86)\CaseMaker\Tester_Documents -i "C:\Program Files (x86)\CaseMaker\TEMP\saida.csv" -o "C:\Users\Landix\Desktop" -c "C:\Program Files (x86)\CaseMaker\TEMP\file_json.json" -l
18/09/2019 08:37:05- SIMPLES -
18/09/2019 08:37:05- SIMPLES -
18/09/2019 08:37:05- SIMPLES -----------------------------------------------------------------------------------------------------------------------
18/09/2019 08:37:05- SIMPLES -Iniciando Programa
18/09/2019 08:37:05- SIMPLES -Arquivo de entrada: C:\Program Files (x86)\CaseMaker\TEMP\saida.csv
18/09/2019 08:37:05- SIMPLES -Diretório de saída: C:\Users\Landix\Desktop
18/09/2019 08:37:05- SIMPLES -Configuracao: C:\Program Files (x86)\CaseMaker\TEMP\file_json.json
18/09/2019 08:37:05- SIMPLES -Log: Detalhado
18/09/2019 08:37:05- DETALHADO -Program.CarregaConfiguracao
18/09/2019 08:37:05- DETALHADO -MD_PDFInformations.MD_PDFInformations()
18/09/2019 08:37:05- SIMPLES -Abrindo conexão. Banco: C:\Program Files (x86)\CaseMaker\BASE\pckdb.db3
18/09/2019 08:37:05- DETALHADO -MD_PDFInformations.MD_PDFInformations(codigo)
18/09/2019 08:37:05- DETALHADO -MD_PDFInformations.Load()
18/09/2019 08:37:05- DETALHADO -MD_PDFInformations.Insert()
18/09/2019 08:37:05- DETALHADO -MD_PDFInformations.VerificaExiste()
18/09/2019 08:37:05- DETALHADO -MD_PDFInformations.Update()
18/09/2019 08:37:05- DETALHADO -Configuração carregada com sucesso!
18/09/2019 08:37:05- DETALHADO -Program.Create
18/09/2019 08:37:05- DETALHADO -Documento_From_CSV.GerarRelatorio
18/09/2019 08:37:05- DETALHADO -Documento.VerificaExisteFile
18/09/2019 08:37:05- DETALHADO -Documento.VerificaExisteDirectory
18/09/2019 08:37:05- DETALHADO -Documento.VerificaExisteDirectory
18/09/2019 08:37:05- DETALHADO -Documento.VerificaExisteDirectory
18/09/2019 08:37:05- DETALHADO -MD_PDFInformations.MD_PDFInformations()
18/09/2019 08:37:05- DETALHADO -MD_PDFInformations.MD_PDFInformations(codigo)
18/09/2019 08:37:05- DETALHADO -MD_PDFInformations.Load()
18/09/2019 08:37:05- DETALHADO -Documento.MontaHTML
18/09/2019 08:37:05- DETALHADO -Documento.MontaImagemFromHtml
18/09/2019 08:37:05- DETALHADO -Documento.MontaImagemFromHtml
18/09/2019 08:37:05- DETALHADO -Documento.VerificaExisteFile
18/09/2019 08:37:05- DETALHADO -MD_PDFInformations.MD_PDFInformations()
18/09/2019 08:37:05- DETALHADO -MD_PDFInformations.MD_PDFInformations(codigo)
18/09/2019 08:37:05- DETALHADO -MD_PDFInformations.Load()
18/09/2019 08:37:05- DETALHADO -Documento.MontaPDFFromImages
18/09/2019 08:37:05- DETALHADO -Documento.VerificaExisteFile
18/09/2019 08:37:06- DETALHADO -MD_PDFInformations.MD_PDFInformations()
18/09/2019 08:37:06- DETALHADO -MD_PDFInformations.MD_PDFInformations(codigo)
18/09/2019 08:37:06- DETALHADO -MD_PDFInformations.Load()
18/09/2019 08:37:06- SIMPLES -Arquivo gerado com sucesso. C:\Users\Landix\Desktop\saida.pdf
18/09/2019 08:37:06- SIMPLES -Finalizando Programa
18/09/2019 08:37:06- SIMPLES -----------------------------------------------------------------------------------------------------------------------
18/09/2019 08:37:06- DETALHADO -UC_CadastroEstimativa.CarregaWebBrowser()
18/09/2019 08:37:07- DETALHADO -Document.CriaTextoCopiarEstimativa()
18/09/2019 08:37:07- DETALHADO -MD_Project.GetEstimativa()
18/09/2019 08:37:07- DETALHADO -MD_Estimativa.MD_Estimativa()
18/09/2019 08:37:07- DETALHADO -MD_Estimativa.MD_Estimativa()
18/09/2019 08:37:07- DETALHADO -MD_Estimativa.Load()
18/09/2019 08:37:07- DETALHADO -Document.CalculaTempoTotalEstimativa()
18/09/2019 08:37:07- DETALHADO -FO_DisponibilizaEstimativaAnalista.FO_DisponibilizaEstimativaAnalista()
18/09/2019 08:38:36- DETALHADO -FO_Principal.trv_projetos_AfterSelect()
18/09/2019 08:38:36- DETALHADO -FO_Principal.AbrePagina()
18/09/2019 08:38:36- DETALHADO -MD_Project.MD_Project()
18/09/2019 08:38:36- DETALHADO -MD_Project.MD_Project(codigo)
18/09/2019 08:38:36- DETALHADO -MD_Project.Load()
18/09/2019 08:38:36- DETALHADO -MD_Estimativa.MD_Estimativa()
18/09/2019 08:38:36- DETALHADO -MD_Cenario.MD_Cenario()
18/09/2019 08:38:36- DETALHADO -MD_Cenario.Load()
18/09/2019 08:38:36- DETALHADO -MD_Status.MD_Status()
18/09/2019 08:38:36- DETALHADO -MD_Status.InserirPrincipais()
18/09/2019 08:38:36- DETALHADO -MD_Status.MD_Status()
18/09/2019 08:38:36- DETALHADO -MD_Status.Load()
18/09/2019 08:38:36- DETALHADO -UC_CadastroCenarios.UC_CadastroCenarios()
18/09/2019 08:38:36- DETALHADO -UC_CadastroCenarios.CarregaForm()
18/09/2019 08:38:36- DETALHADO -UC_CadastroCenarios.PopulaLabels()
18/09/2019 08:38:36- DETALHADO -UC_CadastroCenarios.HabilitaCampos()
18/09/2019 08:38:36- DETALHADO -UC_CadastroCenarios.HabilitaBotoes()
18/09/2019 08:38:36- DETALHADO -UC_CadastroCenarios.CarregaComboStatus()
18/09/2019 08:38:36- DETALHADO -MD_Status.MD_Status()
18/09/2019 08:38:36- DETALHADO -MD_Status.InserirPrincipais()
18/09/2019 08:38:36- DETALHADO -MD_Status.MD_Status()
18/09/2019 08:38:36- DETALHADO -MD_Status.Load()
18/09/2019 08:38:36- DETALHADO -MD_Status.ComandoTodosStatus()
18/09/2019 08:38:36- DETALHADO -UC_CadastroCenarios.PreencheListView()
18/09/2019 08:38:36- DETALHADO -FO_Principal.AbreJanela()
18/09/2019 08:38:36- DETALHADO -FO_Principal.FecharTela()
18/09/2019 08:38:39- DETALHADO -FO_Principal.item_editar_cenario_selected_Click()
18/09/2019 08:38:39- DETALHADO -UC_CadastroCenarios.UC_CadastroCenarios()
18/09/2019 08:38:39- DETALHADO -UC_CadastroCenarios.CarregaForm()
18/09/2019 08:38:39- DETALHADO -UC_CadastroCenarios.PopulaLabels()
18/09/2019 08:38:39- DETALHADO -UC_CadastroCenarios.HabilitaCampos()
18/09/2019 08:38:39- DETALHADO -UC_CadastroCenarios.HabilitaBotoes()
18/09/2019 08:38:39- DETALHADO -UC_CadastroCenarios.CarregaComboStatus()
18/09/2019 08:38:39- DETALHADO -MD_Status.MD_Status()
18/09/2019 08:38:39- DETALHADO -MD_Status.InserirPrincipais()
18/09/2019 08:38:39- DETALHADO -MD_Status.MD_Status()
18/09/2019 08:38:39- DETALHADO -MD_Status.Load()
18/09/2019 08:38:39- DETALHADO -MD_Status.ComandoTodosStatus()
18/09/2019 08:38:39- DETALHADO -UC_CadastroCenarios.PreencheListView()
18/09/2019 08:38:39- DETALHADO -FO_Principal.AbreJanela()
18/09/2019 08:38:39- DETALHADO -FO_Principal.FecharTela()
18/09/2019 08:38:40- DETALHADO -FO_Principal.item_excluir_cenario_selected_Click()
18/09/2019 08:38:41- DETALHADO -MD_Cenario.Delete()
18/09/2019 08:38:42- DETALHADO -FO_Principal.CarregaTreeView()
18/09/2019 08:38:42- DETALHADO -MD_Project.MD_Project()
18/09/2019 08:38:42- DETALHADO -MD_Project.MD_Project(codigo)
18/09/2019 08:38:42- DETALHADO -MD_Project.Load()
18/09/2019 08:38:42- DETALHADO -MD_Project.RetornaTodosProjetos()
18/09/2019 08:38:42- DETALHADO -MD_Project.MD_Project()
18/09/2019 08:38:42- DETALHADO -MD_Project.MD_Project(codigo)
18/09/2019 08:38:42- DETALHADO -MD_Project.Load()
18/09/2019 08:38:42- DETALHADO -FO_Principal.AdicionarEstimativas()
18/09/2019 08:38:42- DETALHADO -MD_Project.GetEstimativa()
18/09/2019 08:38:42- DETALHADO -MD_Estimativa.MD_Estimativa()
18/09/2019 08:38:42- DETALHADO -MD_Estimativa.MD_Estimativa()
18/09/2019 08:38:42- DETALHADO -MD_Estimativa.Load()
18/09/2019 08:38:42- DETALHADO -Document.CalculaTempoTotalEstimativa()
18/09/2019 08:38:42- DETALHADO -FO_Principal.AdicionaCenarios()
18/09/2019 08:38:42- DETALHADO -MD_Estimativa.MD_Estimativa()
18/09/2019 08:38:42- DETALHADO -MD_Cenario.MD_Cenario()
18/09/2019 08:38:42- DETALHADO -MD_Cenario.Load()
18/09/2019 08:38:42- DETALHADO -MD_Cenario.RetornaTodosCenarios()
18/09/2019 08:38:44- DETALHADO -FO_Principal.trv_projetos_AfterSelect()
18/09/2019 08:38:44- DETALHADO -FO_Principal.AbrePagina()
18/09/2019 08:38:46- DETALHADO -FO_Principal.item_incluir_caso_uso_selected_Click()
18/09/2019 08:38:46- DETALHADO -MD_Project.MD_Project()
18/09/2019 08:38:46- DETALHADO -MD_Project.MD_Project(codigo)
18/09/2019 08:38:46- DETALHADO -MD_Project.Load()
18/09/2019 08:38:46- DETALHADO -MD_Estimativa.MD_Estimativa()
18/09/2019 08:38:46- DETALHADO -MD_Cenario.MD_Cenario()
18/09/2019 08:38:46- DETALHADO -MD_Cenario.Load()
18/09/2019 08:38:46- DETALHADO -UC_CadastroCenarios.UC_CadastroCenarios()
18/09/2019 08:38:46- DETALHADO -UC_CadastroCenarios.CarregaForm()
18/09/2019 08:38:46- DETALHADO -UC_CadastroCenarios.PopulaLabels()
18/09/2019 08:38:46- DETALHADO -UC_CadastroCenarios.HabilitaCampos()
18/09/2019 08:38:46- DETALHADO -UC_CadastroCenarios.HabilitaBotoes()
18/09/2019 08:38:46- DETALHADO -UC_CadastroCenarios.CarregaComboStatus()
18/09/2019 08:38:46- DETALHADO -MD_Status.MD_Status()
18/09/2019 08:38:46- DETALHADO -MD_Status.InserirPrincipais()
18/09/2019 08:38:46- DETALHADO -MD_Status.MD_Status()
18/09/2019 08:38:46- DETALHADO -MD_Status.Load()
18/09/2019 08:38:46- DETALHADO -MD_Status.ComandoTodosStatus()
18/09/2019 08:38:46- DETALHADO -UC_CadastroCenarios.PreencheListView()
18/09/2019 08:38:46- DETALHADO -FO_Principal.AbreJanela()
18/09/2019 08:38:46- DETALHADO -FO_Principal.FecharTela()
18/09/2019 09:18:31- DETALHADO -UC_CadastroCenarios.btn_confirmar_Click()
18/09/2019 09:18:31- DETALHADO -UC_CadastroCenarios.Incluir()
18/09/2019 09:18:31- DETALHADO -UC_CadastroCenarios.VerificaCampos()
18/09/2019 09:18:31- DETALHADO -MD_Status.MD_Status()
18/09/2019 09:18:31- DETALHADO -MD_Status.InserirPrincipais()
18/09/2019 09:18:31- DETALHADO -MD_Status.MD_Status()
18/09/2019 09:18:31- DETALHADO -MD_Status.Load()
18/09/2019 09:18:31- DETALHADO -MD_Cenario.Insert()
18/09/2019 09:18:32- DETALHADO -UC_CadastroCenarios.PopulaLabels()
18/09/2019 09:18:32- DETALHADO -UC_CadastroCenarios.HabilitaCampos()
18/09/2019 09:18:32- DETALHADO -UC_CadastroCenarios.HabilitaBotoes()
18/09/2019 09:18:32- DETALHADO -FO_Principal.CarregaTreeView()
18/09/2019 09:18:32- DETALHADO -MD_Project.MD_Project()
18/09/2019 09:18:32- DETALHADO -MD_Project.MD_Project(codigo)
18/09/2019 09:18:32- DETALHADO -MD_Project.Load()
18/09/2019 09:18:32- DETALHADO -MD_Project.RetornaTodosProjetos()
18/09/2019 09:18:32- DETALHADO -MD_Project.MD_Project()
18/09/2019 09:18:32- DETALHADO -MD_Project.MD_Project(codigo)
18/09/2019 09:18:32- DETALHADO -MD_Project.Load()
18/09/2019 09:18:32- DETALHADO -FO_Principal.AdicionarEstimativas()
18/09/2019 09:18:32- DETALHADO -MD_Project.GetEstimativa()
18/09/2019 09:18:32- DETALHADO -MD_Estimativa.MD_Estimativa()
18/09/2019 09:18:32- DETALHADO -MD_Estimativa.MD_Estimativa()
18/09/2019 09:18:32- DETALHADO -MD_Estimativa.Load()
18/09/2019 09:18:32- DETALHADO -Document.CalculaTempoTotalEstimativa()
18/09/2019 09:18:32- DETALHADO -FO_Principal.AdicionaCenarios()
18/09/2019 09:18:32- DETALHADO -MD_Estimativa.MD_Estimativa()
18/09/2019 09:18:32- DETALHADO -MD_Cenario.MD_Cenario()
18/09/2019 09:18:32- DETALHADO -MD_Cenario.Load()
18/09/2019 09:18:32- DETALHADO -MD_Cenario.RetornaTodosCenarios()
18/09/2019 09:18:32- DETALHADO -MD_Estimativa.MD_Estimativa()
18/09/2019 09:18:32- DETALHADO -MD_Cenario.MD_Cenario()
18/09/2019 09:18:32- DETALHADO -MD_Cenario.Load()
18/09/2019 09:18:32- DETALHADO -MD_Status.MD_Status()
18/09/2019 09:18:32- DETALHADO -MD_Status.InserirPrincipais()
18/09/2019 09:18:32- DETALHADO -MD_Status.MD_Status()
18/09/2019 09:18:32- DETALHADO -MD_Status.Load()
18/09/2019 09:27:08- DETALHADO -UC_CadastroCenarios.btn_confirmar_Click()
18/09/2019 09:27:08- DETALHADO -UC_CadastroCenarios.HabilitaBotoes()
18/09/2019 09:27:08- DETALHADO -UC_CadastroCenarios.HabilitaCampos()
18/09/2019 09:27:52- DETALHADO -UC_CadastroCenarios.btn_confirmar_Click()
18/09/2019 09:27:52- DETALHADO -UC_CadastroCenarios.Incluir()
18/09/2019 09:27:52- DETALHADO -UC_CadastroCenarios.VerificaCampos()
18/09/2019 09:27:52- DETALHADO -MD_Status.MD_Status()
18/09/2019 09:27:52- DETALHADO -MD_Status.InserirPrincipais()
18/09/2019 09:27:52- DETALHADO -MD_Status.MD_Status()
18/09/2019 09:27:52- DETALHADO -MD_Status.Load()
18/09/2019 09:27:52- DETALHADO -MD_Cenario.Update()
18/09/2019 09:27:53- DETALHADO -UC_CadastroCenarios.PopulaLabels()
18/09/2019 09:27:53- DETALHADO -UC_CadastroCenarios.HabilitaCampos()
18/09/2019 09:27:53- DETALHADO -UC_CadastroCenarios.HabilitaBotoes()
18/09/2019 09:27:53- DETALHADO -FO_Principal.CarregaTreeView()
18/09/2019 09:27:53- DETALHADO -MD_Project.MD_Project()
18/09/2019 09:27:53- DETALHADO -MD_Project.MD_Project(codigo)
18/09/2019 09:27:53- DETALHADO -MD_Project.Load()
18/09/2019 09:27:53- DETALHADO -MD_Project.RetornaTodosProjetos()
18/09/2019 09:27:53- DETALHADO -MD_Project.MD_Project()
18/09/2019 09:27:53- DETALHADO -MD_Project.MD_Project(codigo)
18/09/2019 09:27:53- DETALHADO -MD_Project.Load()
18/09/2019 09:27:53- DETALHADO -FO_Principal.AdicionarEstimativas()
18/09/2019 09:27:53- DETALHADO -MD_Project.GetEstimativa()
18/09/2019 09:27:53- DETALHADO -MD_Estimativa.MD_Estimativa()
18/09/2019 09:27:53- DETALHADO -MD_Estimativa.MD_Estimativa()
18/09/2019 09:27:53- DETALHADO -MD_Estimativa.Load()
18/09/2019 09:27:53- DETALHADO -Document.CalculaTempoTotalEstimativa()
18/09/2019 09:27:53- DETALHADO -FO_Principal.AdicionaCenarios()
18/09/2019 09:27:53- DETALHADO -MD_Estimativa.MD_Estimativa()
18/09/2019 09:27:53- DETALHADO -MD_Cenario.MD_Cenario()
18/09/2019 09:27:53- DETALHADO -MD_Cenario.Load()
18/09/2019 09:27:53- DETALHADO -MD_Cenario.RetornaTodosCenarios()
18/09/2019 09:27:53- DETALHADO -MD_Estimativa.MD_Estimativa()
18/09/2019 09:27:53- DETALHADO -MD_Cenario.MD_Cenario()
18/09/2019 09:27:53- DETALHADO -MD_Cenario.Load()
18/09/2019 09:27:53- DETALHADO -MD_Status.MD_Status()
18/09/2019 09:27:53- DETALHADO -MD_Status.InserirPrincipais()
18/09/2019 09:27:53- DETALHADO -MD_Status.MD_Status()
18/09/2019 09:27:53- DETALHADO -MD_Status.Load()
18/09/2019 09:30:45- DETALHADO -UC_CadastroCenarios.btn_confirmar_Click()
18/09/2019 09:30:45- DETALHADO -UC_CadastroCenarios.HabilitaBotoes()
18/09/2019 09:30:45- DETALHADO -UC_CadastroCenarios.HabilitaCampos()
18/09/2019 09:30:48- DETALHADO -UC_CadastroCenarios.btn_confirmar_Click()
18/09/2019 09:30:48- DETALHADO -UC_CadastroCenarios.Incluir()
18/09/2019 09:30:48- DETALHADO -UC_CadastroCenarios.VerificaCampos()
18/09/2019 09:30:48- DETALHADO -MD_Status.MD_Status()
18/09/2019 09:30:48- DETALHADO -MD_Status.InserirPrincipais()
18/09/2019 09:30:48- DETALHADO -MD_Status.MD_Status()
18/09/2019 09:30:48- DETALHADO -MD_Status.Load()
18/09/2019 09:30:48- DETALHADO -MD_Cenario.Update()
18/09/2019 09:30:48- DETALHADO -UC_CadastroCenarios.PopulaLabels()
18/09/2019 09:30:48- DETALHADO -UC_CadastroCenarios.HabilitaCampos()
18/09/2019 09:30:48- DETALHADO -UC_CadastroCenarios.HabilitaBotoes()
18/09/2019 09:30:48- DETALHADO -FO_Principal.CarregaTreeView()
18/09/2019 09:30:49- DETALHADO -MD_Project.MD_Project()
18/09/2019 09:30:49- DETALHADO -MD_Project.MD_Project(codigo)
18/09/2019 09:30:49- DETALHADO -MD_Project.Load()
18/09/2019 09:30:49- DETALHADO -MD_Project.RetornaTodosProjetos()
18/09/2019 09:30:49- DETALHADO -MD_Project.MD_Project()
18/09/2019 09:30:49- DETALHADO -MD_Project.MD_Project(codigo)
18/09/2019 09:30:49- DETALHADO -MD_Project.Load()
18/09/2019 09:30:49- DETALHADO -FO_Principal.AdicionarEstimativas()
18/09/2019 09:30:49- DETALHADO -MD_Project.GetEstimativa()
18/09/2019 09:30:49- DETALHADO -MD_Estimativa.MD_Estimativa()
18/09/2019 09:30:49- DETALHADO -MD_Estimativa.MD_Estimativa()
18/09/2019 09:30:49- DETALHADO -MD_Estimativa.Load()
18/09/2019 09:30:49- DETALHADO -Document.CalculaTempoTotalEstimativa()
18/09/2019 09:30:49- DETALHADO -FO_Principal.AdicionaCenarios()
18/09/2019 09:30:49- DETALHADO -MD_Estimativa.MD_Estimativa()
18/09/2019 09:30:49- DETALHADO -MD_Cenario.MD_Cenario()
18/09/2019 09:30:49- DETALHADO -MD_Cenario.Load()
18/09/2019 09:30:49- DETALHADO -MD_Cenario.RetornaTodosCenarios()
18/09/2019 09:30:49- DETALHADO -MD_Estimativa.MD_Estimativa()
18/09/2019 09:30:49- DETALHADO -MD_Cenario.MD_Cenario()
18/09/2019 09:30:49- DETALHADO -MD_Cenario.Load()
18/09/2019 09:30:49- DETALHADO -MD_Status.MD_Status()
18/09/2019 09:30:49- DETALHADO -MD_Status.InserirPrincipais()
18/09/2019 09:30:49- DETALHADO -MD_Status.MD_Status()
18/09/2019 09:30:49- DETALHADO -MD_Status.Load()
18/09/2019 09:30:51- DETALHADO -UC_CadastroCenarios.btn_gerar_document_Click()
18/09/2019 09:30:53- DETALHADO -FO_Agurade.FO_Agurade()
18/09/2019 09:30:53- DETALHADO -Document.CriaRelatoria
18/09/2019 09:30:53- DETALHADO -Document.CriaEstimativa
18/09/2019 09:30:53- DETALHADO -MD_Project.GetEstimativa()
18/09/2019 09:30:53- DETALHADO -MD_Estimativa.MD_Estimativa()
18/09/2019 09:30:53- DETALHADO -MD_Estimativa.MD_Estimativa()
18/09/2019 09:30:53- DETALHADO -MD_Estimativa.Load()
18/09/2019 09:30:53- DETALHADO -Document.CriaArquivoXML
18/09/2019 09:30:53- DETALHADO -Document.MontaCSVCenario()
18/09/2019 09:30:53- DETALHADO -Document.GetTextoCenario()
18/09/2019 09:30:53- DETALHADO -Document.CriarPdf()
18/09/2019 09:30:53- DETALHADO -C:\Program Files (x86)\CaseMaker\Tester_Documents -i "C:\Program Files (x86)\CaseMaker\TEMP\saida.xml" -o "C:\Users\Landix\Desktop" -c "C:\Program Files (x86)\CaseMaker\TEMP\file_json.json" -l
18/09/2019 09:30:54- SIMPLES -
18/09/2019 09:30:54- SIMPLES -
18/09/2019 09:30:54- SIMPLES -----------------------------------------------------------------------------------------------------------------------
18/09/2019 09:30:54- SIMPLES -Iniciando Programa
18/09/2019 09:30:54- SIMPLES -Arquivo de entrada: C:\Program Files (x86)\CaseMaker\TEMP\saida.xml
18/09/2019 09:30:54- SIMPLES -Diretório de saída: C:\Users\Landix\Desktop
18/09/2019 09:30:54- SIMPLES -Configuracao: C:\Program Files (x86)\CaseMaker\TEMP\file_json.json
18/09/2019 09:30:54- SIMPLES -Log: Detalhado
18/09/2019 09:30:54- DETALHADO -Program.CarregaConfiguracao
18/09/2019 09:30:54- DETALHADO -MD_PDFInformations.MD_PDFInformations()
18/09/2019 09:30:54- SIMPLES -Abrindo conexão. Banco: C:\Program Files (x86)\CaseMaker\BASE\pckdb.db3
18/09/2019 09:30:54- DETALHADO -MD_PDFInformations.MD_PDFInformations(codigo)
18/09/2019 09:30:54- DETALHADO -MD_PDFInformations.Load()
18/09/2019 09:30:54- DETALHADO -MD_PDFInformations.Insert()
18/09/2019 09:30:54- DETALHADO -MD_PDFInformations.VerificaExiste()
18/09/2019 09:30:54- DETALHADO -MD_PDFInformations.Update()
18/09/2019 09:30:54- DETALHADO -Configuração carregada com sucesso!
18/09/2019 09:30:54- DETALHADO -Program.Create
18/09/2019 09:30:54- DETALHADO -Documento_From_XML.GerarRelatorio
18/09/2019 09:30:54- DETALHADO -Documento.VerificaExisteFile
18/09/2019 09:30:54- DETALHADO -Documento.VerificaExisteDirectory
18/09/2019 09:30:54- DETALHADO -Documento.MontaHTMLTabulado
18/09/2019 09:30:54- DETALHADO -Documento.MontaImagemFromHtml
18/09/2019 09:30:54- DETALHADO -Documento.MontaImagemFromHtml
18/09/2019 09:30:54- DETALHADO -Documento.VerificaExisteFile
18/09/2019 09:30:54- DETALHADO -Documento.MontaHTMLTabulado
18/09/2019 09:30:54- DETALHADO -Documento.MontaImagemFromHtml
18/09/2019 09:30:54- DETALHADO -Documento.MontaImagemFromHtml
18/09/2019 09:30:54- DETALHADO -Documento.VerificaExisteFile
18/09/2019 09:30:54- DETALHADO -MD_PDFInformations.MD_PDFInformations()
18/09/2019 09:30:54- DETALHADO -MD_PDFInformations.MD_PDFInformations(codigo)
18/09/2019 09:30:54- DETALHADO -MD_PDFInformations.Load()
18/09/2019 09:30:54- DETALHADO -Documento.MontaPDFFromImages
18/09/2019 09:30:54- DETALHADO -Documento.VerificaExisteFile
18/09/2019 09:30:54- DETALHADO -Documento.VerificaExisteFile
18/09/2019 09:30:54- DETALHADO -MD_PDFInformations.MD_PDFInformations()
18/09/2019 09:30:54- DETALHADO -MD_PDFInformations.MD_PDFInformations(codigo)
18/09/2019 09:30:54- DETALHADO -MD_PDFInformations.Load()
18/09/2019 09:30:54- SIMPLES -Arquivo gerado com sucesso. C:\Users\Landix\Desktop\saida.pdf
18/09/2019 09:30:54- SIMPLES -Finalizando Programa
18/09/2019 09:30:54- SIMPLES -----------------------------------------------------------------------------------------------------------------------
18/09/2019 09:30:57- DETALHADO -Document.ExecutaFile()
18/09/2019 09:31:58- DETALHADO -UC_CadastroCenarios.btn_confirmar_Click()
18/09/2019 09:31:58- DETALHADO -UC_CadastroCenarios.HabilitaBotoes()
18/09/2019 09:31:58- DETALHADO -UC_CadastroCenarios.HabilitaCampos()
18/09/2019 09:32:00- DETALHADO -UC_CadastroCenarios.btn_confirmar_Click()
18/09/2019 09:32:00- DETALHADO -UC_CadastroCenarios.Incluir()
18/09/2019 09:32:00- DETALHADO -UC_CadastroCenarios.VerificaCampos()
18/09/2019 09:32:00- DETALHADO -MD_Status.MD_Status()
18/09/2019 09:32:00- DETALHADO -MD_Status.InserirPrincipais()
18/09/2019 09:32:00- DETALHADO -MD_Status.MD_Status()
18/09/2019 09:32:00- DETALHADO -MD_Status.Load()
18/09/2019 09:32:00- DETALHADO -MD_Cenario.Update()
18/09/2019 09:32:01- DETALHADO -UC_CadastroCenarios.PopulaLabels()
18/09/2019 09:32:01- DETALHADO -UC_CadastroCenarios.HabilitaCampos()
18/09/2019 09:32:01- DETALHADO -UC_CadastroCenarios.HabilitaBotoes()
18/09/2019 09:32:01- DETALHADO -FO_Principal.CarregaTreeView()
18/09/2019 09:32:01- DETALHADO -MD_Project.MD_Project()
18/09/2019 09:32:01- DETALHADO -MD_Project.MD_Project(codigo)
18/09/2019 09:32:01- DETALHADO -MD_Project.Load()
18/09/2019 09:32:01- DETALHADO -MD_Project.RetornaTodosProjetos()
18/09/2019 09:32:01- DETALHADO -MD_Project.MD_Project()
18/09/2019 09:32:01- DETALHADO -MD_Project.MD_Project(codigo)
18/09/2019 09:32:01- DETALHADO -MD_Project.Load()
18/09/2019 09:32:01- DETALHADO -FO_Principal.AdicionarEstimativas()
18/09/2019 09:32:01- DETALHADO -MD_Project.GetEstimativa()
18/09/2019 09:32:01- DETALHADO -MD_Estimativa.MD_Estimativa()
18/09/2019 09:32:01- DETALHADO -MD_Estimativa.MD_Estimativa()
18/09/2019 09:32:01- DETALHADO -MD_Estimativa.Load()
18/09/2019 09:32:01- DETALHADO -Document.CalculaTempoTotalEstimativa()
18/09/2019 09:32:01- DETALHADO -FO_Principal.AdicionaCenarios()
18/09/2019 09:32:01- DETALHADO -MD_Estimativa.MD_Estimativa()
18/09/2019 09:32:01- DETALHADO -MD_Cenario.MD_Cenario()
18/09/2019 09:32:01- DETALHADO -MD_Cenario.Load()
18/09/2019 09:32:01- DETALHADO -MD_Cenario.RetornaTodosCenarios()
18/09/2019 09:32:01- DETALHADO -MD_Estimativa.MD_Estimativa()
18/09/2019 09:32:01- DETALHADO -MD_Cenario.MD_Cenario()
18/09/2019 09:32:01- DETALHADO -MD_Cenario.Load()
18/09/2019 09:32:01- DETALHADO -MD_Status.MD_Status()
18/09/2019 09:32:01- DETALHADO -MD_Status.InserirPrincipais()
18/09/2019 09:32:01- DETALHADO -MD_Status.MD_Status()
18/09/2019 09:32:01- DETALHADO -MD_Status.Load()
18/09/2019 09:32:02- DETALHADO -UC_CadastroCenarios.btn_gerar_document_Click()
18/09/2019 09:32:03- DETALHADO -FO_Agurade.FO_Agurade()
18/09/2019 09:32:03- DETALHADO -Document.CriaRelatoria
18/09/2019 09:32:03- DETALHADO -Document.CriaEstimativa
18/09/2019 09:32:03- DETALHADO -MD_Project.GetEstimativa()
18/09/2019 09:32:03- DETALHADO -MD_Estimativa.MD_Estimativa()
18/09/2019 09:32:03- DETALHADO -MD_Estimativa.MD_Estimativa()
18/09/2019 09:32:03- DETALHADO -MD_Estimativa.Load()
18/09/2019 09:32:03- DETALHADO -Document.CriaArquivoXML
18/09/2019 09:32:03- DETALHADO -Document.MontaCSVCenario()
18/09/2019 09:32:03- DETALHADO -Document.GetTextoCenario()
18/09/2019 09:32:03- DETALHADO -Document.CriarPdf()
18/09/2019 09:32:03- DETALHADO -C:\Program Files (x86)\CaseMaker\Tester_Documents -i "C:\Program Files (x86)\CaseMaker\TEMP\saida.xml" -o "C:\Users\Landix\Desktop" -c "C:\Program Files (x86)\CaseMaker\TEMP\file_json.json" -l
18/09/2019 09:32:03- SIMPLES -
18/09/2019 09:32:03- SIMPLES -
18/09/2019 09:32:03- SIMPLES -----------------------------------------------------------------------------------------------------------------------
18/09/2019 09:32:03- SIMPLES -Iniciando Programa
18/09/2019 09:32:03- SIMPLES -Arquivo de entrada: C:\Program Files (x86)\CaseMaker\TEMP\saida.xml
18/09/2019 09:32:03- SIMPLES -Diretório de saída: C:\Users\Landix\Desktop
18/09/2019 09:32:03- SIMPLES -Configuracao: C:\Program Files (x86)\CaseMaker\TEMP\file_json.json
18/09/2019 09:32:03- SIMPLES -Log: Detalhado
18/09/2019 09:32:03- DETALHADO -Program.CarregaConfiguracao
18/09/2019 09:32:03- DETALHADO -MD_PDFInformations.MD_PDFInformations()
18/09/2019 09:32:03- SIMPLES -Abrindo conexão. Banco: C:\Program Files (x86)\CaseMaker\BASE\pckdb.db3
18/09/2019 09:32:03- DETALHADO -MD_PDFInformations.MD_PDFInformations(codigo)
18/09/2019 09:32:03- DETALHADO -MD_PDFInformations.Load()
18/09/2019 09:32:03- DETALHADO -MD_PDFInformations.Insert()
18/09/2019 09:32:03- DETALHADO -MD_PDFInformations.VerificaExiste()
18/09/2019 09:32:03- DETALHADO -MD_PDFInformations.Update()
18/09/2019 09:32:03- DETALHADO -Configuração carregada com sucesso!
18/09/2019 09:32:03- DETALHADO -Program.Create
18/09/2019 09:32:03- DETALHADO -Documento_From_XML.GerarRelatorio
18/09/2019 09:32:03- DETALHADO -Documento.VerificaExisteFile
18/09/2019 09:32:03- DETALHADO -Documento.VerificaExisteDirectory
18/09/2019 09:32:03- DETALHADO -Documento.MontaHTMLTabulado
18/09/2019 09:32:03- DETALHADO -Documento.MontaImagemFromHtml
18/09/2019 09:32:03- DETALHADO -Documento.MontaImagemFromHtml
18/09/2019 09:32:03- DETALHADO -Documento.VerificaExisteFile
18/09/2019 09:32:03- DETALHADO -Documento.MontaHTMLTabulado
18/09/2019 09:32:03- DETALHADO -Documento.MontaImagemFromHtml
18/09/2019 09:32:03- DETALHADO -Documento.MontaImagemFromHtml
18/09/2019 09:32:03- DETALHADO -Documento.VerificaExisteFile
18/09/2019 09:32:03- DETALHADO -MD_PDFInformations.MD_PDFInformations()
18/09/2019 09:32:03- DETALHADO -MD_PDFInformations.MD_PDFInformations(codigo)
18/09/2019 09:32:03- DETALHADO -MD_PDFInformations.Load()
18/09/2019 09:32:03- DETALHADO -Documento.MontaPDFFromImages
18/09/2019 09:32:03- DETALHADO -Documento.VerificaExisteFile
18/09/2019 09:32:03- DETALHADO -Documento.VerificaExisteFile
18/09/2019 09:32:03- DETALHADO -MD_PDFInformations.MD_PDFInformations()
18/09/2019 09:32:03- DETALHADO -MD_PDFInformations.MD_PDFInformations(codigo)
18/09/2019 09:32:03- DETALHADO -MD_PDFInformations.Load()
18/09/2019 09:32:03- SIMPLES -Arquivo gerado com sucesso. C:\Users\Landix\Desktop\saida.pdf
18/09/2019 09:32:03- SIMPLES -Finalizando Programa
18/09/2019 09:32:03- SIMPLES -----------------------------------------------------------------------------------------------------------------------
18/09/2019 09:32:05- DETALHADO -Document.ExecutaFile()
18/09/2019 09:45:17- DETALHADO -UC_CadastroCenarios.btn_gerar_document_Click()
18/09/2019 09:45:20- DETALHADO -FO_Agurade.FO_Agurade()
18/09/2019 09:45:20- DETALHADO -Document.CriaRelatoria
18/09/2019 09:45:20- DETALHADO -Document.CriaEstimativa
18/09/2019 09:45:20- DETALHADO -MD_Project.GetEstimativa()
18/09/2019 09:45:20- DETALHADO -MD_Estimativa.MD_Estimativa()
18/09/2019 09:45:20- DETALHADO -MD_Estimativa.MD_Estimativa()
18/09/2019 09:45:20- DETALHADO -MD_Estimativa.Load()
18/09/2019 09:45:20- DETALHADO -Document.CriaArquivoXML
18/09/2019 09:45:20- DETALHADO -Document.MontaCSVCenario()
18/09/2019 09:45:20- DETALHADO -Document.GetTextoCenario()
18/09/2019 09:45:20- DETALHADO -Document.CriarPdf()
18/09/2019 09:45:20- DETALHADO -C:\Program Files (x86)\CaseMaker\Tester_Documents -i "C:\Program Files (x86)\CaseMaker\TEMP\saida.xml" -o "C:\Users\Landix\Desktop" -c "C:\Program Files (x86)\CaseMaker\TEMP\file_json.json" -l
18/09/2019 09:45:20- SIMPLES -
18/09/2019 09:45:20- SIMPLES -
18/09/2019 09:45:20- SIMPLES -----------------------------------------------------------------------------------------------------------------------
18/09/2019 09:45:20- SIMPLES -Iniciando Programa
18/09/2019 09:45:20- SIMPLES -Arquivo de entrada: C:\Program Files (x86)\CaseMaker\TEMP\saida.xml
18/09/2019 09:45:20- SIMPLES -Diretório de saída: C:\Users\Landix\Desktop
18/09/2019 09:45:20- SIMPLES -Configuracao: C:\Program Files (x86)\CaseMaker\TEMP\file_json.json
18/09/2019 09:45:20- SIMPLES -Log: Detalhado
18/09/2019 09:45:20- DETALHADO -Program.CarregaConfiguracao
18/09/2019 09:45:20- DETALHADO -MD_PDFInformations.MD_PDFInformations()
18/09/2019 09:45:20- SIMPLES -Abrindo conexão. Banco: C:\Program Files (x86)\CaseMaker\BASE\pckdb.db3
18/09/2019 09:45:20- DETALHADO -MD_PDFInformations.MD_PDFInformations(codigo)
18/09/2019 09:45:20- DETALHADO -MD_PDFInformations.Load()
18/09/2019 09:45:20- DETALHADO -MD_PDFInformations.Insert()
18/09/2019 09:45:20- DETALHADO -MD_PDFInformations.VerificaExiste()
18/09/2019 09:45:20- DETALHADO -MD_PDFInformations.Update()
18/09/2019 09:45:20- DETALHADO -Configuração carregada com sucesso!
18/09/2019 09:45:20- DETALHADO -Program.Create
18/09/2019 09:45:20- DETALHADO -Documento_From_XML.GerarRelatorio
18/09/2019 09:45:20- DETALHADO -Documento.VerificaExisteFile
18/09/2019 09:45:20- DETALHADO -Documento.VerificaExisteDirectory
18/09/2019 09:45:20- DETALHADO -Documento.MontaHTMLTabulado
18/09/2019 09:45:20- DETALHADO -Documento.MontaImagemFromHtml
18/09/2019 09:45:20- DETALHADO -Documento.MontaImagemFromHtml
18/09/2019 09:45:20- DETALHADO -Documento.VerificaExisteFile
18/09/2019 09:45:20- DETALHADO -Documento.MontaHTMLTabulado
18/09/2019 09:45:20- DETALHADO -Documento.MontaImagemFromHtml
18/09/2019 09:45:20- DETALHADO -Documento.MontaImagemFromHtml
18/09/2019 09:45:20- DETALHADO -Documento.VerificaExisteFile
18/09/2019 09:45:21- DETALHADO -MD_PDFInformations.MD_PDFInformations()
18/09/2019 09:45:21- DETALHADO -MD_PDFInformations.MD_PDFInformations(codigo)
18/09/2019 09:45:21- DETALHADO -MD_PDFInformations.Load()
18/09/2019 09:45:21- DETALHADO -Documento.MontaPDFFromImages
18/09/2019 09:45:21- DETALHADO -Documento.VerificaExisteFile
18/09/2019 09:45:21- DETALHADO -Documento.VerificaExisteFile
18/09/2019 09:45:21- DETALHADO -MD_PDFInformations.MD_PDFInformations()
18/09/2019 09:45:21- DETALHADO -MD_PDFInformations.MD_PDFInformations(codigo)
18/09/2019 09:45:21- DETALHADO -MD_PDFInformations.Load()
18/09/2019 09:45:21- SIMPLES -Arquivo gerado com sucesso. C:\Users\Landix\Desktop\saida.pdf
18/09/2019 09:45:21- SIMPLES -Finalizando Programa
18/09/2019 09:45:21- SIMPLES -----------------------------------------------------------------------------------------------------------------------
18/09/2019 09:45:25- DETALHADO -Document.ExecutaFile()
18/09/2019 09:46:06- DETALHADO -UC_CadastroCenarios.btn_confirmar_Click()
18/09/2019 09:46:06- DETALHADO -UC_CadastroCenarios.HabilitaBotoes()
18/09/2019 09:46:06- DETALHADO -UC_CadastroCenarios.HabilitaCampos()
18/09/2019 09:46:07- DETALHADO -UC_CadastroCenarios.btn_adicionarAnexo_Click()
18/09/2019 09:46:07- DETALHADO -MD_Anexos.MD_Anexos()
18/09/2019 09:46:07- DETALHADO -MD_Anexos.MD_Anexos(int codigo, MD_Cenario cenario)
18/09/2019 09:46:07- DETALHADO -MD_Anexos.Load()
18/09/2019 09:46:07- DETALHADO -FO_CadastroInfoAnexo.FO_CadastroInfoAnexo()
18/09/2019 09:46:07- DETALHADO -FO_CadastroInfoAnexo.InicializaForm()
18/09/2019 09:46:07- DETALHADO -FO_CadastroInfoAnexo.PopulaCampos()
18/09/2019 09:46:10- DETALHADO -UC_CadastroCenarios.btn_excluir_Click()
18/09/2019 09:46:10- DETALHADO -UC_CadastroCenarios.PopulaLabels()
18/09/2019 09:46:10- DETALHADO -UC_CadastroCenarios.HabilitaBotoes()
18/09/2019 09:46:10- DETALHADO -UC_CadastroCenarios.HabilitaCampos()
18/09/2019 10:59:30- SIMPLES -Abrindo conexão. Banco: D:\tester_documents\tester_documents\CaseMaker\bin\Debug\BASE\pckdb.db3
18/09/2019 10:59:30- SIMPLES ---------------------------------------Iniciando sistema
18/09/2019 10:59:30- DETALHADO -MD_Status.MD_Status()
18/09/2019 10:59:30- DETALHADO -MD_Status.InserirPrincipais()
18/09/2019 10:59:30- DETALHADO -MD_Status.MD_Status()
18/09/2019 10:59:30- DETALHADO -MD_Status.Load()
18/09/2019 10:59:30- DETALHADO -MD_Project.MD_Project()
18/09/2019 10:59:30- DETALHADO -MD_Project.MD_Project(codigo)
18/09/2019 10:59:30- DETALHADO -MD_Project.Load()
18/09/2019 10:59:30- DETALHADO -MD_Estimativa.MD_Estimativa()
18/09/2019 10:59:30- DETALHADO -MD_Estimativa.MD_Estimativa()
18/09/2019 10:59:30- DETALHADO -MD_Estimativa.Load()
18/09/2019 10:59:30- DETALHADO -MD_Estimativa.MD_Estimativa()
18/09/2019 10:59:30- DETALHADO -MD_Cenario.MD_Cenario()
18/09/2019 10:59:30- DETALHADO -MD_Cenario.Load()
18/09/2019 10:59:30- DETALHADO -MD_Anexos.MD_Anexos()
18/09/2019 10:59:30- DETALHADO -MD_Anexos.MD_Anexos(int codigo, MD_Cenario cenario)
18/09/2019 10:59:30- DETALHADO -MD_Anexos.Load()
18/09/2019 10:59:30- DETALHADO -MD_Status.InserirPrincipais()
18/09/2019 10:59:30- DETALHADO -FO_Principal.FO_Principal()
18/09/2019 10:59:30- DETALHADO -FO_Principal.IniciaForm()
18/09/2019 10:59:30- DETALHADO -FO_Principal.CarregaTreeView()
18/09/2019 10:59:30- DETALHADO -MD_Project.MD_Project()
18/09/2019 10:59:30- DETALHADO -MD_Project.MD_Project(codigo)
18/09/2019 10:59:30- DETALHADO -MD_Project.Load()
18/09/2019 10:59:30- DETALHADO -MD_Project.RetornaTodosProjetos()
18/09/2019 10:59:30- DETALHADO -MD_Project.MD_Project()
18/09/2019 10:59:30- DETALHADO -MD_Project.MD_Project(codigo)
18/09/2019 10:59:30- DETALHADO -MD_Project.Load()
18/09/2019 10:59:30- DETALHADO -FO_Principal.AdicionarEstimativas()
18/09/2019 10:59:30- DETALHADO -MD_Project.GetEstimativa()
18/09/2019 10:59:30- DETALHADO -MD_Estimativa.MD_Estimativa()
18/09/2019 10:59:30- DETALHADO -MD_Estimativa.MD_Estimativa()
18/09/2019 10:59:30- DETALHADO -MD_Estimativa.Load()
18/09/2019 10:59:30- DETALHADO -Document.CalculaTempoTotalEstimativa()
18/09/2019 10:59:30- DETALHADO -FO_Principal.AdicionaCenarios()
18/09/2019 10:59:30- DETALHADO -MD_Estimativa.MD_Estimativa()
18/09/2019 10:59:30- DETALHADO -MD_Cenario.MD_Cenario()
18/09/2019 10:59:30- DETALHADO -MD_Cenario.Load()
18/09/2019 10:59:30- DETALHADO -MD_Cenario.RetornaTodosCenarios()
18/09/2019 10:59:30- DETALHADO -MD_Estimativa.MD_Estimativa()
18/09/2019 10:59:30- DETALHADO -MD_Cenario.MD_Cenario()
18/09/2019 10:59:30- DETALHADO -MD_Cenario.Load()
18/09/2019 10:59:30- DETALHADO -MD_Status.MD_Status()
18/09/2019 10:59:30- DETALHADO -MD_Status.InserirPrincipais()
18/09/2019 10:59:30- DETALHADO -MD_Status.MD_Status()
18/09/2019 10:59:30- DETALHADO -MD_Status.Load()
18/09/2019 10:59:31- DETALHADO -FO_Principal.trv_projetos_AfterSelect()
18/09/2019 10:59:31- DETALHADO -FO_Principal.AbrePagina()
18/09/2019 10:59:31- DETALHADO -MD_Project.MD_Project()
18/09/2019 10:59:31- DETALHADO -MD_Project.MD_Project(codigo)
18/09/2019 10:59:31- DETALHADO -MD_Project.Load()
18/09/2019 10:59:31- DETALHADO -MD_Estimativa.MD_Estimativa()
18/09/2019 10:59:31- DETALHADO -MD_Cenario.MD_Cenario()
18/09/2019 10:59:31- DETALHADO -MD_Cenario.Load()
18/09/2019 10:59:31- DETALHADO -MD_Status.MD_Status()
18/09/2019 10:59:31- DETALHADO -MD_Status.InserirPrincipais()
18/09/2019 10:59:31- DETALHADO -MD_Status.MD_Status()
18/09/2019 10:59:31- DETALHADO -MD_Status.Load()
18/09/2019 10:59:31- DETALHADO -UC_CadastroCenarios.UC_CadastroCenarios()
18/09/2019 10:59:31- DETALHADO -UC_CadastroCenarios.CarregaForm()
18/09/2019 10:59:31- DETALHADO -UC_CadastroCenarios.PopulaLabels()
18/09/2019 10:59:31- DETALHADO -UC_CadastroCenarios.HabilitaCampos()
18/09/2019 10:59:31- DETALHADO -UC_CadastroCenarios.HabilitaBotoes()
18/09/2019 10:59:31- DETALHADO -UC_CadastroCenarios.CarregaComboStatus()
18/09/2019 10:59:31- DETALHADO -MD_Status.MD_Status()
18/09/2019 10:59:31- DETALHADO -MD_Status.InserirPrincipais()
18/09/2019 10:59:31- DETALHADO -MD_Status.MD_Status()
18/09/2019 10:59:31- DETALHADO -MD_Status.Load()
18/09/2019 10:59:31- DETALHADO -MD_Status.ComandoTodosStatus()
18/09/2019 10:59:31- DETALHADO -UC_CadastroCenarios.PreencheListView()
18/09/2019 10:59:31- DETALHADO -FO_Principal.AbreJanela()
18/09/2019 10:59:34- DETALHADO -FO_Principal.trv_projetos_AfterSelect()
18/09/2019 10:59:34- DETALHADO -FO_Principal.AbrePagina()
18/09/2019 10:59:34- DETALHADO -MD_Project.MD_Project()
18/09/2019 10:59:34- DETALHADO -MD_Project.MD_Project(codigo)
18/09/2019 10:59:34- DETALHADO -MD_Project.Load()
18/09/2019 10:59:34- DETALHADO -MD_Estimativa.MD_Estimativa()
18/09/2019 10:59:34- DETALHADO -MD_Estimativa.MD_Estimativa()
18/09/2019 10:59:34- DETALHADO -MD_Estimativa.Load()
18/09/2019 10:59:34- DETALHADO -UC_CadastroEstimativa.UC_CadastroEstimativa()
18/09/2019 10:59:34- DETALHADO -UC_CadastroEstimativa.IniciaUserControl()
18/09/2019 10:59:34- DETALHADO -UC_CadastroEstimativa.PopulaLabels()
18/09/2019 10:59:34- DETALHADO -Document.CalculaTempoTotalEstimativa()
18/09/2019 10:59:34- DETALHADO -UC_CadastroEstimativa.CarregaCampos()
18/09/2019 10:59:34- DETALHADO -FO_Principal.AbreJanela()
18/09/2019 10:59:35- DETALHADO -FO_Principal.trv_projetos_AfterSelect()
18/09/2019 10:59:35- DETALHADO -FO_Principal.AbrePagina()
18/09/2019 10:59:35- DETALHADO -FO_Principal.AbrirJanelaDeCadastro()
18/09/2019 10:59:35- DETALHADO -UC_CadastroEstimativa.UC_CadastroProjeto()
18/09/2019 10:59:35- DETALHADO -MD_Project.MD_Project()
18/09/2019 10:59:35- DETALHADO -MD_Project.MD_Project(codigo)
18/09/2019 10:59:35- DETALHADO -MD_Project.Load()
18/09/2019 10:59:35- DETALHADO -UC_CadastroEstimativa.IniciaUserControl()
18/09/2019 10:59:35- DETALHADO -UC_CadastroEstimativa.CarregaLabels()
18/09/2019 10:59:35- DETALHADO -UC_CadastroEstimativa.SetaEnableEntradas()
18/09/2019 10:59:35- DETALHADO -UC_CadastroEstimativa.CarregaBotoes()
18/09/2019 10:59:35- DETALHADO -FO_Principal.AbreJanela()
18/09/2019 10:59:37- DETALHADO -UC_CadastroProjeto.btn_geraRelCompleto_Click()
18/09/2019 10:59:37- DETALHADO -UC_CadastroProjeto.GeraRelatorio
18/09/2019 10:59:39- DETALHADO -FO_Agurade.FO_Agurade()
18/09/2019 10:59:39- DETALHADO -Document.CriaRelatorioCompleto
18/09/2019 10:59:39- DETALHADO -Document.CriaEstimativa
18/09/2019 10:59:39- DETALHADO -MD_Project.GetEstimativa()
18/09/2019 10:59:39- DETALHADO -MD_Estimativa.MD_Estimativa()
18/09/2019 10:59:39- DETALHADO -MD_Estimativa.MD_Estimativa()
18/09/2019 10:59:39- DETALHADO -MD_Estimativa.Load()
18/09/2019 11:00:10- DETALHADO -Document.CriaArquivoXML
18/09/2019 11:00:15- DETALHADO -MD_Project.GetEstimativa()
18/09/2019 11:00:15- DETALHADO -MD_Estimativa.MD_Estimativa()
18/09/2019 11:00:15- DETALHADO -MD_Estimativa.MD_Estimativa()
18/09/2019 11:00:15- DETALHADO -MD_Estimativa.Load()
18/09/2019 11:00:18- DETALHADO -Document.CriaTextoCopiarEstimativa()
18/09/2019 11:00:18- DETALHADO -MD_Project.GetEstimativa()
18/09/2019 11:00:18- DETALHADO -MD_Estimativa.MD_Estimativa()
18/09/2019 11:00:18- DETALHADO -MD_Estimativa.MD_Estimativa()
18/09/2019 11:00:18- DETALHADO -MD_Estimativa.Load()
18/09/2019 11:00:18- DETALHADO -Document.CalculaTempoTotalEstimativa()
18/09/2019 11:00:20- DETALHADO -MD_Project.GetCenarios()
18/09/2019 11:00:20- DETALHADO -MD_Estimativa.MD_Estimativa()
18/09/2019 11:00:20- DETALHADO -MD_Cenario.MD_Cenario()
18/09/2019 11:00:20- DETALHADO -MD_Cenario.Load()
18/09/2019 11:00:20- DETALHADO -MD_Status.MD_Status()
18/09/2019 11:00:20- DETALHADO -MD_Status.InserirPrincipais()
18/09/2019 11:00:20- DETALHADO -MD_Status.MD_Status()
18/09/2019 11:00:20- DETALHADO -MD_Status.Load()
18/09/2019 11:00:23- DETALHADO -Document.GetTextoCenario()
18/09/2019 11:00:27- DETALHADO -Document.MontaCSVCenario()
18/09/2019 11:01:08- DETALHADO -Document.CriarPdf()
18/09/2019 11:01:09- DETALHADO -D:\tester_documents\tester_documents\CaseMaker\bin\Debug\Tester_Documents -i "D:\tester_documents\tester_documents\CaseMaker\bin\Debug\TEMP\saida.xml" -o "C:\Users\Landix\Desktop" -c "D:\tester_documents\tester_documents\CaseMaker\bin\Debug\TEMP\file_json.json" -l
18/09/2019 11:01:10- SIMPLES -
18/09/2019 11:01:10- SIMPLES -
18/09/2019 11:01:10- SIMPLES -----------------------------------------------------------------------------------------------------------------------
18/09/2019 11:01:10- SIMPLES -Iniciando Programa
18/09/2019 11:01:10- SIMPLES -Arquivo de entrada: D:\tester_documents\tester_documents\CaseMaker\bin\Debug\TEMP\saida.xml
18/09/2019 11:01:10- SIMPLES -Diretório de saída: C:\Users\Landix\Desktop
18/09/2019 11:01:10- SIMPLES -Configuracao: D:\tester_documents\tester_documents\CaseMaker\bin\Debug\TEMP\file_json.json
18/09/2019 11:01:10- SIMPLES -Log: Detalhado
18/09/2019 11:01:10- DETALHADO -Program.CarregaConfiguracao
18/09/2019 11:01:11- DETALHADO -MD_PDFInformations.MD_PDFInformations()
18/09/2019 11:01:11- SIMPLES -Abrindo conexão. Banco: D:\tester_documents\tester_documents\CaseMaker\bin\Debug\BASE\pckdb.db3
18/09/2019 11:01:11- DETALHADO -MD_PDFInformations.MD_PDFInformations(codigo)
18/09/2019 11:01:11- DETALHADO -MD_PDFInformations.Load()
18/09/2019 11:01:11- DETALHADO -MD_PDFInformations.Insert()
18/09/2019 11:01:11- DETALHADO -MD_PDFInformations.VerificaExiste()
18/09/2019 11:01:11- DETALHADO -MD_PDFInformations.Update()
18/09/2019 11:01:15- DETALHADO -Configuração carregada com sucesso!
18/09/2019 11:01:15- DETALHADO -Program.Create
18/09/2019 11:01:15- DETALHADO -Documento_From_XML.GerarRelatorio
18/09/2019 11:01:15- DETALHADO -Documento.VerificaExisteFile
18/09/2019 11:01:15- DETALHADO -Documento.VerificaExisteDirectory
18/09/2019 11:01:15- DETALHADO -Documento.MontaHTMLTabulado
18/09/2019 11:01:15- DETALHADO -Documento.MontaImagemFromHtml
18/09/2019 11:01:15- DETALHADO -Documento.MontaImagemFromHtml
18/09/2019 11:01:15- DETALHADO -Documento.VerificaExisteFile
18/09/2019 11:01:15- DETALHADO -Documento.MontaHTMLTabulado
18/09/2019 11:01:15- DETALHADO -Documento.MontaImagemFromHtml
18/09/2019 11:01:15- DETALHADO -Documento.MontaImagemFromHtml
18/09/2019 11:01:15- DETALHADO -Documento.VerificaExisteFile
18/09/2019 11:01:16- DETALHADO -Documento.MontaHTMLTabulado
18/09/2019 11:01:16- DETALHADO -Documento.MontaImagemFromHtml
18/09/2019 11:01:16- DETALHADO -Documento.MontaImagemFromHtml
18/09/2019 11:01:16- DETALHADO -Documento.VerificaExisteFile
18/09/2019 11:01:16- DETALHADO -MD_PDFInformations.MD_PDFInformations()
18/09/2019 11:01:16- DETALHADO -MD_PDFInformations.MD_PDFInformations(codigo)
18/09/2019 11:01:16- DETALHADO -MD_PDFInformations.Load()
18/09/2019 11:01:16- DETALHADO -Documento.MontaPDFFromImages
18/09/2019 11:01:16- DETALHADO -Documento.VerificaExisteFile
18/09/2019 11:01:16- DETALHADO -Documento.VerificaExisteFile
18/09/2019 11:01:16- DETALHADO -Documento.VerificaExisteFile
18/09/2019 11:01:16- DETALHADO -MD_PDFInformations.MD_PDFInformations()
18/09/2019 11:01:16- DETALHADO -MD_PDFInformations.MD_PDFInformations(codigo)
18/09/2019 11:01:16- DETALHADO -MD_PDFInformations.Load()
18/09/2019 11:01:16- SIMPLES -Erro ao copiar o log. Erro: O acesso ao caminho 'C:\Program Files (x86)\CaseMaker\Log\log.log' foi negado.
18/09/2019 11:01:16- SIMPLES -Arquivo gerado com sucesso. C:\Users\Landix\Desktop\saida.pdf
18/09/2019 11:01:16- SIMPLES -Finalizando Programa
18/09/2019 11:01:16- SIMPLES -----------------------------------------------------------------------------------------------------------------------
18/09/2019 11:01:17- DETALHADO -Document.ExecutaFile()
18/09/2019 11:01:33- DETALHADO -FO_Principal.trv_projetos_AfterSelect()
18/09/2019 11:01:33- DETALHADO -FO_Principal.AbrePagina()
18/09/2019 11:01:33- DETALHADO -MD_Project.MD_Project()
18/09/2019 11:01:33- DETALHADO -MD_Project.MD_Project(codigo)
18/09/2019 11:01:33- DETALHADO -MD_Project.Load()
18/09/2019 11:01:33- DETALHADO -MD_Estimativa.MD_Estimativa()
18/09/2019 11:01:33- DETALHADO -MD_Cenario.MD_Cenario()
18/09/2019 11:01:33- DETALHADO -MD_Cenario.Load()
18/09/2019 11:01:33- DETALHADO -MD_Status.MD_Status()
18/09/2019 11:01:33- DETALHADO -MD_Status.InserirPrincipais()
18/09/2019 11:01:33- DETALHADO -MD_Status.MD_Status()
18/09/2019 11:01:33- DETALHADO -MD_Status.Load()
18/09/2019 11:01:33- DETALHADO -UC_CadastroCenarios.UC_CadastroCenarios()
18/09/2019 11:01:33- DETALHADO -UC_CadastroCenarios.CarregaForm()
18/09/2019 11:01:33- DETALHADO -UC_CadastroCenarios.PopulaLabels()
18/09/2019 11:01:33- DETALHADO -UC_CadastroCenarios.HabilitaCampos()
18/09/2019 11:01:33- DETALHADO -UC_CadastroCenarios.HabilitaBotoes()
18/09/2019 11:01:33- DETALHADO -UC_CadastroCenarios.CarregaComboStatus()
18/09/2019 11:01:33- DETALHADO -MD_Status.MD_Status()
18/09/2019 11:01:33- DETALHADO -MD_Status.InserirPrincipais()
18/09/2019 11:01:33- DETALHADO -MD_Status.MD_Status()
18/09/2019 11:01:33- DETALHADO -MD_Status.Load()
18/09/2019 11:01:33- DETALHADO -MD_Status.ComandoTodosStatus()
18/09/2019 11:01:33- DETALHADO -UC_CadastroCenarios.PreencheListView()
18/09/2019 11:01:33- DETALHADO -FO_Principal.AbreJanela()
18/09/2019 11:01:33- DETALHADO -FO_Principal.FecharTela()
18/09/2019 11:01:35- DETALHADO -UC_CadastroCenarios.btn_confirmar_Click()
18/09/2019 11:01:35- DETALHADO -UC_CadastroCenarios.HabilitaBotoes()
18/09/2019 11:01:35- DETALHADO -UC_CadastroCenarios.HabilitaCampos()
18/09/2019 11:01:55- DETALHADO -UC_CadastroCenarios.btn_confirmar_Click()
18/09/2019 11:01:55- DETALHADO -UC_CadastroCenarios.Incluir()
18/09/2019 11:01:55- DETALHADO -UC_CadastroCenarios.VerificaCampos()
18/09/2019 11:01:55- DETALHADO -MD_Status.MD_Status()
18/09/2019 11:01:55- DETALHADO -MD_Status.InserirPrincipais()
18/09/2019 11:01:55- DETALHADO -MD_Status.MD_Status()
18/09/2019 11:01:55- DETALHADO -MD_Status.Load()
18/09/2019 11:01:55- DETALHADO -MD_Cenario.Update()
18/09/2019 11:01:56- DETALHADO -UC_CadastroCenarios.PopulaLabels()
18/09/2019 11:01:56- DETALHADO -UC_CadastroCenarios.HabilitaCampos()
18/09/2019 11:01:56- DETALHADO -UC_CadastroCenarios.HabilitaBotoes()
18/09/2019 11:01:56- DETALHADO -FO_Principal.CarregaTreeView()
18/09/2019 11:01:56- DETALHADO -MD_Project.MD_Project()
18/09/2019 11:01:56- DETALHADO -MD_Project.MD_Project(codigo)
18/09/2019 11:01:56- DETALHADO -MD_Project.Load()
18/09/2019 11:01:56- DETALHADO -MD_Project.RetornaTodosProjetos()
18/09/2019 11:01:56- DETALHADO -MD_Project.MD_Project()
18/09/2019 11:01:56- DETALHADO -MD_Project.MD_Project(codigo)
18/09/2019 11:01:56- DETALHADO -MD_Project.Load()
18/09/2019 11:01:56- DETALHADO -FO_Principal.AdicionarEstimativas()
18/09/2019 11:01:56- DETALHADO -MD_Project.GetEstimativa()
18/09/2019 11:01:56- DETALHADO -MD_Estimativa.MD_Estimativa()
18/09/2019 11:01:56- DETALHADO -MD_Estimativa.MD_Estimativa()
18/09/2019 11:01:56- DETALHADO -MD_Estimativa.Load()
18/09/2019 11:01:56- DETALHADO -Document.CalculaTempoTotalEstimativa()
18/09/2019 11:01:56- DETALHADO -FO_Principal.AdicionaCenarios()
18/09/2019 11:01:56- DETALHADO -MD_Estimativa.MD_Estimativa()
18/09/2019 11:01:56- DETALHADO -MD_Cenario.MD_Cenario()
18/09/2019 11:01:56- DETALHADO -MD_Cenario.Load()
18/09/2019 11:01:56- DETALHADO -MD_Cenario.RetornaTodosCenarios()
18/09/2019 11:01:56- DETALHADO -MD_Estimativa.MD_Estimativa()
18/09/2019 11:01:56- DETALHADO -MD_Cenario.MD_Cenario()
18/09/2019 11:01:56- DETALHADO -MD_Cenario.Load()
18/09/2019 11:01:56- DETALHADO -MD_Status.MD_Status()
18/09/2019 11:01:56- DETALHADO -MD_Status.InserirPrincipais()
18/09/2019 11:01:56- DETALHADO -MD_Status.MD_Status()
18/09/2019 11:01:56- DETALHADO -MD_Status.Load()
18/09/2019 11:01:58- DETALHADO -FO_Principal.trv_projetos_AfterSelect()
18/09/2019 11:01:58- DETALHADO -FO_Principal.AbrePagina()
18/09/2019 11:01:58- DETALHADO -MD_Project.MD_Project()
18/09/2019 11:01:58- DETALHADO -MD_Project.MD_Project(codigo)
18/09/2019 11:01:58- DETALHADO -MD_Project.Load()
18/09/2019 11:01:58- DETALHADO -MD_Estimativa.MD_Estimativa()
18/09/2019 11:01:58- DETALHADO -MD_Estimativa.MD_Estimativa()
18/09/2019 11:01:58- DETALHADO -MD_Estimativa.Load()
18/09/2019 11:01:58- DETALHADO -UC_CadastroEstimativa.UC_CadastroEstimativa()
18/09/2019 11:01:58- DETALHADO -UC_CadastroEstimativa.IniciaUserControl()
18/09/2019 11:01:58- DETALHADO -UC_CadastroEstimativa.PopulaLabels()
18/09/2019 11:01:58- DETALHADO -Document.CalculaTempoTotalEstimativa()
18/09/2019 11:01:58- DETALHADO -UC_CadastroEstimativa.CarregaCampos()
18/09/2019 11:01:58- DETALHADO -FO_Principal.AbreJanela()
18/09/2019 11:01:58- DETALHADO -FO_Principal.FecharTela()
18/09/2019 11:01:58- DETALHADO -FO_Principal.trv_projetos_AfterSelect()
18/09/2019 11:01:58- DETALHADO -FO_Principal.AbrePagina()
18/09/2019 11:01:58- DETALHADO -FO_Principal.AbrirJanelaDeCadastro()
18/09/2019 11:01:58- DETALHADO -UC_CadastroEstimativa.UC_CadastroProjeto()
18/09/2019 11:01:58- DETALHADO -MD_Project.MD_Project()
18/09/2019 11:01:58- DETALHADO -MD_Project.MD_Project(codigo)
18/09/2019 11:01:58- DETALHADO -MD_Project.Load()
18/09/2019 11:01:58- DETALHADO -UC_CadastroEstimativa.IniciaUserControl()
18/09/2019 11:01:58- DETALHADO -UC_CadastroEstimativa.CarregaLabels()
18/09/2019 11:01:58- DETALHADO -UC_CadastroEstimativa.SetaEnableEntradas()
18/09/2019 11:01:58- DETALHADO -UC_CadastroEstimativa.CarregaBotoes()
18/09/2019 11:01:58- DETALHADO -FO_Principal.AbreJanela()
18/09/2019 11:01:58- DETALHADO -FO_Principal.FecharTela()
18/09/2019 11:01:59- DETALHADO -UC_CadastroProjeto.btn_geraRelCompleto_Click()
18/09/2019 11:01:59- DETALHADO -UC_CadastroProjeto.GeraRelatorio
18/09/2019 11:02:01- DETALHADO -FO_Agurade.FO_Agurade()
18/09/2019 11:02:01- DETALHADO -Document.CriaRelatorioCompleto
18/09/2019 11:02:01- DETALHADO -Document.CriaEstimativa
18/09/2019 11:02:01- DETALHADO -MD_Project.GetEstimativa()
18/09/2019 11:02:01- DETALHADO -MD_Estimativa.MD_Estimativa()
18/09/2019 11:02:01- DETALHADO -MD_Estimativa.MD_Estimativa()
18/09/2019 11:02:01- DETALHADO -MD_Estimativa.Load()
18/09/2019 11:02:07- DETALHADO -Document.CriaArquivoXML
18/09/2019 11:02:08- DETALHADO -MD_Project.GetEstimativa()
18/09/2019 11:02:08- DETALHADO -MD_Estimativa.MD_Estimativa()
18/09/2019 11:02:08- DETALHADO -MD_Estimativa.MD_Estimativa()
18/09/2019 11:02:08- DETALHADO -MD_Estimativa.Load()
18/09/2019 11:02:09- DETALHADO -Document.CriaTextoCopiarEstimativa()
18/09/2019 11:02:09- DETALHADO -MD_Project.GetEstimativa()
18/09/2019 11:02:09- DETALHADO -MD_Estimativa.MD_Estimativa()
18/09/2019 11:02:09- DETALHADO -MD_Estimativa.MD_Estimativa()
18/09/2019 11:02:09- DETALHADO -MD_Estimativa.Load()
18/09/2019 11:02:09- DETALHADO -Document.CalculaTempoTotalEstimativa()
18/09/2019 11:02:10- DETALHADO -MD_Project.GetCenarios()
18/09/2019 11:02:10- DETALHADO -MD_Estimativa.MD_Estimativa()
18/09/2019 11:02:10- DETALHADO -MD_Cenario.MD_Cenario()
18/09/2019 11:02:10- DETALHADO -MD_Cenario.Load()
18/09/2019 11:02:10- DETALHADO -MD_Status.MD_Status()
18/09/2019 11:02:10- DETALHADO -MD_Status.InserirPrincipais()
18/09/2019 11:02:10- DETALHADO -MD_Status.MD_Status()
18/09/2019 11:02:10- DETALHADO -MD_Status.Load()
18/09/2019 11:02:15- DETALHADO -Document.GetTextoCenario()
18/09/2019 11:02:15- DETALHADO -Document.MontaCSVCenario()
18/09/2019 11:02:41- DETALHADO -Document.CriarPdf()
18/09/2019 11:02:41- DETALHADO -D:\tester_documents\tester_documents\CaseMaker\bin\Debug\Tester_Documents -i "D:\tester_documents\tester_documents\CaseMaker\bin\Debug\TEMP\saida.xml" -o "C:\Users\Landix\Desktop" -c "D:\tester_documents\tester_documents\CaseMaker\bin\Debug\TEMP\file_json.json" -l
18/09/2019 11:02:41- SIMPLES -
18/09/2019 11:02:41- SIMPLES -
18/09/2019 11:02:41- SIMPLES -----------------------------------------------------------------------------------------------------------------------
18/09/2019 11:02:41- SIMPLES -Iniciando Programa
18/09/2019 11:02:41- SIMPLES -Arquivo de entrada: D:\tester_documents\tester_documents\CaseMaker\bin\Debug\TEMP\saida.xml
18/09/2019 11:02:41- SIMPLES -Diretório de saída: C:\Users\Landix\Desktop
18/09/2019 11:02:41- SIMPLES -Configuracao: D:\tester_documents\tester_documents\CaseMaker\bin\Debug\TEMP\file_json.json
18/09/2019 11:02:41- SIMPLES -Log: Detalhado
18/09/2019 11:02:41- DETALHADO -Program.CarregaConfiguracao
18/09/2019 11:02:41- DETALHADO -MD_PDFInformations.MD_PDFInformations()
18/09/2019 11:02:41- SIMPLES -Abrindo conexão. Banco: D:\tester_documents\tester_documents\CaseMaker\bin\Debug\BASE\pckdb.db3
18/09/2019 11:02:41- DETALHADO -MD_PDFInformations.MD_PDFInformations(codigo)
18/09/2019 11:02:41- DETALHADO -MD_PDFInformations.Load()
18/09/2019 11:02:41- DETALHADO -MD_PDFInformations.Insert()
18/09/2019 11:02:41- DETALHADO -MD_PDFInformations.VerificaExiste()
18/09/2019 11:02:41- DETALHADO -MD_PDFInformations.Update()
18/09/2019 11:02:41- DETALHADO -Configuração carregada com sucesso!
18/09/2019 11:02:41- DETALHADO -Program.Create
18/09/2019 11:02:41- DETALHADO -Documento_From_XML.GerarRelatorio
18/09/2019 11:02:41- DETALHADO -Documento.VerificaExisteFile
18/09/2019 11:02:41- DETALHADO -Documento.VerificaExisteDirectory
18/09/2019 11:02:41- DETALHADO -Documento.MontaHTMLTabulado
18/09/2019 11:02:41- DETALHADO -Documento.MontaImagemFromHtml
18/09/2019 11:02:41- DETALHADO -Documento.MontaImagemFromHtml
18/09/2019 11:02:41- DETALHADO -Documento.VerificaExisteFile
18/09/2019 11:02:42- DETALHADO -Documento.MontaHTMLTabulado
18/09/2019 11:02:42- DETALHADO -Documento.MontaImagemFromHtml
18/09/2019 11:02:42- DETALHADO -Documento.MontaImagemFromHtml
18/09/2019 11:02:42- DETALHADO -Documento.VerificaExisteFile
18/09/2019 11:02:42- DETALHADO -Documento.MontaHTMLTabulado
18/09/2019 11:02:42- DETALHADO -Documento.MontaImagemFromHtml
18/09/2019 11:02:42- DETALHADO -Documento.MontaImagemFromHtml
18/09/2019 11:02:42- DETALHADO -Documento.VerificaExisteFile
18/09/2019 11:02:42- DETALHADO -MD_PDFInformations.MD_PDFInformations()
18/09/2019 11:02:42- DETALHADO -MD_PDFInformations.MD_PDFInformations(codigo)
18/09/2019 11:02:42- DETALHADO -MD_PDFInformations.Load()
18/09/2019 11:02:42- DETALHADO -Documento.MontaPDFFromImages
18/09/2019 11:02:42- DETALHADO -Documento.VerificaExisteFile
18/09/2019 11:02:42- DETALHADO -Documento.VerificaExisteFile
18/09/2019 11:02:42- DETALHADO -Documento.VerificaExisteFile
18/09/2019 11:02:42- DETALHADO -MD_PDFInformations.MD_PDFInformations()
18/09/2019 11:02:42- DETALHADO -MD_PDFInformations.MD_PDFInformations(codigo)
18/09/2019 11:02:42- DETALHADO -MD_PDFInformations.Load()
18/09/2019 11:02:42- SIMPLES -Erro ao copiar o log. Erro: O acesso ao caminho 'C:\Program Files (x86)\CaseMaker\Log\log.log' foi negado.
18/09/2019 11:02:42- SIMPLES -Arquivo gerado com sucesso. C:\Users\Landix\Desktop\saida.pdf
18/09/2019 11:02:42- SIMPLES -Finalizando Programa
18/09/2019 11:02:42- SIMPLES -----------------------------------------------------------------------------------------------------------------------
18/09/2019 11:02:44- DETALHADO -Document.ExecutaFile()
18/09/2019 11:02:55- SIMPLES ---------------------------------------Finalizando sistema
