02/09/2019 07:42:21- SIMPLES -Abrindo conexão. Banco: C:\Program Files (x86)\CaseMaker\BASE\pckdb.db3
02/09/2019 07:42:21- SIMPLES ---------------------------------------Iniciando sistema
02/09/2019 07:42:21- DETALHADO -MD_Status.MD_Status()
02/09/2019 07:42:21- DETALHADO -MD_Status.InserirPrincipais()
02/09/2019 07:42:21- DETALHADO -MD_Status.MD_Status()
02/09/2019 07:42:21- DETALHADO -MD_Status.Load()
02/09/2019 07:42:21- DETALHADO -MD_Project.MD_Project()
02/09/2019 07:42:21- DETALHADO -MD_Project.MD_Project(codigo)
02/09/2019 07:42:21- DETALHADO -MD_Project.Load()
02/09/2019 07:42:21- DETALHADO -MD_Estimativa.MD_Estimativa()
02/09/2019 07:42:21- DETALHADO -MD_Estimativa.MD_Estimativa()
02/09/2019 07:42:21- DETALHADO -MD_Estimativa.Load()
02/09/2019 07:42:21- DETALHADO -MD_Estimativa.MD_Estimativa()
02/09/2019 07:42:21- SIMPLES -Problem on the sentence. Sentence: SELECT SISTEMA FROM MAKCENARIOS. Erro: SQL logic error
no such column: SISTEMA
02/09/2019 07:42:21- SIMPLES -Problem on the sentence. Sentence: SELECT SISTEMA FROM MAKCENARIOS. Erro: SQL logic error
no such column: SISTEMA
02/09/2019 07:42:21- DETALHADO -MD_Cenario.MD_Cenario()
02/09/2019 07:42:21- DETALHADO -MD_Cenario.Load()
02/09/2019 07:42:21- DETALHADO -MD_Anexos.MD_Anexos()
02/09/2019 07:42:21- DETALHADO -MD_Anexos.MD_Anexos(int codigo, MD_Cenario cenario)
02/09/2019 07:42:21- DETALHADO -MD_Anexos.Load()
02/09/2019 07:42:21- SIMPLES -Problem on the sentence. Sentence:  SELECT CODIGOANEXO, CODIGOCEN, TAREFA, NOMEFILE, DESCRICAOANEX FROM MAKANEXOS WHERE CODIGOANEXO = 0 AND CODIGOCEN 0 AND TAREFA = 0. Erro: SQL logic error
near "0": syntax error
02/09/2019 07:42:21- DETALHADO -MD_Status.InserirPrincipais()
02/09/2019 07:42:21- DETALHADO -FO_Principal.FO_Principal()
02/09/2019 07:42:21- DETALHADO -FO_Principal.IniciaForm()
02/09/2019 07:42:21- DETALHADO -FO_Principal.CarregaTreeView()
02/09/2019 07:42:21- DETALHADO -MD_Project.MD_Project()
02/09/2019 07:42:21- DETALHADO -MD_Project.MD_Project(codigo)
02/09/2019 07:42:21- DETALHADO -MD_Project.Load()
02/09/2019 07:42:21- DETALHADO -MD_Project.RetornaTodosProjetos()
02/09/2019 07:42:21- DETALHADO -MD_Project.MD_Project()
02/09/2019 07:42:21- DETALHADO -MD_Project.MD_Project(codigo)
02/09/2019 07:42:21- DETALHADO -MD_Project.Load()
02/09/2019 07:42:21- DETALHADO -FO_Principal.AdicionarEstimativas()
02/09/2019 07:42:21- DETALHADO -MD_Project.GetEstimativa()
02/09/2019 07:42:21- DETALHADO -MD_Estimativa.MD_Estimativa()
02/09/2019 07:42:21- DETALHADO -MD_Estimativa.MD_Estimativa()
02/09/2019 07:42:21- DETALHADO -MD_Estimativa.Load()
02/09/2019 07:42:21- DETALHADO -Document.CalculaTempoTotalEstimativa()
02/09/2019 07:42:21- DETALHADO -FO_Principal.AdicionaCenarios()
02/09/2019 07:42:21- DETALHADO -MD_Estimativa.MD_Estimativa()
02/09/2019 07:42:21- DETALHADO -MD_Cenario.MD_Cenario()
02/09/2019 07:42:21- DETALHADO -MD_Cenario.Load()
02/09/2019 07:42:21- DETALHADO -MD_Cenario.RetornaTodosCenarios()
02/09/2019 07:42:21- DETALHADO -MD_Estimativa.MD_Estimativa()
02/09/2019 07:42:21- DETALHADO -MD_Cenario.MD_Cenario()
02/09/2019 07:42:21- DETALHADO -MD_Cenario.Load()
02/09/2019 07:42:21- DETALHADO -MD_Status.MD_Status()
02/09/2019 07:42:21- DETALHADO -MD_Status.InserirPrincipais()
02/09/2019 07:42:21- DETALHADO -MD_Status.MD_Status()
02/09/2019 07:42:21- DETALHADO -MD_Status.Load()
02/09/2019 07:42:21- DETALHADO -MD_Project.MD_Project()
02/09/2019 07:42:21- DETALHADO -MD_Project.MD_Project(codigo)
02/09/2019 07:42:21- DETALHADO -MD_Project.Load()
02/09/2019 07:42:21- DETALHADO -FO_Principal.AdicionarEstimativas()
02/09/2019 07:42:21- DETALHADO -MD_Project.GetEstimativa()
02/09/2019 07:42:21- DETALHADO -MD_Estimativa.MD_Estimativa()
02/09/2019 07:42:21- DETALHADO -MD_Estimativa.MD_Estimativa()
02/09/2019 07:42:21- DETALHADO -MD_Estimativa.Load()
02/09/2019 07:42:21- DETALHADO -Document.CalculaTempoTotalEstimativa()
02/09/2019 07:42:21- DETALHADO -FO_Principal.AdicionaCenarios()
02/09/2019 07:42:21- DETALHADO -MD_Estimativa.MD_Estimativa()
02/09/2019 07:42:21- DETALHADO -MD_Cenario.MD_Cenario()
02/09/2019 07:42:21- DETALHADO -MD_Cenario.Load()
02/09/2019 07:42:21- DETALHADO -MD_Status.MD_Status()
02/09/2019 07:42:21- DETALHADO -MD_Status.InserirPrincipais()
02/09/2019 07:42:21- DETALHADO -MD_Status.MD_Status()
02/09/2019 07:42:21- DETALHADO -MD_Status.Load()
02/09/2019 07:42:21- DETALHADO -MD_Cenario.RetornaTodosCenarios()
02/09/2019 07:42:21- DETALHADO -MD_Estimativa.MD_Estimativa()
02/09/2019 07:42:21- DETALHADO -MD_Cenario.MD_Cenario()
02/09/2019 07:42:21- DETALHADO -MD_Cenario.Load()
02/09/2019 07:42:21- DETALHADO -MD_Status.MD_Status()
02/09/2019 07:42:21- DETALHADO -MD_Status.InserirPrincipais()
02/09/2019 07:42:21- DETALHADO -MD_Status.MD_Status()
02/09/2019 07:42:21- DETALHADO -MD_Status.Load()
02/09/2019 07:42:26- DETALHADO -FO_Principal.trv_projetos_AfterSelect()
02/09/2019 07:42:26- DETALHADO -FO_Principal.AbrePagina()
02/09/2019 07:42:26- DETALHADO -MD_Project.MD_Project()
02/09/2019 07:42:26- DETALHADO -MD_Project.MD_Project(codigo)
02/09/2019 07:42:26- DETALHADO -MD_Project.Load()
02/09/2019 07:42:26- DETALHADO -MD_Estimativa.MD_Estimativa()
02/09/2019 07:42:26- DETALHADO -MD_Cenario.MD_Cenario()
02/09/2019 07:42:26- DETALHADO -MD_Cenario.Load()
02/09/2019 07:42:26- DETALHADO -MD_Status.MD_Status()
02/09/2019 07:42:26- DETALHADO -MD_Status.InserirPrincipais()
02/09/2019 07:42:26- DETALHADO -MD_Status.MD_Status()
02/09/2019 07:42:26- DETALHADO -MD_Status.Load()
02/09/2019 07:42:26- DETALHADO -UC_CadastroCenarios.UC_CadastroCenarios()
02/09/2019 07:42:27- DETALHADO -UC_CadastroCenarios.CarregaForm()
02/09/2019 07:42:27- DETALHADO -UC_CadastroCenarios.PopulaLabels()
02/09/2019 07:42:27- DETALHADO -UC_CadastroCenarios.HabilitaCampos()
02/09/2019 07:42:27- DETALHADO -UC_CadastroCenarios.HabilitaBotoes()
02/09/2019 07:42:27- DETALHADO -UC_CadastroCenarios.CarregaComboStatus()
02/09/2019 07:42:27- DETALHADO -MD_Status.MD_Status()
02/09/2019 07:42:27- DETALHADO -MD_Status.InserirPrincipais()
02/09/2019 07:42:27- DETALHADO -MD_Status.MD_Status()
02/09/2019 07:42:27- DETALHADO -MD_Status.Load()
02/09/2019 07:42:27- DETALHADO -MD_Status.ComandoTodosStatus()
02/09/2019 07:42:27- DETALHADO -UC_CadastroCenarios.PreencheListView()
02/09/2019 07:42:27- DETALHADO -FO_Principal.AbreJanela()
02/09/2019 07:42:28- DETALHADO -FO_Principal.trv_projetos_AfterSelect()
02/09/2019 07:42:28- DETALHADO -FO_Principal.AbrePagina()
02/09/2019 07:42:29- DETALHADO -FO_Principal.trv_projetos_AfterSelect()
02/09/2019 07:42:29- DETALHADO -FO_Principal.AbrePagina()
02/09/2019 07:42:29- DETALHADO -FO_Principal.AbrirJanelaDeCadastro()
02/09/2019 07:42:29- DETALHADO -UC_CadastroEstimativa.UC_CadastroProjeto()
02/09/2019 07:42:29- DETALHADO -MD_Project.MD_Project()
02/09/2019 07:42:29- DETALHADO -MD_Project.MD_Project(codigo)
02/09/2019 07:42:29- DETALHADO -MD_Project.Load()
02/09/2019 07:42:29- DETALHADO -UC_CadastroEstimativa.IniciaUserControl()
02/09/2019 07:42:29- DETALHADO -UC_CadastroEstimativa.CarregaLabels()
02/09/2019 07:42:29- DETALHADO -UC_CadastroEstimativa.SetaEnableEntradas()
02/09/2019 07:42:29- DETALHADO -UC_CadastroEstimativa.CarregaBotoes()
02/09/2019 07:42:29- DETALHADO -FO_Principal.AbreJanela()
02/09/2019 07:42:30- DETALHADO -UC_CadastroEstimativa.btn_abrirFile_Click()
02/09/2019 07:42:30- DETALHADO -Document.ExecutaFile()
02/09/2019 07:42:35- SIMPLES ---------------------------------------Finalizando sistema
