03/09/2019 13:32:00- SIMPLES -Abrindo conexão. Banco: C:\Program Files (x86)\CaseMaker\BASE\pckdb.db3
03/09/2019 13:32:00- SIMPLES ---------------------------------------Iniciando sistema
03/09/2019 13:32:00- DETALHADO -MD_Status.MD_Status()
03/09/2019 13:32:00- DETALHADO -MD_Status.InserirPrincipais()
03/09/2019 13:32:00- DETALHADO -MD_Status.MD_Status()
03/09/2019 13:32:00- DETALHADO -MD_Status.Load()
03/09/2019 13:32:00- DETALHADO -MD_Project.MD_Project()
03/09/2019 13:32:00- DETALHADO -MD_Project.MD_Project(codigo)
03/09/2019 13:32:00- DETALHADO -MD_Project.Load()
03/09/2019 13:32:00- DETALHADO -MD_Estimativa.MD_Estimativa()
03/09/2019 13:32:00- DETALHADO -MD_Estimativa.MD_Estimativa()
03/09/2019 13:32:00- DETALHADO -MD_Estimativa.Load()
03/09/2019 13:32:01- DETALHADO -MD_Estimativa.MD_Estimativa()
03/09/2019 13:32:01- DETALHADO -MD_Cenario.MD_Cenario()
03/09/2019 13:32:01- DETALHADO -MD_Cenario.Load()
03/09/2019 13:32:01- DETALHADO -MD_Anexos.MD_Anexos()
03/09/2019 13:32:01- DETALHADO -MD_Anexos.MD_Anexos(int codigo, MD_Cenario cenario)
03/09/2019 13:32:01- DETALHADO -MD_Anexos.Load()
03/09/2019 13:32:01- SIMPLES -Problem on the sentence. Sentence:  SELECT CODIGOANEXO, CODIGOCEN, TAREFA, NOMEFILE, DESCRICAOANEX FROM MAKANEXOS WHERE CODIGOANEXO = 0 AND CODIGOCEN 0 AND TAREFA = 0. Erro: SQL logic error
near "0": syntax error
03/09/2019 13:32:01- DETALHADO -MD_Status.InserirPrincipais()
03/09/2019 13:32:01- DETALHADO -FO_Principal.FO_Principal()
03/09/2019 13:32:01- DETALHADO -FO_Principal.IniciaForm()
03/09/2019 13:32:01- DETALHADO -FO_Principal.CarregaTreeView()
03/09/2019 13:32:01- DETALHADO -MD_Project.MD_Project()
03/09/2019 13:32:01- DETALHADO -MD_Project.MD_Project(codigo)
03/09/2019 13:32:01- DETALHADO -MD_Project.Load()
03/09/2019 13:32:01- DETALHADO -MD_Project.RetornaTodosProjetos()
03/09/2019 13:32:01- DETALHADO -MD_Project.MD_Project()
03/09/2019 13:32:01- DETALHADO -MD_Project.MD_Project(codigo)
03/09/2019 13:32:01- DETALHADO -MD_Project.Load()
03/09/2019 13:32:01- DETALHADO -FO_Principal.AdicionarEstimativas()
03/09/2019 13:32:01- DETALHADO -MD_Project.GetEstimativa()
03/09/2019 13:32:01- DETALHADO -MD_Estimativa.MD_Estimativa()
03/09/2019 13:32:01- DETALHADO -MD_Estimativa.MD_Estimativa()
03/09/2019 13:32:01- DETALHADO -MD_Estimativa.Load()
03/09/2019 13:32:01- DETALHADO -Document.CalculaTempoTotalEstimativa()
03/09/2019 13:32:01- DETALHADO -FO_Principal.AdicionaCenarios()
03/09/2019 13:32:01- DETALHADO -MD_Estimativa.MD_Estimativa()
03/09/2019 13:32:01- DETALHADO -MD_Cenario.MD_Cenario()
03/09/2019 13:32:01- DETALHADO -MD_Cenario.Load()
03/09/2019 13:32:01- DETALHADO -MD_Cenario.RetornaTodosCenarios()
03/09/2019 13:32:01- DETALHADO -MD_Estimativa.MD_Estimativa()
03/09/2019 13:32:01- DETALHADO -MD_Cenario.MD_Cenario()
03/09/2019 13:32:01- DETALHADO -MD_Cenario.Load()
03/09/2019 13:32:01- DETALHADO -MD_Status.MD_Status()
03/09/2019 13:32:01- DETALHADO -MD_Status.InserirPrincipais()
03/09/2019 13:32:01- DETALHADO -MD_Status.MD_Status()
03/09/2019 13:32:01- DETALHADO -MD_Status.Load()
03/09/2019 13:32:01- DETALHADO -MD_Project.MD_Project()
03/09/2019 13:32:01- DETALHADO -MD_Project.MD_Project(codigo)
03/09/2019 13:32:01- DETALHADO -MD_Project.Load()
03/09/2019 13:32:01- DETALHADO -FO_Principal.AdicionarEstimativas()
03/09/2019 13:32:01- DETALHADO -MD_Project.GetEstimativa()
03/09/2019 13:32:01- DETALHADO -MD_Estimativa.MD_Estimativa()
03/09/2019 13:32:01- DETALHADO -MD_Estimativa.MD_Estimativa()
03/09/2019 13:32:01- DETALHADO -MD_Estimativa.Load()
03/09/2019 13:32:01- DETALHADO -Document.CalculaTempoTotalEstimativa()
03/09/2019 13:32:01- DETALHADO -FO_Principal.AdicionaCenarios()
03/09/2019 13:32:01- DETALHADO -MD_Estimativa.MD_Estimativa()
03/09/2019 13:32:01- DETALHADO -MD_Cenario.MD_Cenario()
03/09/2019 13:32:01- DETALHADO -MD_Cenario.Load()
03/09/2019 13:32:01- DETALHADO -MD_Status.MD_Status()
03/09/2019 13:32:01- DETALHADO -MD_Status.InserirPrincipais()
03/09/2019 13:32:01- DETALHADO -MD_Status.MD_Status()
03/09/2019 13:32:01- DETALHADO -MD_Status.Load()
03/09/2019 13:32:01- DETALHADO -MD_Cenario.RetornaTodosCenarios()
03/09/2019 13:32:01- DETALHADO -MD_Estimativa.MD_Estimativa()
03/09/2019 13:32:01- DETALHADO -MD_Cenario.MD_Cenario()
03/09/2019 13:32:01- DETALHADO -MD_Cenario.Load()
03/09/2019 13:32:01- DETALHADO -MD_Status.MD_Status()
03/09/2019 13:32:01- DETALHADO -MD_Status.InserirPrincipais()
03/09/2019 13:32:01- DETALHADO -MD_Status.MD_Status()
03/09/2019 13:32:01- DETALHADO -MD_Status.Load()
03/09/2019 13:32:05- DETALHADO -FO_Agurade.FO_Agurade()
