24/08/2019 15:35:11- SIMPLES -Abrindo conexão. Banco: D:\tester_documents\tester_documents\CaseMaker\Instalador\Files\BASE\pckdb.db3
24/08/2019 15:35:11- SIMPLES -Problem on the sentence. Sentence: SELECT 1 FROM LOGG. Erro: SQL logic error
no such table: LOGG
24/08/2019 15:35:12- SIMPLES -Erro no create: CREATE TABLE LOGG( TIPO_LOG CHAR(1) DEFAULT '0' NOT NULL, PRIMARY KEY(TIPO_LOG)). Erro: Não é possível acessar um objeto descartado.
Nome do objeto: 'SQLiteCommand'.
24/08/2019 15:35:12- SIMPLES -Erro no insert: INSERT INTO LOGG (TIPO_LOG) VALUES ('0'). Erro: Não é possível acessar um objeto descartado.
Nome do objeto: 'SQLiteCommand'.
24/08/2019 15:35:12- SIMPLES ---------------------------------------Iniciando sistema
24/08/2019 15:35:12- SIMPLES -Problem on the sentence. Sentence: SELECT 1 FROM MAKSTATUS. Erro: SQL logic error
no such table: MAKSTATUS
24/08/2019 15:35:12- SIMPLES -Problem on the sentence. Sentence: SELECT 1 FROM MAKSTATUS. Erro: SQL logic error
no such table: MAKSTATUS
24/08/2019 15:35:12- SIMPLES -Erro no create: CREATE TABLE MAKSTATUS (CODIGOSTAT  INTEGER  DEFAULT 0 NOT NULL , NOMESTAT  VARCHAR(50)  DEFAULT '' NOT NULL , ERRO  CHAR(1)  DEFAULT '0' NOT NULL ,  PRIMARY KEY ( CODIGOSTAT  )). Erro: Não é possível acessar um objeto descartado.
Nome do objeto: 'SQLiteCommand'.
24/08/2019 15:35:12- SIMPLES -Erro no execute: INSERT INTO LDXED (tab,field,type,size,prec,flags) VALUES ('MAKSTATUS', 'CODIGOSTAT','I',15,0,0). Erro: SQL logic error
no such table: LDXED
24/08/2019 15:35:12- SIMPLES -Erro no execute: INSERT INTO LDXED (tab,field,type,size,prec,flags) VALUES ('MAKSTATUS', 'NOMESTAT','C',50,0,0). Erro: SQL logic error
no such table: LDXED
24/08/2019 15:35:12- SIMPLES -Erro no execute: INSERT INTO LDXED (tab,field,type,size,prec,flags) VALUES ('MAKSTATUS', 'ERRO','C',1,0,0). Erro: SQL logic error
no such table: LDXED
24/08/2019 15:35:12- SIMPLES -Problem on the sentence. Sentence: SELECT 1 FROM MAKSTATUS. Erro: SQL logic error
no such table: MAKSTATUS
24/08/2019 15:35:12- SIMPLES -Problem on the sentence. Sentence: SELECT 1 FROM MAKSTATUS. Erro: SQL logic error
no such table: MAKSTATUS
24/08/2019 15:35:12- SIMPLES -Erro no execute: ALTER TABLE MAKSTATUS ADD CODIGOSTAT  INTEGER  DEFAULT 0 NOT NULL . Erro: SQL logic error
no such table: MAKSTATUS
24/08/2019 15:35:12- SIMPLES -Problem on the sentence. Sentence: SELECT 1 FROM MAKSTATUS WHERE CODIGOSTAT = 0. Erro: SQL logic error
no such table: MAKSTATUS
24/08/2019 15:35:12- SIMPLES -Erro no execute: INSERT INTO MAKSTATUS (CODIGOSTAT, NOMESTAT, ERRO) VALUES (0, 'Sucesso', '0'). Erro: SQL logic error
no such table: MAKSTATUS
24/08/2019 15:35:12- SIMPLES -Problem on the sentence. Sentence: SELECT 1 FROM MAKSTATUS WHERE CODIGOSTAT = 1. Erro: SQL logic error
no such table: MAKSTATUS
24/08/2019 15:35:12- SIMPLES -Erro no execute: INSERT INTO MAKSTATUS (CODIGOSTAT, NOMESTAT, ERRO) VALUES (1, 'Erro', '1'). Erro: SQL logic error
no such table: MAKSTATUS
24/08/2019 15:35:12- SIMPLES -Problem on the sentence. Sentence:  SELECT CODIGOSTAT, NOMESTAT, ERRO FROM MAKSTATUS WHERE CODIGOSTAT = 0. Erro: SQL logic error
no such table: MAKSTATUS
24/08/2019 15:35:12- SIMPLES -Problem on the sentence. Sentence: SELECT 1 FROM MAKDOCUMENTS. Erro: SQL logic error
no such table: MAKDOCUMENTS
24/08/2019 15:35:12- SIMPLES -Problem on the sentence. Sentence: SELECT 1 FROM MAKDOCUMENTS. Erro: SQL logic error
no such table: MAKDOCUMENTS
24/08/2019 15:35:12- SIMPLES -Erro no create: CREATE TABLE MAKDOCUMENTS (CODIGOPROJ  INTEGER  DEFAULT 0 NOT NULL , NOMEPROJ  VARCHAR(50)  DEFAULT '' NOT NULL , DESCRICAOPROJ  VARCHAR(5000)  DEFAULT '' NOT NULL , DATA_CRIACAO  INTEGER  DEFAULT 0 NOT NULL , TAREFA  INTEGER  DEFAULT 0 NOT NULL , DIR_RRM  VARCHAR(300)  DEFAULT '' NOT NULL , NOME_PROGRAMADOR  VARCHAR(100)  DEFAULT '' NOT NULL , NOME_ANALISTA  VARCHAR(100)  DEFAULT '' NOT NULL , NOME_TESTER  VARCHAR(100)  DEFAULT '' NOT NULL , TIPOPROJ  CHAR(1)  DEFAULT '0' NOT NULL , VERSAOSYSTEM  VARCHAR(100)  DEFAULT '00.00.00' NOT NULL , PRODUTO  CHAR(1)  DEFAULT '0' NOT NULL ,  PRIMARY KEY ( CODIGOPROJ , TAREFA  )). Erro: Não é possível acessar um objeto descartado.
Nome do objeto: 'SQLiteCommand'.
24/08/2019 15:35:12- SIMPLES -Erro no execute: INSERT INTO LDXED (tab,field,type,size,prec,flags) VALUES ('MAKDOCUMENTS', 'CODIGOPROJ','I',15,0,0). Erro: SQL logic error
no such table: LDXED
24/08/2019 15:35:12- SIMPLES -Erro no execute: INSERT INTO LDXED (tab,field,type,size,prec,flags) VALUES ('MAKDOCUMENTS', 'NOMEPROJ','C',50,0,0). Erro: SQL logic error
no such table: LDXED
24/08/2019 15:35:12- SIMPLES -Erro no execute: INSERT INTO LDXED (tab,field,type,size,prec,flags) VALUES ('MAKDOCUMENTS', 'DESCRICAOPROJ','C',5000,0,0). Erro: SQL logic error
no such table: LDXED
24/08/2019 15:35:12- SIMPLES -Erro no execute: INSERT INTO LDXED (tab,field,type,size,prec,flags) VALUES ('MAKDOCUMENTS', 'DATA_CRIACAO','I',0,0,0). Erro: SQL logic error
no such table: LDXED
24/08/2019 15:35:12- SIMPLES -Erro no execute: INSERT INTO LDXED (tab,field,type,size,prec,flags) VALUES ('MAKDOCUMENTS', 'TAREFA','I',0,0,0). Erro: SQL logic error
no such table: LDXED
24/08/2019 15:35:12- SIMPLES -Erro no execute: INSERT INTO LDXED (tab,field,type,size,prec,flags) VALUES ('MAKDOCUMENTS', 'DIR_RRM','C',300,0,0). Erro: SQL logic error
no such table: LDXED
24/08/2019 15:35:12- SIMPLES -Erro no execute: INSERT INTO LDXED (tab,field,type,size,prec,flags) VALUES ('MAKDOCUMENTS', 'NOME_PROGRAMADOR','C',100,0,0). Erro: SQL logic error
no such table: LDXED
24/08/2019 15:35:12- SIMPLES -Erro no execute: INSERT INTO LDXED (tab,field,type,size,prec,flags) VALUES ('MAKDOCUMENTS', 'NOME_ANALISTA','C',100,0,0). Erro: SQL logic error
no such table: LDXED
24/08/2019 15:35:12- SIMPLES -Erro no execute: INSERT INTO LDXED (tab,field,type,size,prec,flags) VALUES ('MAKDOCUMENTS', 'NOME_TESTER','C',100,0,0). Erro: SQL logic error
no such table: LDXED
24/08/2019 15:35:12- SIMPLES -Erro no execute: INSERT INTO LDXED (tab,field,type,size,prec,flags) VALUES ('MAKDOCUMENTS', 'TIPOPROJ','C',1,0,0). Erro: SQL logic error
no such table: LDXED
24/08/2019 15:35:12- SIMPLES -Erro no execute: INSERT INTO LDXED (tab,field,type,size,prec,flags) VALUES ('MAKDOCUMENTS', 'VERSAOSYSTEM','C',100,0,0). Erro: SQL logic error
no such table: LDXED
24/08/2019 15:35:12- SIMPLES -Erro no execute: INSERT INTO LDXED (tab,field,type,size,prec,flags) VALUES ('MAKDOCUMENTS', 'PRODUTO','C',1,0,0). Erro: SQL logic error
no such table: LDXED
24/08/2019 15:35:12- SIMPLES -Problem on the sentence. Sentence: SELECT 1 FROM MAKDOCUMENTS. Erro: SQL logic error
no such table: MAKDOCUMENTS
24/08/2019 15:35:12- SIMPLES -Problem on the sentence. Sentence: SELECT 1 FROM MAKDOCUMENTS. Erro: SQL logic error
no such table: MAKDOCUMENTS
24/08/2019 15:35:12- SIMPLES -Erro no execute: ALTER TABLE MAKDOCUMENTS ADD CODIGOPROJ  INTEGER  DEFAULT 0 NOT NULL . Erro: SQL logic error
no such table: MAKDOCUMENTS
24/08/2019 15:35:12- SIMPLES -Problem on the sentence. Sentence:  SELECT CODIGOPROJ, NOMEPROJ, DESCRICAOPROJ, DATA_CRIACAO, TAREFA, DIR_RRM, NOME_PROGRAMADOR, NOME_ANALISTA, NOME_TESTER, TIPOPROJ, VERSAOSYSTEM, PRODUTO FROM MAKDOCUMENTS WHERE CODIGOPROJ = 0 AND TAREFA = 0. Erro: SQL logic error
no such table: MAKDOCUMENTS
24/08/2019 15:35:12- SIMPLES -Problem on the sentence. Sentence: SELECT 1 FROM MAKESTIMATIVAS. Erro: SQL logic error
no such table: MAKESTIMATIVAS
24/08/2019 15:35:12- SIMPLES -Problem on the sentence. Sentence: SELECT 1 FROM MAKESTIMATIVAS. Erro: SQL logic error
no such table: MAKESTIMATIVAS
24/08/2019 15:35:12- SIMPLES -Erro no create: CREATE TABLE MAKESTIMATIVAS (CODIGOEST  INTEGER  DEFAULT 0 NOT NULL , TAREFA  INTEGER  DEFAULT 0 NOT NULL , TMLEITURA  VARCHAR(8)  DEFAULT '00:00:00' NOT NULL , TMPRBANCO  VARCHAR(8)  DEFAULT '00:00:00' NOT NULL , TMROTEIRO  VARCHAR(8)  DEFAULT '00:00:00' NOT NULL , TMINSTALAR  VARCHAR(8)  DEFAULT '00:00:00' NOT NULL , TMBANCO  VARCHAR(8)  DEFAULT '00:00:00' NOT NULL , TMCARGA  VARCHAR(8)  DEFAULT '00:00:00' NOT NULL , TMIMPEXP  VARCHAR(8)  DEFAULT '00:00:00' NOT NULL , TMSSUSTATION  VARCHAR(8)  DEFAULT '00:00:00' NOT NULL , TMSSILDXPROC  VARCHAR(8)  DEFAULT '00:00:00' NOT NULL , TMSSIMW  VARCHAR(8)  DEFAULT '00:00:00' NOT NULL , TMSSMAND  VARCHAR(8)  DEFAULT '00:00:00' NOT NULL , TMSSMWIN  VARCHAR(8)  DEFAULT '00:00:00' NOT NULL , TMIMPACTOS  VARCHAR(8)  DEFAULT '00:00:00' NOT NULL ,  PRIMARY KEY ( CODIGOEST , TAREFA  )). Erro: Não é possível acessar um objeto descartado.
Nome do objeto: 'SQLiteCommand'.
24/08/2019 15:35:12- SIMPLES -Erro no execute: INSERT INTO LDXED (tab,field,type,size,prec,flags) VALUES ('MAKESTIMATIVAS', 'CODIGOEST','I',15,0,0). Erro: SQL logic error
no such table: LDXED
24/08/2019 15:35:12- SIMPLES -Erro no execute: INSERT INTO LDXED (tab,field,type,size,prec,flags) VALUES ('MAKESTIMATIVAS', 'TAREFA','I',15,0,0). Erro: SQL logic error
no such table: LDXED
24/08/2019 15:35:12- SIMPLES -Erro no execute: INSERT INTO LDXED (tab,field,type,size,prec,flags) VALUES ('MAKESTIMATIVAS', 'TMLEITURA','C',8,0,0). Erro: SQL logic error
no such table: LDXED
24/08/2019 15:35:12- SIMPLES -Erro no execute: INSERT INTO LDXED (tab,field,type,size,prec,flags) VALUES ('MAKESTIMATIVAS', 'TMPRBANCO','C',8,0,0). Erro: SQL logic error
no such table: LDXED
24/08/2019 15:35:12- SIMPLES -Erro no execute: INSERT INTO LDXED (tab,field,type,size,prec,flags) VALUES ('MAKESTIMATIVAS', 'TMROTEIRO','C',8,0,0). Erro: SQL logic error
no such table: LDXED
24/08/2019 15:35:12- SIMPLES -Erro no execute: INSERT INTO LDXED (tab,field,type,size,prec,flags) VALUES ('MAKESTIMATIVAS', 'TMINSTALAR','C',8,0,0). Erro: SQL logic error
no such table: LDXED
24/08/2019 15:35:12- SIMPLES -Erro no execute: INSERT INTO LDXED (tab,field,type,size,prec,flags) VALUES ('MAKESTIMATIVAS', 'TMBANCO','C',8,0,0). Erro: SQL logic error
no such table: LDXED
24/08/2019 15:35:12- SIMPLES -Erro no execute: INSERT INTO LDXED (tab,field,type,size,prec,flags) VALUES ('MAKESTIMATIVAS', 'TMCARGA','C',8,0,0). Erro: SQL logic error
no such table: LDXED
24/08/2019 15:35:12- SIMPLES -Erro no execute: INSERT INTO LDXED (tab,field,type,size,prec,flags) VALUES ('MAKESTIMATIVAS', 'TMIMPEXP','C',8,0,0). Erro: SQL logic error
no such table: LDXED
24/08/2019 15:35:12- SIMPLES -Erro no execute: INSERT INTO LDXED (tab,field,type,size,prec,flags) VALUES ('MAKESTIMATIVAS', 'TMSSUSTATION','C',8,0,0). Erro: SQL logic error
no such table: LDXED
24/08/2019 15:35:12- SIMPLES -Erro no execute: INSERT INTO LDXED (tab,field,type,size,prec,flags) VALUES ('MAKESTIMATIVAS', 'TMSSILDXPROC','C',8,0,0). Erro: SQL logic error
no such table: LDXED
24/08/2019 15:35:12- SIMPLES -Erro no execute: INSERT INTO LDXED (tab,field,type,size,prec,flags) VALUES ('MAKESTIMATIVAS', 'TMSSIMW','C',8,0,0). Erro: SQL logic error
no such table: LDXED
24/08/2019 15:35:12- SIMPLES -Erro no execute: INSERT INTO LDXED (tab,field,type,size,prec,flags) VALUES ('MAKESTIMATIVAS', 'TMSSMAND','C',8,0,0). Erro: SQL logic error
no such table: LDXED
24/08/2019 15:35:12- SIMPLES -Erro no execute: INSERT INTO LDXED (tab,field,type,size,prec,flags) VALUES ('MAKESTIMATIVAS', 'TMSSMWIN','C',8,0,0). Erro: SQL logic error
no such table: LDXED
24/08/2019 15:35:12- SIMPLES -Erro no execute: INSERT INTO LDXED (tab,field,type,size,prec,flags) VALUES ('MAKESTIMATIVAS', 'TMIMPACTOS','C',8,0,0). Erro: SQL logic error
no such table: LDXED
24/08/2019 15:35:12- SIMPLES -Problem on the sentence. Sentence: SELECT 1 FROM MAKESTIMATIVAS. Erro: SQL logic error
no such table: MAKESTIMATIVAS
24/08/2019 15:35:12- SIMPLES -Problem on the sentence. Sentence: SELECT 1 FROM MAKESTIMATIVAS. Erro: SQL logic error
no such table: MAKESTIMATIVAS
24/08/2019 15:35:12- SIMPLES -Erro no execute: ALTER TABLE MAKESTIMATIVAS ADD CODIGOEST  INTEGER  DEFAULT 0 NOT NULL . Erro: SQL logic error
no such table: MAKESTIMATIVAS
24/08/2019 15:35:12- SIMPLES -Problem on the sentence. Sentence:  SELECT CODIGOEST, TAREFA, TMLEITURA, TMPRBANCO, TMROTEIRO, TMINSTALAR, TMBANCO, TMCARGA, TMIMPEXP, TMSSUSTATION, TMSSILDXPROC, TMSSIMW, TMSSMAND, TMSSMWIN, TMIMPACTOS FROM MAKESTIMATIVAS WHERE CODIGOEST = 0 AND TAREFA = 0. Erro: SQL logic error
no such table: MAKESTIMATIVAS
24/08/2019 15:35:12- SIMPLES -Problem on the sentence. Sentence: SELECT 1 FROM MAKCENARIOS. Erro: SQL logic error
no such table: MAKCENARIOS
24/08/2019 15:35:12- SIMPLES -Problem on the sentence. Sentence: SELECT 1 FROM MAKCENARIOS. Erro: SQL logic error
no such table: MAKCENARIOS
24/08/2019 15:35:12- SIMPLES -Erro no create: CREATE TABLE MAKCENARIOS (CODIGOCEN  INTEGER  DEFAULT 0 NOT NULL , TAREFA  INTEGER  DEFAULT 0 NOT NULL , REPARO  CHAR(1)  DEFAULT '0' NOT NULL , NUTAREFA  INTEGER  DEFAULT 0 NOT NULL , VERSAOSGBD  VARCHAR(25)  DEFAULT '0' NOT NULL , TIPOBANCO  CHAR(1)  DEFAULT '0' NOT NULL , BANCOUTIL  VARCHAR(50)  DEFAULT '' NOT NULL , ENTRADA  VARCHAR(3000)  DEFAULT '' NOT NULL , SAIDA  VARCHAR(3000)  DEFAULT '' NOT NULL , PASSOS  VARCHAR(3000)  DEFAULT '' NOT NULL , CODIGOSTAT  CHAR(1)  DEFAULT '0' NOT NULL , DATA_CRIACAO  INTEGER  DEFAULT 0 NOT NULL ,  PRIMARY KEY ( CODIGOCEN  )). Erro: Não é possível acessar um objeto descartado.
Nome do objeto: 'SQLiteCommand'.
24/08/2019 15:35:12- SIMPLES -Erro no execute: INSERT INTO LDXED (tab,field,type,size,prec,flags) VALUES ('MAKCENARIOS', 'CODIGOCEN','I',15,0,0). Erro: SQL logic error
no such table: LDXED
24/08/2019 15:35:12- SIMPLES -Erro no execute: INSERT INTO LDXED (tab,field,type,size,prec,flags) VALUES ('MAKCENARIOS', 'TAREFA','I',15,0,0). Erro: SQL logic error
no such table: LDXED
24/08/2019 15:35:12- SIMPLES -Erro no execute: INSERT INTO LDXED (tab,field,type,size,prec,flags) VALUES ('MAKCENARIOS', 'REPARO','C',1,0,0). Erro: SQL logic error
no such table: LDXED
24/08/2019 15:35:12- SIMPLES -Erro no execute: INSERT INTO LDXED (tab,field,type,size,prec,flags) VALUES ('MAKCENARIOS', 'NUTAREFA','I',15,0,0). Erro: SQL logic error
no such table: LDXED
24/08/2019 15:35:12- SIMPLES -Erro no execute: INSERT INTO LDXED (tab,field,type,size,prec,flags) VALUES ('MAKCENARIOS', 'VERSAOSGBD','C',25,0,0). Erro: SQL logic error
no such table: LDXED
24/08/2019 15:35:12- SIMPLES -Erro no execute: INSERT INTO LDXED (tab,field,type,size,prec,flags) VALUES ('MAKCENARIOS', 'TIPOBANCO','C',1,0,0). Erro: SQL logic error
no such table: LDXED
24/08/2019 15:35:12- SIMPLES -Erro no execute: INSERT INTO LDXED (tab,field,type,size,prec,flags) VALUES ('MAKCENARIOS', 'BANCOUTIL','C',50,0,0). Erro: SQL logic error
no such table: LDXED
24/08/2019 15:35:12- SIMPLES -Erro no execute: INSERT INTO LDXED (tab,field,type,size,prec,flags) VALUES ('MAKCENARIOS', 'ENTRADA','C',3000,0,0). Erro: SQL logic error
no such table: LDXED
24/08/2019 15:35:12- SIMPLES -Erro no execute: INSERT INTO LDXED (tab,field,type,size,prec,flags) VALUES ('MAKCENARIOS', 'SAIDA','C',3000,0,0). Erro: SQL logic error
no such table: LDXED
24/08/2019 15:35:12- SIMPLES -Erro no execute: INSERT INTO LDXED (tab,field,type,size,prec,flags) VALUES ('MAKCENARIOS', 'PASSOS','C',3000,0,0). Erro: SQL logic error
no such table: LDXED
24/08/2019 15:35:12- SIMPLES -Erro no execute: INSERT INTO LDXED (tab,field,type,size,prec,flags) VALUES ('MAKCENARIOS', 'CODIGOSTAT','C',1,0,0). Erro: SQL logic error
no such table: LDXED
24/08/2019 15:35:12- SIMPLES -Erro no execute: INSERT INTO LDXED (tab,field,type,size,prec,flags) VALUES ('MAKCENARIOS', 'DATA_CRIACAO','I',15,0,0). Erro: SQL logic error
no such table: LDXED
24/08/2019 15:35:12- SIMPLES -Problem on the sentence. Sentence: SELECT 1 FROM MAKCENARIOS. Erro: SQL logic error
no such table: MAKCENARIOS
24/08/2019 15:35:12- SIMPLES -Problem on the sentence. Sentence: SELECT 1 FROM MAKCENARIOS. Erro: SQL logic error
no such table: MAKCENARIOS
24/08/2019 15:35:12- SIMPLES -Erro no execute: ALTER TABLE MAKCENARIOS ADD CODIGOCEN  INTEGER  DEFAULT 0 NOT NULL . Erro: SQL logic error
no such table: MAKCENARIOS
24/08/2019 15:35:12- SIMPLES -Problem on the sentence. Sentence:  SELECT CODIGOCEN, TAREFA, REPARO, NUTAREFA, VERSAOSGBD, TIPOBANCO, BANCOUTIL, ENTRADA, SAIDA, PASSOS, CODIGOSTAT, DATA_CRIACAO FROM MAKCENARIOS WHERE CODIGOCEN = 0 AND TAREFA = 0. Erro: SQL logic error
no such table: MAKCENARIOS
24/08/2019 15:35:12- SIMPLES -Problem on the sentence. Sentence: SELECT 1 FROM MAKANEXOS. Erro: SQL logic error
no such table: MAKANEXOS
24/08/2019 15:35:12- SIMPLES -Problem on the sentence. Sentence: SELECT 1 FROM MAKANEXOS. Erro: SQL logic error
no such table: MAKANEXOS
24/08/2019 15:35:12- SIMPLES -Erro no create: CREATE TABLE MAKANEXOS (CODIGOANEXO  INTEGER  DEFAULT 0 NOT NULL , CODIGOCEN  INTEGER  DEFAULT 0 NOT NULL , TAREFA  INTEGER  DEFAULT 0 NOT NULL , NOMEFILE  VARCHAR(50)  DEFAULT '' NOT NULL , DESCRICAOANEX  VARCHAR(50)  DEFAULT '' NOT NULL ,  PRIMARY KEY ( CODIGOANEXO , CODIGOCEN , TAREFA  )). Erro: Não é possível acessar um objeto descartado.
Nome do objeto: 'SQLiteCommand'.
24/08/2019 15:35:12- SIMPLES -Erro no execute: INSERT INTO LDXED (tab,field,type,size,prec,flags) VALUES ('MAKANEXOS', 'CODIGOANEXO','I',15,0,0). Erro: SQL logic error
no such table: LDXED
24/08/2019 15:35:12- SIMPLES -Erro no execute: INSERT INTO LDXED (tab,field,type,size,prec,flags) VALUES ('MAKANEXOS', 'CODIGOCEN','I',15,0,0). Erro: SQL logic error
no such table: LDXED
24/08/2019 15:35:12- SIMPLES -Erro no execute: INSERT INTO LDXED (tab,field,type,size,prec,flags) VALUES ('MAKANEXOS', 'TAREFA','I',15,0,0). Erro: SQL logic error
no such table: LDXED
24/08/2019 15:35:12- SIMPLES -Erro no execute: INSERT INTO LDXED (tab,field,type,size,prec,flags) VALUES ('MAKANEXOS', 'NOMEFILE','C',50,0,0). Erro: SQL logic error
no such table: LDXED
24/08/2019 15:35:12- SIMPLES -Erro no execute: INSERT INTO LDXED (tab,field,type,size,prec,flags) VALUES ('MAKANEXOS', 'DESCRICAOANEX','C',50,0,0). Erro: SQL logic error
no such table: LDXED
24/08/2019 15:35:12- SIMPLES -Problem on the sentence. Sentence: SELECT 1 FROM MAKANEXOS. Erro: SQL logic error
no such table: MAKANEXOS
24/08/2019 15:35:12- SIMPLES -Problem on the sentence. Sentence: SELECT 1 FROM MAKANEXOS. Erro: SQL logic error
no such table: MAKANEXOS
24/08/2019 15:35:12- SIMPLES -Erro no execute: ALTER TABLE MAKANEXOS ADD CODIGOANEXO  INTEGER  DEFAULT 0 NOT NULL . Erro: SQL logic error
no such table: MAKANEXOS
24/08/2019 15:35:12- SIMPLES -Problem on the sentence. Sentence:  SELECT CODIGOANEXO, CODIGOCEN, TAREFA, NOMEFILE, DESCRICAOANEX FROM MAKANEXOS WHERE CODIGOANEXO = 0 AND CODIGOCEN 0 AND TAREFA = 0. Erro: SQL logic error
near "0": syntax error
24/08/2019 15:35:12- SIMPLES -Problem on the sentence. Sentence: SELECT 1 FROM MAKSTATUS WHERE CODIGOSTAT = 0. Erro: SQL logic error
no such table: MAKSTATUS
24/08/2019 15:35:12- SIMPLES -Erro no execute: INSERT INTO MAKSTATUS (CODIGOSTAT, NOMESTAT, ERRO) VALUES (0, 'Sucesso', '0'). Erro: SQL logic error
no such table: MAKSTATUS
24/08/2019 15:35:12- SIMPLES -Problem on the sentence. Sentence: SELECT 1 FROM MAKSTATUS WHERE CODIGOSTAT = 1. Erro: SQL logic error
no such table: MAKSTATUS
24/08/2019 15:35:12- SIMPLES -Erro no execute: INSERT INTO MAKSTATUS (CODIGOSTAT, NOMESTAT, ERRO) VALUES (1, 'Erro', '1'). Erro: SQL logic error
no such table: MAKSTATUS
24/08/2019 15:35:12- SIMPLES -Problem on the sentence. Sentence: SELECT 1 FROM MAKDOCUMENTS. Erro: SQL logic error
no such table: MAKDOCUMENTS
24/08/2019 15:35:12- SIMPLES -Problem on the sentence. Sentence: SELECT 1 FROM MAKDOCUMENTS. Erro: SQL logic error
no such table: MAKDOCUMENTS
24/08/2019 15:35:12- SIMPLES -Erro no create: CREATE TABLE MAKDOCUMENTS (CODIGOPROJ  INTEGER  DEFAULT 0 NOT NULL , NOMEPROJ  VARCHAR(50)  DEFAULT '' NOT NULL , DESCRICAOPROJ  VARCHAR(5000)  DEFAULT '' NOT NULL , DATA_CRIACAO  INTEGER  DEFAULT 0 NOT NULL , TAREFA  INTEGER  DEFAULT 0 NOT NULL , DIR_RRM  VARCHAR(300)  DEFAULT '' NOT NULL , NOME_PROGRAMADOR  VARCHAR(100)  DEFAULT '' NOT NULL , NOME_ANALISTA  VARCHAR(100)  DEFAULT '' NOT NULL , NOME_TESTER  VARCHAR(100)  DEFAULT '' NOT NULL , TIPOPROJ  CHAR(1)  DEFAULT '0' NOT NULL , VERSAOSYSTEM  VARCHAR(100)  DEFAULT '00.00.00' NOT NULL , PRODUTO  CHAR(1)  DEFAULT '0' NOT NULL ,  PRIMARY KEY ( CODIGOPROJ , TAREFA  )). Erro: Não é possível acessar um objeto descartado.
Nome do objeto: 'SQLiteCommand'.
24/08/2019 15:35:12- SIMPLES -Erro no execute: INSERT INTO LDXED (tab,field,type,size,prec,flags) VALUES ('MAKDOCUMENTS', 'CODIGOPROJ','I',15,0,0). Erro: SQL logic error
no such table: LDXED
24/08/2019 15:35:12- SIMPLES -Erro no execute: INSERT INTO LDXED (tab,field,type,size,prec,flags) VALUES ('MAKDOCUMENTS', 'NOMEPROJ','C',50,0,0). Erro: SQL logic error
no such table: LDXED
24/08/2019 15:35:12- SIMPLES -Erro no execute: INSERT INTO LDXED (tab,field,type,size,prec,flags) VALUES ('MAKDOCUMENTS', 'DESCRICAOPROJ','C',5000,0,0). Erro: SQL logic error
no such table: LDXED
24/08/2019 15:35:12- SIMPLES -Erro no execute: INSERT INTO LDXED (tab,field,type,size,prec,flags) VALUES ('MAKDOCUMENTS', 'DATA_CRIACAO','I',0,0,0). Erro: SQL logic error
no such table: LDXED
24/08/2019 15:35:12- SIMPLES -Erro no execute: INSERT INTO LDXED (tab,field,type,size,prec,flags) VALUES ('MAKDOCUMENTS', 'TAREFA','I',0,0,0). Erro: SQL logic error
no such table: LDXED
24/08/2019 15:35:12- SIMPLES -Erro no execute: INSERT INTO LDXED (tab,field,type,size,prec,flags) VALUES ('MAKDOCUMENTS', 'DIR_RRM','C',300,0,0). Erro: SQL logic error
no such table: LDXED
24/08/2019 15:35:12- SIMPLES -Erro no execute: INSERT INTO LDXED (tab,field,type,size,prec,flags) VALUES ('MAKDOCUMENTS', 'NOME_PROGRAMADOR','C',100,0,0). Erro: SQL logic error
no such table: LDXED
24/08/2019 15:35:12- SIMPLES -Erro no execute: INSERT INTO LDXED (tab,field,type,size,prec,flags) VALUES ('MAKDOCUMENTS', 'NOME_ANALISTA','C',100,0,0). Erro: SQL logic error
no such table: LDXED
24/08/2019 15:35:12- SIMPLES -Erro no execute: INSERT INTO LDXED (tab,field,type,size,prec,flags) VALUES ('MAKDOCUMENTS', 'NOME_TESTER','C',100,0,0). Erro: SQL logic error
no such table: LDXED
24/08/2019 15:35:12- SIMPLES -Erro no execute: INSERT INTO LDXED (tab,field,type,size,prec,flags) VALUES ('MAKDOCUMENTS', 'TIPOPROJ','C',1,0,0). Erro: SQL logic error
no such table: LDXED
24/08/2019 15:35:12- SIMPLES -Erro no execute: INSERT INTO LDXED (tab,field,type,size,prec,flags) VALUES ('MAKDOCUMENTS', 'VERSAOSYSTEM','C',100,0,0). Erro: SQL logic error
no such table: LDXED
24/08/2019 15:35:12- SIMPLES -Erro no execute: INSERT INTO LDXED (tab,field,type,size,prec,flags) VALUES ('MAKDOCUMENTS', 'PRODUTO','C',1,0,0). Erro: SQL logic error
no such table: LDXED
24/08/2019 15:35:12- SIMPLES -Problem on the sentence. Sentence: SELECT 1 FROM MAKDOCUMENTS. Erro: SQL logic error
no such table: MAKDOCUMENTS
24/08/2019 15:35:12- SIMPLES -Problem on the sentence. Sentence: SELECT 1 FROM MAKDOCUMENTS. Erro: SQL logic error
no such table: MAKDOCUMENTS
24/08/2019 15:35:12- SIMPLES -Erro no execute: ALTER TABLE MAKDOCUMENTS ADD CODIGOPROJ  INTEGER  DEFAULT 0 NOT NULL . Erro: SQL logic error
no such table: MAKDOCUMENTS
24/08/2019 15:35:12- SIMPLES -Problem on the sentence. Sentence:  SELECT CODIGOPROJ, NOMEPROJ, DESCRICAOPROJ, DATA_CRIACAO, TAREFA, DIR_RRM, NOME_PROGRAMADOR, NOME_ANALISTA, NOME_TESTER, TIPOPROJ, VERSAOSYSTEM, PRODUTO FROM MAKDOCUMENTS WHERE CODIGOPROJ = 0 AND TAREFA = 0. Erro: SQL logic error
no such table: MAKDOCUMENTS
24/08/2019 15:35:12- SIMPLES -Problem on the sentence. Sentence:  SELECT CODIGOPROJ, NOMEPROJ, DESCRICAOPROJ, DATA_CRIACAO, TAREFA, DIR_RRM, NOME_PROGRAMADOR, NOME_ANALISTA, NOME_TESTER, TIPOPROJ, VERSAOSYSTEM, PRODUTO FROM MAKDOCUMENTS. Erro: SQL logic error
no such table: MAKDOCUMENTS
